#
#model:
#
#<?xml version="1.0" encoding="UTF-8" standalone="no"?><input id="posterior" spec="beast.core.util.CompoundDistribution">
#    <distribution id="prior" spec="beast.core.util.CompoundDistribution">
#        <distribution id="CoalescentConstant.t:geo_structure" spec="beast.evolution.tree.coalescent.Coalescent">
#            <populationModel id="ConstantPopulation.t:geo_structure" spec="beast.evolution.tree.coalescent.ConstantPopulation">
#                <parameter id="popSize.t:geo_structure" name="popSize">0.3</parameter>
#            </populationModel>
#            <treeIntervals id="TreeIntervals.t:geo_structure" spec="beast.evolution.tree.coalescent.TreeIntervals">
#                <tree id="Tree.t:geo_structure">
#                    <trait id="dateTrait.t:geo_structure" spec="beast.evolution.tree.TraitSet" traitname="date-backward">
#                A0_0=0.0,
#A1_0=0.0,
#A2_0=0.0,
#A3_0=0.0,
#A4_0=0.0,
#A5_0=0.0,
#A6_0=0.0,
#A7_0=0.0,
#A8_0=0.0,
#A9_0=0.0,
#B0_1=1.0,
#B1_1=1.0,
#B2_1=1.0,
#B3_1=1.0,
#B4_1=1.0,
#B5_1=1.0,
#B6_1=1.0,
#B7_1=1.0,
#B8_1=1.0,
#B9_1=1.0,
#C0_2=2.0,
#C1_2=2.0,
#C2_2=2.0,
#C3_2=2.0,
#C4_2=2.0,
#C5_2=2.0,
#C6_2=2.0,
#C7_2=2.0,
#C8_2=2.0,
#C9_2=2.0,
#D0_3=3.0,
#D1_3=3.0,
#D2_3=3.0,
#D3_3=3.0,
#D4_3=3.0,
#D5_3=3.0,
#D6_3=3.0,
#D7_3=3.0,
#D8_3=3.0,
#D9_3=3.0,
#E0_4=4.0,
#E1_4=4.0,
#E2_4=4.0,
#E3_4=4.0,
#E4_4=4.0,
#E5_4=4.0,
#E6_4=4.0,
#E7_4=4.0,
#E8_4=4.0,
#E9_4=4.0                
#                                    <taxa id="TaxonSet.geo_structure" spec="beast.evolution.alignment.TaxonSet">
#                        </taxa>
#                    </trait>
#                    <taxonset idref="TaxonSet.geo_structure"/>
#                </tree>
#            </treeIntervals>
#        </distribution>
#        <prior id="ClockPrior.c:geo_structure" name="distribution">
#            <parameter id="clockRate.c:geo_structure" name="x">1.0</parameter>
#            <Uniform id="Uniform.0" name="distr" upper="Infinity"/>
#        </prior>
#        <prior id="PopSizePrior.t:geo_structure" name="distribution" x="@popSize.t:geo_structure">
#            <OneOnX id="OneOnX.0" name="distr"/>
#        </prior>
#        <distribution id="all_taxa.prior" spec="beast.math.distributions.MRCAPrior" tree="@Tree.t:geo_structure">
#            <taxonset id="all_taxa" spec="beast.evolution.alignment.TaxonSet">
#                <taxon id="A0_0" spec="beast.evolution.alignment.Taxon"/>
#                <taxon id="A1_0" spec="beast.evolution.alignment.Taxon"/>
#                <taxon id="A2_0" spec="beast.evolution.alignment.Taxon"/>
#                <taxon id="A3_0" spec="beast.evolution.alignment.Taxon"/>
#                <taxon id="A4_0" spec="beast.evolution.alignment.Taxon"/>
#                <taxon id="A5_0" spec="beast.evolution.alignment.Taxon"/>
#                <taxon id="A6_0" spec="beast.evolution.alignment.Taxon"/>
#                <taxon id="A7_0" spec="beast.evolution.alignment.Taxon"/>
#                <taxon id="A8_0" spec="beast.evolution.alignment.Taxon"/>
#                <taxon id="A9_0" spec="beast.evolution.alignment.Taxon"/>
#                <taxon id="B0_1" spec="beast.evolution.alignment.Taxon"/>
#                <taxon id="B1_1" spec="beast.evolution.alignment.Taxon"/>
#                <taxon id="B2_1" spec="beast.evolution.alignment.Taxon"/>
#                <taxon id="B3_1" spec="beast.evolution.alignment.Taxon"/>
#                <taxon id="B4_1" spec="beast.evolution.alignment.Taxon"/>
#                <taxon id="B5_1" spec="beast.evolution.alignment.Taxon"/>
#                <taxon id="B6_1" spec="beast.evolution.alignment.Taxon"/>
#                <taxon id="B7_1" spec="beast.evolution.alignment.Taxon"/>
#                <taxon id="B8_1" spec="beast.evolution.alignment.Taxon"/>
#                <taxon id="B9_1" spec="beast.evolution.alignment.Taxon"/>
#                <taxon id="C0_2" spec="beast.evolution.alignment.Taxon"/>
#                <taxon id="C1_2" spec="beast.evolution.alignment.Taxon"/>
#                <taxon id="C2_2" spec="beast.evolution.alignment.Taxon"/>
#                <taxon id="C3_2" spec="beast.evolution.alignment.Taxon"/>
#                <taxon id="C4_2" spec="beast.evolution.alignment.Taxon"/>
#                <taxon id="C5_2" spec="beast.evolution.alignment.Taxon"/>
#                <taxon id="C6_2" spec="beast.evolution.alignment.Taxon"/>
#                <taxon id="C7_2" spec="beast.evolution.alignment.Taxon"/>
#                <taxon id="C8_2" spec="beast.evolution.alignment.Taxon"/>
#                <taxon id="C9_2" spec="beast.evolution.alignment.Taxon"/>
#                <taxon id="D0_3" spec="beast.evolution.alignment.Taxon"/>
#                <taxon id="D1_3" spec="beast.evolution.alignment.Taxon"/>
#                <taxon id="D2_3" spec="beast.evolution.alignment.Taxon"/>
#                <taxon id="D3_3" spec="beast.evolution.alignment.Taxon"/>
#                <taxon id="D4_3" spec="beast.evolution.alignment.Taxon"/>
#                <taxon id="D5_3" spec="beast.evolution.alignment.Taxon"/>
#                <taxon id="D6_3" spec="beast.evolution.alignment.Taxon"/>
#                <taxon id="D7_3" spec="beast.evolution.alignment.Taxon"/>
#                <taxon id="D8_3" spec="beast.evolution.alignment.Taxon"/>
#                <taxon id="D9_3" spec="beast.evolution.alignment.Taxon"/>
#                <taxon id="E0_4" spec="beast.evolution.alignment.Taxon"/>
#                <taxon id="E1_4" spec="beast.evolution.alignment.Taxon"/>
#                <taxon id="E2_4" spec="beast.evolution.alignment.Taxon"/>
#                <taxon id="E3_4" spec="beast.evolution.alignment.Taxon"/>
#                <taxon id="E4_4" spec="beast.evolution.alignment.Taxon"/>
#                <taxon id="E5_4" spec="beast.evolution.alignment.Taxon"/>
#                <taxon id="E6_4" spec="beast.evolution.alignment.Taxon"/>
#                <taxon id="E7_4" spec="beast.evolution.alignment.Taxon"/>
#                <taxon id="E8_4" spec="beast.evolution.alignment.Taxon"/>
#                <taxon id="E9_4" spec="beast.evolution.alignment.Taxon"/>
#            </taxonset>
#            <LogNormal id="LogNormalDistributionModel.0" meanInRealSpace="true" name="distr" offset="95.0">
#                <parameter estimate="false" id="RealParameter.0" name="M">100.0</parameter>
#                <parameter estimate="false" id="RealParameter.01" lower="0.0" name="S" upper="5.0">1.25</parameter>
#            </LogNormal>
#        </distribution>
#    </distribution>
#</input>
#
Sample	posterior	likelihood	prior	treeLikelihood.geo_structure	TreeHeight.t:geo_structure	clockRate.c:geo_structure	popSize.t:geo_structure	CoalescentConstant.t:geo_structure	
0	-696.19514204442	NaN	-696.19514204442	NaN	190.1	1.0	0.3	-691.5311041653488	
1000	-118.88734291882389	NaN	-118.88734291882389	NaN	97.74477689348898	6.607477620810702	3.5915663216937697	-112.9226249791439	
2000	-138.52372157735397	NaN	-138.52372157735397	NaN	97.57432620035947	5.485283625389052	5.255060908452776	-132.12572497960636	
3000	-147.55648649037823	NaN	-147.55648649037823	NaN	98.62501866109295	20.590456580599252	5.735257320187201	-141.32179903117088	
4000	-152.8060142771525	NaN	-152.8060142771525	NaN	104.55298909010182	8.983841338668656	7.049763222255125	-146.6682613041537	
5000	-145.33130614521716	NaN	-145.33130614521716	NaN	107.38950993601216	38.05805773662049	6.246630914827929	-139.29363338200767	
6000	-160.08321361958937	NaN	-160.08321361958937	NaN	97.43567734746647	38.88807641454221	8.014981242620678	-153.21549240997362	
7000	-176.056503633271	NaN	-176.056503633271	NaN	98.32461937222428	69.59765537408764	9.973391177581393	-169.21223460588115	
8000	-192.0478252384083	NaN	-192.0478252384083	NaN	110.18490651657989	205.78386722196467	18.392397407828422	-184.88375238385512	
9000	-179.84283980929294	NaN	-179.84283980929294	NaN	103.04931731264304	279.9350668871455	10.904988092950251	-173.25897372377653	
10000	-175.3861783231361	NaN	-175.3861783231361	NaN	109.38395808473952	106.75245902935458	14.234830273627653	-168.49332570155374	
11000	-176.02818889857994	NaN	-176.02818889857994	NaN	115.7681231651068	131.11879043988793	14.030692832840993	-169.0114749250004	
12000	-191.07948964503416	NaN	-191.07948964503416	NaN	146.83409027461505	375.88300143273705	17.12781614037228	-183.1437252253014	
13000	-180.46308506725896	NaN	-180.46308506725896	NaN	102.71560000550916	561.0662852683631	12.004304190242488	-173.77783529283076	
14000	-192.41258404479458	NaN	-192.41258404479458	NaN	100.20284302133535	495.04531438650184	16.133654186115965	-185.32698606569116	
15000	-185.02326414948206	NaN	-185.02326414948206	NaN	103.45005668500232	510.0259110259868	14.790102376698803	-178.13937230161105	
16000	-194.26559098323935	NaN	-194.26559098323935	NaN	103.08583514705974	492.86747063198686	18.086494885547022	-187.17628250915652	
17000	-178.46943252440224	NaN	-178.46943252440224	NaN	97.96874213054224	1506.2504700389861	12.62860286292003	-171.3082070498474	
18000	-183.94632129427663	NaN	-183.94632129427663	NaN	113.52144674422861	550.1958301742228	16.655413740069466	-176.81049185687635	
19000	-186.31161847828068	NaN	-186.31161847828068	NaN	124.71195536393199	608.5541933954925	15.176403214958901	-178.99842287932128	
20000	-197.96455708624148	NaN	-197.96455708624148	NaN	125.64873998964154	1970.8610839938792	16.573859862867412	-190.5405160074576	
21000	-202.24110831736806	NaN	-202.24110831736806	NaN	102.58111688560275	1361.2449648021773	19.745955466411054	-195.05562092685352	
22000	-212.49624376369428	NaN	-212.49624376369428	NaN	98.36381405115189	2722.3192590583644	25.02462660136109	-204.73994255947787	
23000	-203.942312915388	NaN	-203.942312915388	NaN	101.07479602879464	2829.4019944194265	20.98168755310719	-196.6469994171166	
24000	-202.77359236461373	NaN	-202.77359236461373	NaN	146.5489131840413	4299.184484066934	18.643409395955924	-194.7589845148258	
25000	-213.0237325477029	NaN	-213.0237325477029	NaN	126.96350469910301	5334.89504818514	19.566682117400685	-205.4019107409775	
26000	-214.94774332343664	NaN	-214.94774332343664	NaN	99.06475034501946	23307.027105641453	28.24771806728034	-207.18581914645466	
27000	-223.99751668507204	NaN	-223.99751668507204	NaN	126.88624166916286	228858.37224586707	23.562915927635633	-216.19171070909604	
28000	-218.59378457251339	NaN	-218.59378457251339	NaN	113.17081816633382	7.107802149562071E9	25.362295270984447	-211.04535254836583	
29000	-231.70054613564275	NaN	-231.70054613564275	NaN	136.4412071795954	9.543354660321261E11	32.71024180527824	-223.34332280315328	
30000	-243.98300247971974	NaN	-243.98300247971974	NaN	115.84522677812235	6.1844958943831962E18	36.11359961916701	-236.0190309520497	
31000	-240.09731895261334	NaN	-240.09731895261334	NaN	104.26575527894933	1.296088675621703E21	50.169379052413184	-231.99676769393696	
32000	-242.68745481733825	NaN	-242.68745481733825	NaN	139.1554325769541	1.2525458887047203E24	27.513818552980272	-234.44254895532663	
33000	-251.46049749629387	NaN	-251.46049749629387	NaN	124.01964236012088	2.0823825941492996E25	59.64884903983415	-242.79544350518904	
34000	-248.5756225206493	NaN	-248.5756225206493	NaN	105.1527542345487	3.206853649673628E25	41.71739492206919	-240.65893686802133	
35000	-253.69063275817336	NaN	-253.69063275817336	NaN	105.11081104136787	5.406844057081526E27	51.13551938850309	-245.57052968631797	
36000	-268.6194260445865	NaN	-268.6194260445865	NaN	173.70564903355108	6.1643269378986346E29	78.58639898446754	-258.6534970892942	
37000	-262.142058032411	NaN	-262.142058032411	NaN	107.149487026635	6.53469089173519E30	51.222635459055574	-254.00332162720008	
38000	-272.52964778024904	NaN	-272.52964778024904	NaN	193.63921084941046	1.8834689023719937E34	81.17141829180363	-262.2110117347895	
39000	-267.4778550345309	NaN	-267.4778550345309	NaN	105.12042309363635	6.6321164994418244E35	104.46364386579859	-258.6433601840301	
40000	-263.90656229782223	NaN	-263.90656229782223	NaN	166.48686474535836	1.049212354966984E41	76.45068560589063	-254.09478343790695	
41000	-240.92539613474185	NaN	-240.92539613474185	NaN	125.524903330952	1.261109023840275E47	45.313075666488366	-232.49858970997084	
42000	-255.14808827770582	NaN	-255.14808827770582	NaN	109.28064738884424	5.707092957788677E49	58.49274372028823	-246.8438750887776	
43000	-255.05398190387194	NaN	-255.05398190387194	NaN	115.25727698299842	2.5163217976772113E52	54.89072782421096	-246.6852774165769	
44000	-263.4945424653003	NaN	-263.4945424653003	NaN	136.84971291595247	2.215077800428432E57	63.92307321311259	-254.4581125453244	
45000	-253.07460451490948	NaN	-253.07460451490948	NaN	120.76743562888166	1.485216201969611E58	48.9257012692461	-244.68737846932035	
46000	-288.2928340138659	NaN	-288.2928340138659	NaN	231.3152637568235	6.534508196945999E57	95.8543594035107	-277.2920267348467	
47000	-264.7199496888243	NaN	-264.7199496888243	NaN	98.49610998062302	1.423891580841254E58	58.782611820451656	-256.1350684515143	
48000	-283.92264858005706	NaN	-283.92264858005706	NaN	107.81951695625882	4.345299211809411E63	103.45129524496232	-275.07196710219785	
49000	-284.90869082561045	NaN	-284.90869082561045	NaN	276.7473266543188	1.2399510075990387E65	118.88246839974512	-273.1775980601011	
50000	-281.90952212774687	NaN	-281.90952212774687	NaN	129.19369233745778	1.5333537272746167E69	83.24988575706917	-272.78629022318245	
51000	-265.82071259648336	NaN	-265.82071259648336	NaN	110.65189114421324	3.8970093294048955E72	78.01052593137548	-257.20254413859533	
52000	-251.16351404293044	NaN	-251.16351404293044	NaN	99.84674908265936	1.8843392633817935E74	53.84805962444542	-242.843269961854	
53000	-252.82466367129211	NaN	-252.82466367129211	NaN	108.48591870282458	1.409610813902116E76	49.59344601951583	-244.69901154118045	
54000	-262.96976545280427	NaN	-262.96976545280427	NaN	131.75112925151387	1.5826374025442454E78	67.96616160897837	-253.98905146385195	
55000	-270.4676696026994	NaN	-270.4676696026994	NaN	232.3847799318705	1.1730379870315023E83	99.52718073149109	-259.41596947187173	
56000	-270.22565961031086	NaN	-270.22565961031086	NaN	129.67152247655096	1.9612791063002706E84	74.16770622502847	-261.2065988749805	
57000	-279.4267618547313	NaN	-279.4267618547313	NaN	117.90068074178077	6.570957480791805E85	76.72525584574403	-270.65971180474014	
58000	-288.8168682049745	NaN	-288.8168682049745	NaN	165.32685410354662	2.84847729115666E86	116.02310453313657	-278.6088857971339	
59000	-289.2840548690795	NaN	-289.2840548690795	NaN	185.27712852402632	3.1179883830417147E89	116.72450788933541	-278.7317546560972	
60000	-290.86898592091876	NaN	-290.86898592091876	NaN	126.98406929475054	7.945498306553974E90	102.66034380212578	-281.5890710418732	
61000	-307.36749917879894	NaN	-307.36749917879894	NaN	129.9808389956516	5.153973484325161E92	136.24548024125548	-297.7329822419226	
62000	-281.50965762648894	NaN	-281.50965762648894	NaN	122.94581668907756	9.88534084642013E96	96.82560997553908	-272.3864147532695	
63000	-268.811432381695	NaN	-268.811432381695	NaN	103.78273831760599	3.739017254285367E99	69.1337464949303	-260.38812332880275	
64000	-279.7959197872586	NaN	-279.7959197872586	NaN	135.2549966664638	7.639578489964226E102	87.45200931917694	-270.4822141560701	
65000	-288.3584035398463	NaN	-288.3584035398463	NaN	248.17845665689276	9.615378910945623E105	110.91643502421738	-277.0092209775913	
66000	-287.5711130629709	NaN	-287.5711130629709	NaN	98.18273104349022	1.999222866841081E110	109.84178147994965	-278.29752437793496	
67000	-287.4953856195144	NaN	-287.4953856195144	NaN	175.6863768482479	1.3667417934748732E113	105.96902105067394	-277.1968376364728	
68000	-282.5520901176186	NaN	-282.5520901176186	NaN	116.04080315389288	2.623453682064243E118	93.26985551667734	-273.63462709182835	
69000	-281.70287143418943	NaN	-281.70287143418943	NaN	98.78629550128916	5.6490050455536186E122	110.80467187984476	-272.53356312784126	
70000	-262.5590876893576	NaN	-262.5590876893576	NaN	119.36144609039756	3.993247080023303E125	66.40186859743905	-253.90090004147444	
71000	-257.61997051150945	NaN	-257.61997051150945	NaN	100.22922563613857	4.4280772396727216E126	44.0075475511717	-249.53289241475494	
72000	-257.1031056329734	NaN	-257.1031056329734	NaN	118.75316265383404	3.872488845212943E133	60.050436100862726	-248.56032966100912	
73000	-265.5141190263917	NaN	-265.5141190263917	NaN	98.56150999895074	6.401440139804708E136	72.44117158140628	-256.7321766016316	
74000	-268.31103991572223	NaN	-268.31103991572223	NaN	141.13912554946813	6.539710655226706E135	75.21051755702149	-259.0169862724914	
75000	-271.79479383566604	NaN	-271.79479383566604	NaN	232.53803742618314	6.110708724052162E144	72.27956757668804	-261.0610836018572	
76000	-269.51226218518127	NaN	-269.51226218518127	NaN	152.12062235926518	6.043810489357672E145	84.89255365088681	-259.8679647089463	
77000	-276.59792826530423	NaN	-276.59792826530423	NaN	165.83219915036955	1.672290279763707E147	87.1867215548214	-266.66653987740733	
78000	-273.45388925317934	NaN	-273.45388925317934	NaN	142.14209982359097	1.6838281155441166E154	78.80986415728695	-264.0913288491449	
79000	-261.96338184079565	NaN	-261.96338184079565	NaN	129.14014152749803	5.791984391322299E155	65.02984529921778	-253.0884241321931	
80000	-263.308555050774	NaN	-263.308555050774	NaN	157.92256793711417	1.7428615654043725E158	45.8213274908551	-254.1674618606413	
81000	-264.75377452202736	NaN	-264.75377452202736	NaN	157.44246864839266	8.325012147797516E156	62.504077182511324	-255.3113984145571	
82000	-257.5825959751547	NaN	-257.5825959751547	NaN	118.40617275325086	1.1989551383182394E159	55.69006298666875	-249.1236694405801	
83000	-259.18887364854817	NaN	-259.18887364854817	NaN	109.09181165878755	6.413011841459965E160	77.20393590031753	-250.6104423186953	
84000	-258.7634632871247	NaN	-258.7634632871247	NaN	112.9410157560146	5.4174792906089907E166	67.74636000968444	-250.23767242628782	
85000	-267.6666914449943	NaN	-267.6666914449943	NaN	127.10066595565026	8.950708673899142E169	75.89565853458086	-258.68603523800874	
86000	-268.56487528409116	NaN	-268.56487528409116	NaN	137.9430185206667	1.823612901189712E170	73.88623620815889	-259.3590799426901	
87000	-277.180954430897	NaN	-277.180954430897	NaN	111.8826469204101	2.6185413161135568E172	79.16003446702508	-268.5226270171219	
88000	-271.08683169253715	NaN	-271.08683169253715	NaN	117.27120175610393	4.8997640471175685E178	90.17572347865652	-262.17351844764147	
89000	-266.96594471715883	NaN	-266.96594471715883	NaN	129.22224510486103	5.675313611655133E181	63.42530841996784	-258.11401761689024	
90000	-269.88882672566564	NaN	-269.88882672566564	NaN	107.02003160127947	1.1718337518977104E184	94.80488337230821	-261.1360312976394	
91000	-280.8992808151648	NaN	-280.8992808151648	NaN	106.15846257496402	7.821783430511232E185	102.31106759057651	-272.07923580833034	
92000	-289.42686661315236	NaN	-289.42686661315236	NaN	124.90667914275704	7.304738943154041E188	119.82634744623137	-280.0426308448657	
93000	-288.4970260104635	NaN	-288.4970260104635	NaN	102.25448376709605	2.4332874949197443E194	79.0061565399521	-279.9176957048882	
94000	-290.55845498376027	NaN	-290.55845498376027	NaN	123.06482550251268	3.026545725153876E195	115.3044587910051	-281.25763482727183	
95000	-301.80422850711744	NaN	-301.80422850711744	NaN	124.45068565789998	1.0951076264025767E199	157.85758375009624	-292.155444746561	
96000	-318.56269894130617	NaN	-318.56269894130617	NaN	117.43292997742705	6.170422855358299E201	197.38557332816757	-308.8620716551119	
97000	-331.4592728514705	NaN	-331.4592728514705	NaN	160.24105122307947	2.663823617522784E203	258.04201404064514	-320.5458401085103	
98000	-337.02099510268016	NaN	-337.02099510268016	NaN	214.7577416080682	1.9677062539075792E205	288.3527358468518	-325.13339211062555	
99000	-317.7238111536165	NaN	-317.7238111536165	NaN	182.99659341266678	6.983641592525616E209	250.65612948660254	-306.44374010423763	
100000	-311.4548159136222	NaN	-311.4548159136222	NaN	130.40909780494502	1.3021787971310557E213	201.30607337007194	-301.41981085209306	
101000	-295.2258246485646	NaN	-295.2258246485646	NaN	104.34134650745878	6.0606956315404346E215	141.84120747488234	-286.0861314453276	
102000	-312.92002502501384	NaN	-312.92002502501384	NaN	118.42804983680315	6.038397542856734E217	182.01241896892387	-303.27629193421075	
103000	-312.5533891365784	NaN	-312.5533891365784	NaN	145.54661807721715	2.9373674088823007E221	182.07537163651605	-302.28085548979817	
104000	-304.6953386826872	NaN	-304.6953386826872	NaN	138.9398012506409	2.4263637200562327E230	173.17263683656478	-294.6156065189162	
105000	-286.5694686507968	NaN	-286.5694686507968	NaN	106.14147048779157	6.789555196835562E235	113.03538802402048	-277.64988687629665	
106000	-297.9806013655386	NaN	-297.9806013655386	NaN	139.92575403601433	6.619469101123326E238	121.41065155801347	-288.2342150343107	
107000	-275.4880634810335	NaN	-275.4880634810335	NaN	147.65495296433812	3.1583575399013356E241	74.23818112565372	-266.0686848176369	
108000	-276.36354538124505	NaN	-276.36354538124505	NaN	123.50696255894039	8.254209248319686E243	84.3856072958997	-267.36409096311	
109000	-276.5635746433523	NaN	-276.5635746433523	NaN	121.1389111694825	5.12102097692171E247	102.50153328978453	-267.42766021399467	
110000	-278.8319447642205	NaN	-278.8319447642205	NaN	155.81263380919404	2.5025081968937E252	98.80837691902659	-268.96309509524474	
111000	-279.5001747772507	NaN	-279.5001747772507	NaN	212.67166297860987	1.899424580488376E257	98.10315772698924	-268.719024654299	
112000	-279.9812269394229	NaN	-279.9812269394229	NaN	121.49695229268063	2.2919988788201946E258	95.123543903499	-270.91123008879686	
113000	-272.1422333047085	NaN	-272.1422333047085	NaN	99.46666984962721	1.448644624549985E262	89.44418110992535	-263.2767034161555	
114000	-277.9482170096269	NaN	-277.9482170096269	NaN	130.5521654055302	7.887769182368813E266	105.58014897722634	-268.5551937027238	
115000	-280.2900880852975	NaN	-280.2900880852975	NaN	160.06649520299555	1.7019436219419015E270	89.06461544418016	-270.4436997557553	
116000	-281.8153736815395	NaN	-281.8153736815395	NaN	113.43475749466054	1.216637163064718E273	74.87007994035496	-273.17849236701164	
117000	-285.443956946502	NaN	-285.443956946502	NaN	226.93967089618363	1.9047967117102026E274	107.84706970730812	-274.3803318417335	
118000	-270.33469268631	NaN	-270.33469268631	NaN	187.01287737030216	1.843015062484437E277	80.29434317553464	-260.1290738794499	
119000	-279.02927404876283	NaN	-279.02927404876283	NaN	213.89444868500132	1.308493014899899E279	90.35310397650733	-268.3138004343617	
120000	-266.34995098194815	NaN	-266.34995098194815	NaN	105.15164864385409	2.985405759454007E284	75.44986818144632	-257.84071899932167	
121000	-276.3736671020118	NaN	-276.3736671020118	NaN	114.10319534667478	1.1703148441760064E289	108.26101761174527	-267.3527078209561	
122000	-269.3157374194766	NaN	-269.3157374194766	NaN	236.24423692211212	1.7499092849871604E292	83.97796271105143	-258.38647888590515	
123000	-264.6017568616819	NaN	-264.6017568616819	NaN	98.10531760019748	8.290802951981423E293	57.58844186792791	-255.95630019579286	
124000	-277.11893333058134	NaN	-277.11893333058134	NaN	162.87287808434257	7.876677142836989E298	90.17228646981194	-267.2078885804537	
125000	-263.6109691860667	NaN	-263.6109691860667	NaN	141.8389534219576	1.3021172418005695E306	63.98200268801148	-254.4634037949595	
126000	-272.0744746177036	NaN	-272.0744746177036	NaN	150.28364193494585	3.173075580262438E307	90.4571680723354	-262.4036618344071	
127000	-274.39980552375664	NaN	-274.39980552375664	NaN	120.86009649359475	Infinity	99.64164931396044	-265.2990288951132	
128000	-263.4569962867901	NaN	-263.4569962867901	NaN	113.12616652803655	Infinity	57.94249885408487	-255.0833800740653	
129000	-266.6387098857765	NaN	-266.6387098857765	NaN	130.60204214448186	Infinity	80.99147905370214	-257.50963736278504	
130000	-270.2868777659183	NaN	-270.2868777659183	NaN	97.11441862835954	Infinity	77.60932619831664	-261.01825208402033	
131000	-256.8914541363342	NaN	-256.8914541363342	NaN	108.83023257610968	Infinity	73.87976673374841	-248.36152877586957	
132000	-248.85801506845795	NaN	-248.85801506845795	NaN	166.2800758015264	Infinity	49.88483267113634	-239.47688542861596	
133000	-259.8355311407575	NaN	-259.8355311407575	NaN	112.78642244754478	Infinity	59.64513811040968	-251.4405397511519	
134000	-274.11800695479667	NaN	-274.11800695479667	NaN	106.34420827628294	Infinity	126.26532758966685	-265.0859140205524	
135000	-244.34967511669868	NaN	-244.34967511669868	NaN	97.50655418331029	Infinity	43.37268429209988	-235.81834536456972	
136000	-245.37149260386482	NaN	-245.37149260386482	NaN	100.69706935952149	Infinity	46.89754177560127	-237.25175773638003	
137000	-255.74184384897964	NaN	-255.74184384897964	NaN	206.79925774273863	Infinity	53.26091676692617	-245.65279338273427	
138000	-258.5705285301124	NaN	-258.5705285301124	NaN	116.39096476410923	Infinity	58.92102970589431	-250.1039846234964	
139000	-238.58938670648888	NaN	-238.58938670648888	NaN	200.22217220133274	Infinity	36.713788276884294	-228.9664845826267	
140000	-258.4569188191158	NaN	-258.4569188191158	NaN	122.46546742838687	Infinity	62.5815082793843	-249.78188173067244	
141000	-242.3048625055255	NaN	-242.3048625055255	NaN	152.10073139439416	Infinity	48.294849986828105	-233.22502404771475	
142000	-251.70775513577627	NaN	-251.70775513577627	NaN	125.80327819859222	Infinity	51.7488959793226	-243.14139188966377	
143000	-257.35400828508085	NaN	-257.35400828508085	NaN	164.20769453548587	Infinity	59.91889876553373	-247.82718938573166	
144000	-242.10680068856146	NaN	-242.10680068856146	NaN	142.21932793397036	Infinity	43.99002050020922	-233.3256472984303	
145000	-248.30159605626645	NaN	-248.30159605626645	NaN	96.94170576647083	Infinity	47.99300692417171	-239.42878518164972	
146000	-256.309888062292	NaN	-256.309888062292	NaN	126.8709635738443	Infinity	59.382524147154825	-247.58012445520163	
147000	-260.9198861289748	NaN	-260.9198861289748	NaN	112.76616031515218	Infinity	57.228121407723656	-252.56671166256126	
148000	-264.30055993093396	NaN	-264.30055993093396	NaN	110.04298928505648	Infinity	56.16183231996866	-256.0229165337277	
149000	-252.71016686870902	NaN	-252.71016686870902	NaN	179.65288570909902	Infinity	55.432756741322045	-242.99346493358263	
150000	-254.46944213333848	NaN	-254.46944213333848	NaN	141.6647922678192	Infinity	54.352701520556174	-245.488759392952	
151000	-260.62163030386114	NaN	-260.62163030386114	NaN	107.56876354232551	Infinity	84.38799546873652	-251.97816037840644	
152000	-270.2245236027595	NaN	-270.2245236027595	NaN	122.32627976383998	Infinity	95.97646595898733	-261.1252641614916	
153000	-269.44756165246616	NaN	-269.44756165246616	NaN	108.35580961291161	Infinity	85.32516648934441	-260.7813796390197	
154000	-264.52043656337145	NaN	-264.52043656337145	NaN	117.70502408099111	Infinity	66.93302131111825	-255.8946776323692	
155000	-275.16695315841173	NaN	-275.16695315841173	NaN	113.52279371814399	Infinity	85.46894825571563	-266.3956752987357	
156000	-256.0231999464699	NaN	-256.0231999464699	NaN	162.53369570270718	Infinity	47.43208092782003	-246.760842706885	
157000	-268.4166158173029	NaN	-268.4166158173029	NaN	114.1375525937539	Infinity	69.04091877201446	-259.8447095810925	
158000	-267.45930118263203	NaN	-267.45930118263203	NaN	135.5526524896876	Infinity	67.42909811138541	-258.39883140388554	
159000	-256.67519386933617	NaN	-256.67519386933617	NaN	133.4059625069439	Infinity	73.62961905137368	-247.57597228989226	
160000	-255.0142296510753	NaN	-255.0142296510753	NaN	114.51915855691252	Infinity	53.92603514603077	-246.6805627672925	
161000	-259.8112529500657	NaN	-259.8112529500657	NaN	107.01955516723558	Infinity	49.590542175391	-251.706484019946	
162000	-261.6933818193127	NaN	-261.6933818193127	NaN	105.24868222738586	Infinity	74.39267947888867	-253.19788951162874	
163000	-266.9358550156326	NaN	-266.9358550156326	NaN	105.86727102674803	Infinity	60.052993648483856	-258.65092836966454	
164000	-264.7825600735531	NaN	-264.7825600735531	NaN	103.27782538164452	Infinity	56.971879768772716	-256.54825587201776	
165000	-276.57338728833395	NaN	-276.57338728833395	NaN	98.94191501759146	Infinity	88.77706544908924	-267.6491750397915	
166000	-292.88616062329004	NaN	-292.88616062329004	NaN	203.63594503440976	Infinity	140.1863395565237	-281.8741795168874	
167000	-307.1746232359562	NaN	-307.1746232359562	NaN	185.34957589135539	Infinity	153.66883089569265	-296.3461887500112	
168000	-291.54699189684413	NaN	-291.54699189684413	NaN	113.87214515660587	Infinity	142.7924562009223	-282.25449961376495	
169000	-280.6860278251565	NaN	-280.6860278251565	NaN	118.70047386601061	Infinity	100.45840930932951	-271.6299793198692	
170000	-292.6525386567807	NaN	-292.6525386567807	NaN	120.67805599410879	Infinity	150.32159838182625	-283.14503106405357	
171000	-299.45714863448865	NaN	-299.45714863448865	NaN	196.754990401594	Infinity	144.47256973604314	-288.5153008215956	
172000	-286.8697319334804	NaN	-286.8697319334804	NaN	105.89418054643704	Infinity	126.34116643920662	-277.8408480130452	
173000	-302.11470277337224	NaN	-302.11470277337224	NaN	148.25999812911257	Infinity	152.39283291962167	-291.96365154268193	
174000	-293.3429879336592	NaN	-293.3429879336592	NaN	150.0592931484664	Infinity	123.73595944867932	-283.3634534959263	
175000	-270.424369559629	NaN	-270.424369559629	NaN	111.56723362910688	Infinity	69.58224665154646	-261.9017083765609	
176000	-265.1731897358587	NaN	-265.1731897358587	NaN	131.0345592751308	Infinity	50.551461630898565	-256.5052909847208	
177000	-263.41372285410966	NaN	-263.41372285410966	NaN	133.7964317177598	Infinity	72.29787585779816	-254.3237431262842	
178000	-265.082134233695	NaN	-265.082134233695	NaN	97.58074387115322	Infinity	63.6070620977199	-256.19269952716695	
179000	-270.60627197826295	NaN	-270.60627197826295	NaN	127.89733424033876	Infinity	73.7978010915369	-261.6345096089595	
180000	-263.13176276085994	NaN	-263.13176276085994	NaN	115.35444569945531	Infinity	60.319353227266475	-254.66645436038132	
181000	-249.30459125825385	NaN	-249.30459125825385	NaN	105.61439550321286	Infinity	55.092393047534586	-241.1075765166861	
182000	-251.7240692469341	NaN	-251.7240692469341	NaN	107.98560305747827	Infinity	60.34656076907401	-243.40994629151015	
183000	-235.438935819602	NaN	-235.438935819602	NaN	97.9032356203363	Infinity	37.0022805045586	-227.18578133896793	
184000	-241.70631994311512	NaN	-241.70631994311512	NaN	103.32323107932449	Infinity	45.439230247974805	-233.6987057202709	
185000	-237.75104396400548	NaN	-237.75104396400548	NaN	131.77046037443603	Infinity	36.127029747270555	-229.40184660807557	
186000	-238.68622822759974	NaN	-238.68622822759974	NaN	125.69983514432482	Infinity	41.10781338893346	-230.3525769090765	
187000	-248.24562134464995	NaN	-248.24562134464995	NaN	99.65698872922891	Infinity	54.780837226394	-239.8902316816515	
188000	-259.03732949754254	NaN	-259.03732949754254	NaN	105.05047768658842	Infinity	53.765861158104464	-250.86725549208404	
189000	-252.26953287087875	NaN	-252.26953287087875	NaN	96.55404721684934	Infinity	60.11586102837598	-242.92788934880863	
190000	-266.0771032455289	NaN	-266.0771032455289	NaN	198.9669471705309	Infinity	59.001350238381185	-255.9981395774442	
191000	-262.67129285538965	NaN	-262.67129285538965	NaN	129.2485931635581	Infinity	52.92624845003732	-253.99970286870936	
192000	-265.260036337806	NaN	-265.260036337806	NaN	105.30785825760233	Infinity	80.2995968100442	-256.6878841716948	
193000	-266.26966580462516	NaN	-266.26966580462516	NaN	114.87858979709262	Infinity	93.85237385894376	-257.37349164528047	
194000	-259.35001001005173	NaN	-259.35001001005173	NaN	139.28134378848094	Infinity	73.75085335362506	-250.11631584969393	
195000	-276.87725451207626	NaN	-276.87725451207626	NaN	118.07750198488343	Infinity	71.77303928803099	-268.17262614189065	
196000	-263.4450713888708	NaN	-263.4450713888708	NaN	96.47987117644948	Infinity	64.68082942903467	-253.97248628315234	
197000	-257.2560411888008	NaN	-257.2560411888008	NaN	140.33440079513363	Infinity	51.98054222633912	-248.34899242725157	
198000	-253.67488458153764	NaN	-253.67488458153764	NaN	157.61313485766425	Infinity	56.97412967977193	-244.32186904242263	
199000	-241.33392504111475	NaN	-241.33392504111475	NaN	103.94677683460897	Infinity	48.693068792824455	-233.2620623872569	
200000	-245.89046094020125	NaN	-245.89046094020125	NaN	107.21627234165616	Infinity	44.33030470995972	-237.89540040866973	
201000	-243.26824314873738	NaN	-243.26824314873738	NaN	171.2231309814993	Infinity	40.06960802375471	-234.01872922982548	
202000	-234.07585933509057	NaN	-234.07585933509057	NaN	108.0227630960459	Infinity	40.929617690493664	-226.14943069782768	
203000	-230.67005000122927	NaN	-230.67005000122927	NaN	99.58507819869241	Infinity	27.48055762778767	-222.9972432271736	
204000	-234.88132736298584	NaN	-234.88132736298584	NaN	113.9372479579479	Infinity	36.264080018242694	-226.95790529757642	
205000	-231.43622574462765	NaN	-231.43622574462765	NaN	110.27784863533189	Infinity	36.292994274128816	-223.5906615701788	
206000	-236.68897018707182	NaN	-236.68897018707182	NaN	104.68173704523025	Infinity	42.613721557725434	-228.7520167128218	
207000	-232.74696749448356	NaN	-232.74696749448356	NaN	108.35003074849533	Infinity	42.13661418725822	-224.7864293588438	
208000	-246.45617154709524	NaN	-246.45617154709524	NaN	162.67095703968346	Infinity	41.661654829539785	-237.32099510664372	
209000	-244.1986109611335	NaN	-244.1986109611335	NaN	110.15181070662553	Infinity	40.08596429233363	-236.256088512108	
210000	-257.28778779929564	NaN	-257.28778779929564	NaN	286.8795683572908	Infinity	48.42145550965207	-246.35182622335057	
211000	-263.05269002105746	NaN	-263.05269002105746	NaN	172.74910880724505	Infinity	57.98598216142071	-253.40717839994196	
212000	-266.103813498397	NaN	-266.103813498397	NaN	143.26202622843388	Infinity	63.029275670135895	-256.9405974858187	
213000	-256.51565309831244	NaN	-256.51565309831244	NaN	112.6503545691662	Infinity	49.87937029252936	-248.30248053845017	
214000	-254.34112098698293	NaN	-254.34112098698293	NaN	121.3533020757725	Infinity	68.10115406585045	-245.6088304633116	
215000	-245.68379595977936	NaN	-245.68379595977936	NaN	113.48415439056312	Infinity	41.72785035055766	-237.63037988917515	
216000	-258.9779721616369	NaN	-258.9779721616369	NaN	121.88878202971819	Infinity	49.808198927598106	-250.54536175545925	
217000	-275.27731467296485	NaN	-275.27731467296485	NaN	230.75057455096288	Infinity	52.04594850053615	-264.8942546205693	
218000	-264.7409010911799	NaN	-264.7409010911799	NaN	129.73522458788503	Infinity	62.19875434125052	-255.89632411121258	
219000	-266.7901509028618	NaN	-266.7901509028618	NaN	222.42774575268882	Infinity	64.68240900728661	-256.2957286015208	
220000	-279.80862781499957	NaN	-279.80862781499957	NaN	280.9018332880085	Infinity	67.71264565654434	-268.59768996335686	
221000	-273.54004692224925	NaN	-273.54004692224925	NaN	131.66443827462896	Infinity	83.25598779175799	-264.3584505622965	
222000	-282.35114797242136	NaN	-282.35114797242136	NaN	122.84567669995039	Infinity	101.99980951166737	-273.1782972003497	
223000	-261.22059155256903	NaN	-261.22059155256903	NaN	98.67561033289871	Infinity	65.0091578682403	-252.5665828148618	
224000	-282.3465389249496	NaN	-282.3465389249496	NaN	209.11165970245446	Infinity	107.27772434524185	-271.524965953975	
225000	-315.0030401695825	NaN	-315.0030401695825	NaN	164.17579178078705	Infinity	155.51207669734126	-304.52307277668837	
226000	-286.459522616309	NaN	-286.459522616309	NaN	238.9939307556218	Infinity	99.32425367577352	-275.32912777392045	
227000	-289.1113212910084	NaN	-289.1113212910084	NaN	146.93727261441106	Infinity	115.15810348625413	-279.2678067952544	
228000	-306.9258688609112	NaN	-306.9258688609112	NaN	97.89337257380001	Infinity	170.535608990634	-297.14214215274166	
229000	-315.13591216310147	NaN	-315.13591216310147	NaN	153.21424743709295	Infinity	187.07742946228925	-304.6797130991234	
230000	-330.6641492933494	NaN	-330.6641492933494	NaN	106.75584399213557	Infinity	268.64266021891007	-320.87283710192963	
231000	-325.3672810935394	NaN	-325.3672810935394	NaN	146.18144503633664	Infinity	263.3968961165904	-314.7121846955066	
232000	-317.5166956568421	NaN	-317.5166956568421	NaN	188.97236045859222	Infinity	206.78171246248658	-306.3344845912467	
233000	-340.8676225322542	NaN	-340.8676225322542	NaN	333.1497701947976	Infinity	266.0886758733573	-327.79868829850113	
234000	-339.0229712145713	NaN	-339.0229712145713	NaN	297.00730482773264	Infinity	279.5561773189754	-326.2342956415627	
235000	-341.7604516888566	NaN	-341.7604516888566	NaN	428.7826999222701	Infinity	266.9808627880877	-327.95783512928233	
236000	-309.55221493989814	NaN	-309.55221493989814	NaN	101.43084462517041	Infinity	183.29554195302248	-300.10508234362123	
237000	-331.7725322123788	NaN	-331.7725322123788	NaN	198.18490813721738	Infinity	297.3844884138104	-320.08759838874164	
238000	-323.1113924497156	NaN	-323.1113924497156	NaN	129.73112067898307	Infinity	198.45617562686672	-313.1066794119177	
239000	-319.4872148517199	NaN	-319.4872148517199	NaN	156.54986482331495	Infinity	182.82221376298116	-308.98874755797226	
240000	-322.2633152882852	NaN	-322.2633152882852	NaN	158.76088283342293	Infinity	209.14079872614124	-311.5879795443759	
241000	-310.57008436711214	NaN	-310.57008436711214	NaN	146.66396321428775	Infinity	170.01785145797749	-300.3426655782509	
242000	-302.39710454429894	NaN	-302.39710454429894	NaN	207.83460915550347	Infinity	121.29287602291257	-291.4705362966125	
243000	-315.6772129238007	NaN	-315.6772129238007	NaN	162.08376684218976	Infinity	240.3327133683108	-304.80046344520906	
244000	-332.3092349453658	NaN	-332.3092349453658	NaN	227.07162219474526	Infinity	311.75383337675567	-320.1824331411682	
245000	-331.1292296415341	NaN	-331.1292296415341	NaN	329.2318618878536	Infinity	243.34639473089493	-318.1836457128109	
246000	-327.8612178313734	NaN	-327.8612178313734	NaN	301.9266678154878	Infinity	249.55884210625726	-315.1389472212923	
247000	-304.140146952944	NaN	-304.140146952944	NaN	172.46276273875745	Infinity	131.3172489731737	-293.68215641495175	
248000	-311.7922677316066	NaN	-311.7922677316066	NaN	226.85696147830944	Infinity	134.91863204395747	-300.50573667359214	
249000	-313.39595845630424	NaN	-313.39595845630424	NaN	186.49620369865679	Infinity	207.24925694900344	-302.25025305895923	
250000	-285.50495934783453	NaN	-285.50495934783453	NaN	105.95614243248934	Infinity	109.7434569882582	-276.6164453348668	
251000	-269.19328237736283	NaN	-269.19328237736283	NaN	101.65012126966326	Infinity	101.09460371543537	-260.3494233399693	
252000	-284.53673285689354	NaN	-284.53673285689354	NaN	243.17343602232822	Infinity	82.75380258877223	-273.5390008850166	
253000	-289.2573758999989	NaN	-289.2573758999989	NaN	127.32205174413399	Infinity	107.60325009957972	-279.9223019921411	
254000	-292.9266470631118	NaN	-292.9266470631118	NaN	108.36325972943781	Infinity	115.1077592752569	-283.96094770136443	
255000	-297.85713871842717	NaN	-297.85713871842717	NaN	142.1586110091162	Infinity	111.99463571278734	-288.14280873298185	
256000	-302.9092267226642	NaN	-302.9092267226642	NaN	112.26437539364764	Infinity	158.3399335046109	-293.5493836407218	
257000	-317.0482997301658	NaN	-317.0482997301658	NaN	173.56501523347055	Infinity	200.11682211190987	-306.1500756548601	
258000	-315.413580843139	NaN	-315.413580843139	NaN	164.51018748169935	Infinity	210.76246378148429	-304.62350149960184	
259000	-322.53928982610313	NaN	-322.53928982610313	NaN	207.69943227003412	Infinity	196.80383656822315	-311.13061245417714	
260000	-331.26530840649826	NaN	-331.26530840649826	NaN	273.5549065639984	Infinity	287.08015123581976	-318.6858469317745	
261000	-333.1446622076866	NaN	-333.1446622076866	NaN	583.7822088959463	Infinity	283.41470342260135	-318.3693810391006	
262000	-322.93988078224453	NaN	-322.93988078224453	NaN	192.89094471989497	Infinity	229.79206861519603	-311.59196996425914	
263000	-314.1735203744265	NaN	-314.1735203744265	NaN	106.7866190552	Infinity	144.7876859754462	-304.99998010649296	
264000	-313.77242731074705	NaN	-313.77242731074705	NaN	103.61109219668025	Infinity	179.54446047223664	-304.39349414184875	
265000	-333.967096483659	NaN	-333.967096483659	NaN	460.7912455264746	Infinity	272.6334048724763	-319.93284698632186	
266000	-301.43210144412967	NaN	-301.43210144412967	NaN	305.20576808589806	Infinity	128.60417243248153	-289.3418062701784	
267000	-294.55657199024085	NaN	-294.55657199024085	NaN	109.24805845593991	Infinity	107.55501941934426	-285.643838504704	
268000	-280.7937631047353	NaN	-280.7937631047353	NaN	126.37373219202134	Infinity	96.89253685601288	-271.5863969441993	
269000	-268.76149808584387	NaN	-268.76149808584387	NaN	159.0338566084519	Infinity	84.64499839481888	-258.9855205149765	
270000	-245.16311683976244	NaN	-245.16311683976244	NaN	106.37166663893183	Infinity	38.53731924009382	-237.31752156802492	
271000	-258.0769553690777	NaN	-258.0769553690777	NaN	99.73783697328687	Infinity	64.43813641751701	-249.56707045729698	
272000	-272.35057636576295	NaN	-272.35057636576295	NaN	203.92526657274868	Infinity	76.94805998836999	-261.9343043634988	
273000	-252.2010729229633	NaN	-252.2010729229633	NaN	117.36187398159684	Infinity	63.94112415791815	-243.62936277170004	
274000	-244.30514959028565	NaN	-244.30514959028565	NaN	136.197362762908	Infinity	52.090246304031254	-235.48815075919214	
275000	-251.3465744533786	NaN	-251.3465744533786	NaN	169.89184062482775	Infinity	36.681943132543374	-242.20866303000383	
276000	-269.10646826122473	NaN	-269.10646826122473	NaN	127.44030374210574	Infinity	63.66029067622227	-260.29344181676396	
277000	-271.6136628574204	NaN	-271.6136628574204	NaN	109.30152525993081	Infinity	84.30727617444303	-262.9435118794543	
278000	-274.3658279193019	NaN	-274.3658279193019	NaN	114.42117884102478	Infinity	77.57075764339609	-265.6708624034864	
279000	-271.0060487046567	NaN	-271.0060487046567	NaN	100.86415140753694	Infinity	88.12968951464042	-262.2648492897583	
280000	-272.044698069688	NaN	-272.044698069688	NaN	238.71773837309425	Infinity	82.07083335255184	-261.1084370320143	
281000	-271.80449987410447	NaN	-271.80449987410447	NaN	110.41646747223537	Infinity	81.93840035981249	-263.1418786591385	
282000	-271.1069783431811	NaN	-271.1069783431811	NaN	169.16355089675662	Infinity	78.88876037506161	-261.2161321986628	
283000	-291.91834195587535	NaN	-291.91834195587535	NaN	281.8792547945658	Infinity	95.80432497793697	-280.35041352866494	
284000	-271.56103960438935	NaN	-271.56103960438935	NaN	156.406045545207	Infinity	75.33017986189803	-261.9519863061196	
285000	-264.0052042526383	NaN	-264.0052042526383	NaN	255.0554773234826	Infinity	55.23332366313383	-253.27475415758133	
286000	-271.22478429052535	NaN	-271.22478429052535	NaN	97.68200425860778	Infinity	74.90064150847203	-262.20378721437487	
287000	-254.6397682501156	NaN	-254.6397682501156	NaN	112.96509368581624	Infinity	62.63553050185446	-246.19187780941442	
288000	-232.89090115457265	NaN	-232.89090115457265	NaN	139.6777177132543	Infinity	37.684858673391794	-224.31989456763677	
289000	-227.87977952557233	NaN	-227.87977952557233	NaN	99.35201874660365	Infinity	34.31489309185666	-219.95934104483476	
290000	-226.90387804151507	NaN	-226.90387804151507	NaN	100.78545112014471	Infinity	31.880289154842195	-219.1751824105473	
291000	-218.78290418505503	NaN	-218.78290418505503	NaN	114.41764513120015	Infinity	31.74395464444302	-210.98150897540765	
292000	-234.60380147487228	NaN	-234.60380147487228	NaN	110.46061334188511	Infinity	40.54680929315717	-226.64382082612693	
293000	-227.25024953027923	NaN	-227.25024953027923	NaN	115.12637309088058	Infinity	31.391029050650346	-219.44345368252482	
294000	-222.44785416182876	NaN	-222.44785416182876	NaN	96.26778429993888	Infinity	31.716841835905008	-213.49515613827393	
295000	-216.76260870894885	NaN	-216.76260870894885	NaN	183.37919714200223	Infinity	25.575450153561732	-207.75882800740402	
296000	-210.5704303207861	NaN	-210.5704303207861	NaN	99.15217908211093	Infinity	23.280839697350256	-203.0134435487457	
297000	-227.8246411915185	NaN	-227.8246411915185	NaN	109.1321165415182	Infinity	38.86002070200307	-219.93198948562977	
298000	-230.6282175930795	NaN	-230.6282175930795	NaN	98.83414150990197	Infinity	27.72081963769605	-222.85191847562004	
299000	-232.87425440655795	NaN	-232.87425440655795	NaN	125.15974173327258	Infinity	43.91322863591978	-224.48769418785972	
300000	-226.7055785330766	NaN	-226.7055785330766	NaN	100.51092331775851	Infinity	33.28851100577203	-218.91715672922498	
301000	-237.4995358346882	NaN	-237.4995358346882	NaN	101.49483287166248	Infinity	46.364433286094005	-229.42947571652905	
302000	-240.68138981142584	NaN	-240.68138981142584	NaN	104.42339043999152	Infinity	46.07861533874378	-232.66618228302266	
303000	-231.2327198515329	NaN	-231.2327198515329	NaN	101.31284346596061	Infinity	34.60179711545909	-223.44792695101302	
304000	-242.35103647839847	NaN	-242.35103647839847	NaN	111.7032088395531	Infinity	49.07451366224603	-234.17466719224086	
305000	-238.00875749026864	NaN	-238.00875749026864	NaN	135.16158525009638	Infinity	33.85093562334357	-229.64630552399072	
306000	-236.7959287495305	NaN	-236.7959287495305	NaN	151.50035138845297	Infinity	34.30871898666886	-228.07004434909675	
307000	-235.35962773062735	NaN	-235.35962773062735	NaN	99.35509669423818	Infinity	33.415977271049385	-227.4660922140513	
308000	-232.00913975591223	NaN	-232.00913975591223	NaN	102.24736398242538	Infinity	41.6765614024098	-224.06922019439324	
309000	-235.0335082457697	NaN	-235.0335082457697	NaN	106.66309613964869	Infinity	42.20503803818561	-227.09404719157317	
310000	-255.0753729521552	NaN	-255.0753729521552	NaN	105.46850431455262	Infinity	50.143165871604175	-246.97331909925487	
311000	-254.4260966155668	NaN	-254.4260966155668	NaN	120.05399105374906	Infinity	54.17936672912302	-245.95436995088386	
312000	-244.91755948711412	NaN	-244.91755948711412	NaN	109.88652899612623	Infinity	43.40691589494106	-236.90050745362322	
313000	-248.02771273642216	NaN	-248.02771273642216	NaN	120.73387781266477	Infinity	50.47033171842516	-239.61022709249852	
314000	-248.7023716378849	NaN	-248.7023716378849	NaN	153.19401683647533	Infinity	49.09230339122567	-239.58439387408646	
315000	-236.98334195522744	NaN	-236.98334195522744	NaN	203.7774002968801	Infinity	36.5119230277067	-227.31467310792004	
316000	-256.43345265131757	NaN	-256.43345265131757	NaN	133.62717786806562	Infinity	56.592535135855435	-247.59229326883542	
317000	-252.19426316404974	NaN	-252.19426316404974	NaN	135.09636511920112	Infinity	49.338750903902834	-243.45655618855702	
318000	-238.87427760163345	NaN	-238.87427760163345	NaN	133.84731582251345	Infinity	40.600749439686155	-230.360133747639	
319000	-226.96046318615151	NaN	-226.96046318615151	NaN	104.33851428395913	Infinity	28.178551272021117	-219.43691179870925	
320000	-223.61646148217739	NaN	-223.61646148217739	NaN	100.09726377542981	Infinity	25.692025840614885	-216.05742297131354	
321000	-218.71305825776705	NaN	-218.71305825776705	NaN	104.60020562485312	Infinity	27.081898999986716	-211.22944037364528	
322000	-234.19327048230824	NaN	-234.19327048230824	NaN	118.38400926784416	Infinity	50.434216414834665	-225.83401611918634	
323000	-251.31091832118292	NaN	-251.31091832118292	NaN	161.37120626724527	Infinity	44.76568614963277	-242.12800437113734	
324000	-252.9162017746756	NaN	-252.9162017746756	NaN	103.71549704756089	Infinity	62.09690602431621	-244.59978468102378	
325000	-282.7206193204662	NaN	-282.7206193204662	NaN	132.65267453633174	Infinity	101.30618838987212	-273.31975324157384	
326000	-282.8565614203991	NaN	-282.8565614203991	NaN	196.18320470305662	Infinity	71.48398957547663	-272.6268349790277	
327000	-273.66488774003994	NaN	-273.66488774003994	NaN	184.1290693796984	Infinity	69.38053301636977	-263.65110538657734	
328000	-274.47522314794344	NaN	-274.47522314794344	NaN	147.7163025096541	Infinity	68.86605408460602	-265.1296906052364	
329000	-256.006853061869	NaN	-256.006853061869	NaN	120.3661113788843	Infinity	70.72112757567884	-247.2610293439079	
330000	-247.7042510686195	NaN	-247.7042510686195	NaN	110.96867890093385	Infinity	49.00295914388723	-239.5446440773411	
331000	-257.3964196366341	NaN	-257.3964196366341	NaN	105.29466033899142	Infinity	50.919256500342506	-249.27984898918527	
332000	-258.6509670369188	NaN	-258.6509670369188	NaN	118.87346592939161	Infinity	67.7897524872423	-249.98402639373748	
333000	-251.27015897265025	NaN	-251.27015897265025	NaN	121.01704196089666	Infinity	50.0541876294367	-242.85400603014043	
334000	-250.6327492817765	NaN	-250.6327492817765	NaN	98.17979932128493	Infinity	53.47873811695385	-242.078266200575	
335000	-248.37773322827516	NaN	-248.37773322827516	NaN	142.54280530069192	Infinity	58.69150083993574	-239.30127068677044	
336000	-251.9750216674404	NaN	-251.9750216674404	NaN	96.39652443335635	Infinity	57.0108603388063	-242.55822754484714	
337000	-246.65830267984825	NaN	-246.65830267984825	NaN	126.2697710513483	Infinity	39.45674068367087	-238.35184687221098	
338000	-248.49369152939482	NaN	-248.49369152939482	NaN	109.1381598690684	Infinity	64.32618386204251	-240.09693307821757	
339000	-261.05671437096186	NaN	-261.05671437096186	NaN	131.55100899572878	Infinity	55.31330398194062	-252.28667958172167	
340000	-255.19290884333668	NaN	-255.19290884333668	NaN	110.98628801376329	Infinity	57.809413502787265	-246.8676713502747	
341000	-249.47162472070613	NaN	-249.47162472070613	NaN	105.09999406787777	Infinity	69.09238474208065	-241.05059186543687	
342000	-250.84833020350345	NaN	-250.84833020350345	NaN	110.57668719622598	Infinity	60.01253049694187	-242.4939525638302	
343000	-252.76507927968024	NaN	-252.76507927968024	NaN	113.00291771501325	Infinity	50.09331904731453	-244.53978848561556	
344000	-248.44816449031578	NaN	-248.44816449031578	NaN	100.36646912081503	Infinity	50.567526099432484	-240.23199012134916	
345000	-253.6431826730965	NaN	-253.6431826730965	NaN	120.38279375501466	Infinity	59.40196838439114	-245.07136683311495	
346000	-234.10156689324754	NaN	-234.10156689324754	NaN	101.34654230013459	Infinity	33.90261081168913	-226.33860561892934	
347000	-244.3442206513714	NaN	-244.3442206513714	NaN	104.47546329142769	Infinity	43.01852306404846	-236.39778585794483	
348000	-240.78771865629315	NaN	-240.78771865629315	NaN	126.50730523207197	Infinity	45.55911138550353	-232.3317177852295	
349000	-244.47547111864108	NaN	-244.47547111864108	NaN	157.14533809630024	Infinity	52.926605657979806	-235.20513051902523	
350000	-261.40038253613125	NaN	-261.40038253613125	NaN	98.51282450031798	Infinity	51.56063700893267	-252.94966388010573	
351000	-267.4865289027869	NaN	-267.4865289027869	NaN	125.04770784735605	Infinity	70.21432577224076	-258.6333548987285	
352000	-248.17104653879136	NaN	-248.17104653879136	NaN	105.45127284417624	Infinity	44.869261772213555	-240.1802127563282	
353000	-252.44377240250563	NaN	-252.44377240250563	NaN	111.41498231664204	Infinity	45.575661253224006	-244.3474457789191	
354000	-249.68850304428636	NaN	-249.68850304428636	NaN	175.47173720399024	Infinity	45.5952334469403	-240.2369261351464	
355000	-253.46786279226436	NaN	-253.46786279226436	NaN	152.35207182843934	Infinity	59.34138630706257	-244.17702315065614	
356000	-256.599408096053	NaN	-256.599408096053	NaN	195.4377949682469	Infinity	60.964783211395364	-246.53998825446516	
357000	-259.3226072386918	NaN	-259.3226072386918	NaN	118.60575003156303	Infinity	50.5549963203782	-250.95555278519095	
358000	-270.9465230260659	NaN	-270.9465230260659	NaN	139.91725615725002	Infinity	88.36961552077817	-261.5179739852111	
359000	-276.40574500071494	NaN	-276.40574500071494	NaN	104.37337682367627	Infinity	83.58133947714062	-267.79499502293913	
360000	-258.116600350078	NaN	-258.116600350078	NaN	179.6715979069572	Infinity	60.07473990222519	-248.3191716783287	
361000	-283.1343845195573	NaN	-283.1343845195573	NaN	141.5177276361107	Infinity	91.51096645994893	-273.6359291039605	
362000	-274.6843136695732	NaN	-274.6843136695732	NaN	145.58215848889083	Infinity	84.79211516134686	-265.17525064139465	
363000	-305.07773937649637	NaN	-305.07773937649637	NaN	251.40851566517085	Infinity	172.1658166075248	-293.2517398661441	
364000	-309.40114818475234	NaN	-309.40114818475234	NaN	184.99629658635646	Infinity	160.33070478502594	-298.5358922819798	
365000	-303.1193320279791	NaN	-303.1193320279791	NaN	168.7263005804541	Infinity	151.93260801351317	-292.58081505024387	
366000	-305.2824324720553	NaN	-305.2824324720553	NaN	164.10693997978495	Infinity	157.8990953996664	-294.78849081532815	
367000	-289.45364352411747	NaN	-289.45364352411747	NaN	147.71439512371722	Infinity	109.63706618348894	-279.6431382893159	
368000	-275.19117608603386	NaN	-275.19117608603386	NaN	141.35519007898458	Infinity	98.28178256289054	-265.6248727478514	
369000	-293.3074339329926	NaN	-293.3074339329926	NaN	129.9551647538033	Infinity	103.62998918939381	-283.9471560864763	
370000	-269.29847221278544	NaN	-269.29847221278544	NaN	137.98644365207736	Infinity	73.92108978794454	-260.09123564907753	
371000	-255.24672880057608	NaN	-255.24672880057608	NaN	103.27983371448482	Infinity	62.86497963865516	-246.9140160957093	
372000	-269.2436602597901	NaN	-269.2436602597901	NaN	131.9931150482228	Infinity	65.4795143417982	-260.2945652541254	
373000	-284.97083861363683	NaN	-284.97083861363683	NaN	129.5419710853327	Infinity	83.41471731307242	-275.83735494381295	
374000	-281.2468608510745	NaN	-281.2468608510745	NaN	128.54222556313908	Infinity	108.4119395580574	-271.8750618013819	
375000	-294.5801696604202	NaN	-294.5801696604202	NaN	104.60055106091717	Infinity	103.89997333441421	-285.75198869717457	
376000	-278.62910472036714	NaN	-278.62910472036714	NaN	150.95675572975748	Infinity	87.39463805150976	-268.97912504194323	
377000	-292.6538803351815	NaN	-292.6538803351815	NaN	176.2431923195545	Infinity	106.95588143637518	-282.3366762200169	
378000	-311.7092451381323	NaN	-311.7092451381323	NaN	332.3660746109721	Infinity	200.87927410696705	-298.9282077702068	
379000	-309.69317148207773	NaN	-309.69317148207773	NaN	123.71055856218672	Infinity	182.85657787970854	-299.91543685497516	
380000	-310.836473097039	NaN	-310.836473097039	NaN	183.5871193258068	Infinity	183.86890489741134	-299.8567615167585	
381000	-299.59164270270225	NaN	-299.59164270270225	NaN	144.9261948200299	Infinity	146.11950020705868	-289.5521887457074	
382000	-299.487514806313	NaN	-299.487514806313	NaN	117.88149865486328	Infinity	160.85903596365253	-289.9806334849862	
383000	-306.2634485606281	NaN	-306.2634485606281	NaN	302.85323291656323	Infinity	161.83872193111782	-293.965485057808	
384000	-295.53936397552343	NaN	-295.53936397552343	NaN	148.46350593726973	Infinity	140.41059870340865	-285.466015774757	
385000	-282.92179736766167	NaN	-282.92179736766167	NaN	111.70846469980089	Infinity	129.97405097056654	-273.77132147195624	
386000	-258.87831330620776	NaN	-258.87831330620776	NaN	122.091826939063	Infinity	71.71453701848411	-250.07621042315293	
387000	-265.3283886737645	NaN	-265.3283886737645	NaN	142.00832304985752	Infinity	57.923796790001816	-256.2766305157982	
388000	-246.08681998679475	NaN	-246.08681998679475	NaN	105.7721374896795	Infinity	48.9572744059959	-238.00684770859607	
389000	-260.392450480555	NaN	-260.392450480555	NaN	128.4628849040418	Infinity	53.49634633399505	-251.72887116164247	
390000	-244.75252276729918	NaN	-244.75252276729918	NaN	101.71690223639395	Infinity	45.77651377378901	-236.7032629124088	
391000	-245.8738433302883	NaN	-245.8738433302883	NaN	100.13094630676468	Infinity	51.07461018530612	-237.63035111121917	
392000	-234.95961632361366	NaN	-234.95961632361366	NaN	123.8013363498643	Infinity	35.65638392282022	-226.81443840394846	
393000	-242.10433886783295	NaN	-242.10433886783295	NaN	131.0244107319308	Infinity	42.34133681616093	-233.61390662124745	
394000	-248.68622457417501	NaN	-248.68622457417501	NaN	112.61067145967141	Infinity	40.21510763423849	-240.68929291609007	
395000	-239.99229939569386	NaN	-239.99229939569386	NaN	185.6786970063088	Infinity	45.44351916839855	-230.37697226465474	
396000	-247.8844327959971	NaN	-247.8844327959971	NaN	97.92053132990038	Infinity	39.54190609951813	-239.5694305022588	
397000	-269.05411635377646	NaN	-269.05411635377646	NaN	110.61773021905915	Infinity	97.5739792938548	-260.21286331641807	
398000	-271.6825956439688	NaN	-271.6825956439688	NaN	102.51881000654667	Infinity	79.175897298797	-263.10711800649665	
399000	-283.87187347506665	NaN	-283.87187347506665	NaN	131.1245808609966	Infinity	87.2802872462067	-274.65572722645555	
400000	-277.46202796194893	NaN	-277.46202796194893	NaN	130.4944825089381	Infinity	81.23995485319347	-268.3324279622913	
401000	-254.67574505757443	NaN	-254.67574505757443	NaN	213.49046117550768	Infinity	53.20706496448907	-244.49528439503396	
402000	-256.9480045526572	NaN	-256.9480045526572	NaN	106.34701096739686	Infinity	65.42371461754486	-248.57338581693148	
403000	-260.66682586072216	NaN	-260.66682586072216	NaN	115.08611035983627	Infinity	67.24137987018113	-252.09921121971425	
404000	-280.91336216021426	NaN	-280.91336216021426	NaN	283.00860090439676	Infinity	101.30220480038776	-269.27817314402614	
405000	-300.18107224719586	NaN	-300.18107224719586	NaN	176.365316246717	Infinity	122.1100343482547	-289.72930787403925	
406000	-308.5607916105603	NaN	-308.5607916105603	NaN	141.32063737827767	Infinity	160.65128677895783	-298.50384227610016	
407000	-318.5780959403296	NaN	-318.5780959403296	NaN	164.2855819493208	Infinity	223.02051262525492	-307.7355826212661	
