#
#model:
#
#<?xml version="1.0" encoding="UTF-8" standalone="no"?><input id="posterior" spec="beast.core.util.CompoundDistribution">
#    <distribution id="prior" spec="beast.core.util.CompoundDistribution">
#        <distribution id="CoalescentConstant.t:complete_rand_5" spec="beast.evolution.tree.coalescent.Coalescent">
#            <populationModel id="ConstantPopulation.t:complete_rand_5" spec="beast.evolution.tree.coalescent.ConstantPopulation">
#                <parameter id="popSize.t:complete_rand_5" name="popSize">0.3</parameter>
#            </populationModel>
#            <treeIntervals id="TreeIntervals.t:complete_rand_5" spec="beast.evolution.tree.coalescent.TreeIntervals">
#                <tree id="Tree.t:complete_rand_5">
#                    <trait id="dateTrait.t:complete_rand_5" spec="beast.evolution.tree.TraitSet" traitname="date-backward">
#                         DQ910745_2003=1990,
#DQ988106_2004=2004,
#DQ115534_1925=2003,
#DQ910740_2003=2004,
#DQ910732_2002=2004,
#DQ910734_2002=2004,
#DQ910739_2002=2003,
#DQ910756_2004=2002,
#DQ988084_2002=1990,
#DQ910760_2004=2002,
#DQ910733_2002=2002,
#DQ988085_2002=2002,
#DQ988083_2002=2003,
#DQ988086_2002=2004,
#DQ910735_2002=2002,
#DQ910736_2002=2003,
#DQ910738_2002=2003,
#DQ910748_2003=2003,
#DQ988094_2003=2004,
#DQ910742_2003=2004,
#DQ910758_2004=2003,
#DQ988092_2003=2000,
#DQ910741_2003=2003,
#DQ988093_2003=2002,
#DQ988104_2004=2002,
#DQ988108_2004=2002,
#DQ910731_2002=2000,
#DQ988082_2002=2003,
#DQ910730_2002=2002,
#AF235168_2000=2004,
#DQ115527_1990=2004,
#DQ115529_1990=2003,
#DQ988091_2003=2002,
#EF521830_2000=2003,
#DQ988097_2003=2004,
#DQ988099_2003=2003,
#EF521848_2000=2002,
#DQ988090_2003=2003,
#EF521839_2000=2003,
#DQ910754_2003=2004,
#DQ910747_2003=2004,
#DQ910753_2003=2003,
#EF521827_2000=2002,
#DQ910751_2003=2002,
#DQ910752_2003=2003,
#DQ988087_2002=2003,
#DQ988088_2002=2002,
#DQ988095_2003=2003,
#DQ988089_2003=2006,
#DQ988102_2004=2001,
#DQ988096_2003=1925,
#DQ910744_2003=2003,
#DQ910746_2003=2005,
#DQ910743_2003=2004,
#DQ910737_2002=2002,
#DQ910749_2003=2002,
#DQ910755_2004=2005,
#DQ910757_2004=2002,
#DQ910759_2004=2003,
#DQ910761_2004=2003,
#DQ910750_2003=2003,
#DQ988100_2003=2000,
#DQ988098_2003=2000,
#DQ988103_2004=2003,
#DQ988101_2003=2002,
#DQ988105_2004=2003,
#DQ988107_2004=2003,
#DQ631858_2003=2005,
#EF408186_2005=2000,
#EF408187_2005=2004,
#AY450425_2001=2002,
#EF372272_2006=2002,
#DQ631860_2002=2003,
#DQ631859_2002=2003,
#DQ631861_2002=2003,
#EF408188_2005=2003    
#                         <taxa id="TaxonSet.complete_rand_5" spec="beast.evolution.alignment.TaxonSet">
#                        </taxa>
#                    </trait>
#                    <taxonset idref="TaxonSet.complete_rand_5"/>
#                </tree>
#            </treeIntervals>
#        </distribution>
#        <prior id="PopSizePrior.t:complete_rand_5" name="distribution" x="@popSize.t:complete_rand_5">
#            <OneOnX id="OneOnX.0" name="distr"/>
#        </prior>
#        <prior id="MeanRatePrior.c:complete_rand_5" name="distribution">
#            <parameter id="ucldMean.c:complete_rand_5" name="x">1.0</parameter>
#            <Uniform id="Uniform.0" name="distr" upper="Infinity"/>
#        </prior>
#        <prior id="ucldStdevPrior.c:complete_rand_5" name="distribution">
#            <parameter id="ucldStdev.c:complete_rand_5" lower="0.0" name="x" upper="5.0">0.5</parameter>
#            <Exponential id="Exponential.0" name="distr">
#                <parameter estimate="false" id="RealParameter.0" name="mean">0.3333</parameter>
#            </Exponential>
#        </prior>
#    </distribution>
#    <distribution id="likelihood" spec="beast.core.util.CompoundDistribution">
#        <distribution data="@complete_rand_5" id="treeLikelihood.complete_rand_5" spec="beast.evolution.likelihood.TreeLikelihood" tree="@Tree.t:complete_rand_5">
#            <siteModel id="SiteModel.s:complete_rand_5" spec="beast.evolution.sitemodel.SiteModel">
#                <parameter estimate="false" id="mutationRate.s:complete_rand_5" name="mutationRate">1.0</parameter>
#                <parameter estimate="false" id="gammaShape.s:complete_rand_5" name="shape">1.0</parameter>
#                <parameter estimate="false" id="proportionInvariant.s:complete_rand_5" lower="0.0" name="proportionInvariant" upper="1.0">0.0</parameter>
#                <substModel id="JC69.s:complete_rand_5" spec="beast.evolution.substitutionmodel.JukesCantor"/>
#            </siteModel>
#            <branchRateModel clock.rate="@ucldMean.c:complete_rand_5" id="RelaxedClock.c:complete_rand_5" spec="beast.evolution.branchratemodel.UCRelaxedClockModel" tree="@Tree.t:complete_rand_5">
#                <LogNormal S="@ucldStdev.c:complete_rand_5" id="LogNormalDistributionModel.c:complete_rand_5" meanInRealSpace="true" name="distr">
#                    <parameter estimate="false" id="RealParameter.01" lower="0.0" name="M" upper="1.0">1.0</parameter>
#                </LogNormal>
#                <rateCategories dimension="150" id="rateCategories.c:complete_rand_5" spec="beast.core.parameter.IntegerParameter">1</rateCategories>
#            </branchRateModel>
#        </distribution>
#    </distribution>
#</input>
#
Sample	posterior	likelihood	prior	treeLikelihood	TreeHeight	ucldMean	ucldStdev	rate.mean	rate.variance	rate.coefficientOfVariation	popSize	CoalescentConstant	
0	-12315.031637388654	-12159.796974493083	-155.23466289557174	-12159.796974493083	83.28258055460584	1.0	0.5	0.9304798919551038	0.27600861329229603	0.5260952407988385	0.3	-156.03719797856462	
1000	-5626.712901361584	-5462.623802169805	-164.08909919177955	-5462.623802169805	81.75466794258662	0.4270718864835334	2.2289368930587505	0.03550081489324303	1.9139788791193002	4.336486131751983	2.907147629634233	-157.43315965385386	
2000	-4466.498097290123	-4273.206267770123	-193.29182951999942	-4273.206267770123	81.79443760784245	0.4465699969633605	2.4965424337969138	0.014960314859017278	2.131096193071684	5.595599711352042	4.375830685620684	-185.42406910185784	
3000	-3945.8020758661223	-3746.102790919796	-199.69928494632617	-3746.102790919796	81.79443760784245	0.40318208327070837	2.3419411453793235	0.013514772175124694	0.15603016123964922	2.861663617683776	5.412521031463861	-192.0827561722059	
4000	-3676.6765117919635	-3475.6953773430346	-200.98113444892903	-3475.6953773430346	81.79443760784245	0.40318208327070837	2.3419411453793235	0.012160655955403684	0.1601856076481221	2.7520379917151927	4.517863603547072	-193.54528142582512	
5000	-3464.72034586172	-3266.2629124319183	-198.4574334298017	-3266.2629124319183	81.79443760784245	0.39227117949406703	2.3733953308650855	0.010942650080461792	0.14662850323243817	2.9181862230730813	3.388245514425081	-191.2149354010154	
6000	-3324.8451681352235	-3130.3142005459936	-194.53096758923004	-3130.3142005459936	81.79443760784245	0.42991075872684265	2.4461104338114326	0.010594455431258582	0.18768056019140206	3.07488650513222	4.43968390877535	-186.80003149275078	
7000	-3177.0569456956023	-2991.554284100675	-185.50266159492716	-2991.554284100675	81.79443760784245	0.4225755672423184	2.4461104338114326	0.009713875549730636	0.16096822685958734	3.3257846976477063	4.591348898845094	-177.73813482199762	
8000	-2993.8011240573414	-2807.7111616210054	-186.089962436336	-2807.7111616210054	81.79443760784245	0.4687365453573299	2.4461104338114326	0.010378645585436155	0.19902844294708316	3.3070819367872497	3.1815051090371673	-178.69225513250194	
9000	-2942.635956221048	-2757.9253649820344	-184.71059123901367	-2757.9253649820344	81.79443760784245	0.4184887969106037	2.4461104338114326	0.01287101234515336	0.1593392628968298	3.209861631646888	3.54885887035122	-177.20361221788568	
10000	-2823.517445702024	-2631.7823651631393	-191.73508053888455	-2631.7823651631393	81.79443760784245	0.40226122412714954	2.651435441584217	0.008049876307353617	0.10883421501242597	3.7453108863467186	4.856026090830425	-183.2984705709683	
11000	-2764.863274398349	-2571.0383990422242	-193.82487535612475	-2571.0383990422242	81.79443760784245	0.40226122412714954	2.528610743134591	0.009498539509470943	0.1277018953321603	3.447406011355362	3.990041872668899	-185.95319503605063	
12000	-2755.9666605221155	-2558.7361474954773	-197.23051302663808	-2558.7361474954773	81.79443760784245	0.37961404710898633	2.560876818711859	0.009010351697663422	0.10919526153411396	3.630480877290873	4.589017075636919	-189.12216066789256	
13000	-2704.193188315656	-2508.4868140119834	-195.70637430367233	-2508.4868140119834	81.79443760784245	0.37961404710898633	2.5877396318526853	0.009099122164989063	0.0872784892427785	4.14254959423827	4.040216462589794	-187.64479303186656	
14000	-2636.523003318308	-2438.4970282618574	-198.02597505645053	-2438.4970282618574	85.23199429085955	0.37641471810801796	2.5877396318526853	0.008104035197146545	0.09006684615677958	3.9896046680402586	4.593349862061065	-189.83608247970372	
15000	-2632.396726536847	-2428.16596195294	-204.23076458390696	-2428.16596195294	85.23199429085955	0.3349998402307728	2.619066006365479	0.007409938532231645	0.06822646546316075	3.9383784404971527	3.8410037647952713	-196.12575933057377	
16000	-2612.992891879837	-2409.982634664113	-203.01025721572367	-2409.982634664113	86.97690241121936	0.3349998402307728	2.619066006365479	0.007775662468289343	0.07160972239547382	3.954763448138819	5.3623883607570155	-194.57157622638337	
17000	-2614.0202609351495	-2402.8355953008195	-211.18466563433	-2402.8355953008195	87.23427592605071	0.3349998402307728	2.619066006365479	0.008157927933637319	0.07145451795976905	4.059874400730623	4.2789016467587055	-202.97169775844938	
18000	-2617.020297092247	-2408.506482929288	-208.51381416295897	-2408.506482929288	84.29455914340625	0.2721210191805275	2.619066006365479	0.007523927900455854	0.11208300567073234	5.167006211829293	4.396480833586375	-200.27373822879267	
19000	-2605.3619344117383	-2397.691642456454	-207.67029195528454	-2397.691642456454	94.57506695545622	0.23729458216667945	2.619066006365479	0.006448068318477487	0.1108635070051825	4.6085488469400495	5.967365273404882	-199.1247149292219	
20000	-2540.59769018694	-2327.69005726952	-212.90763291741985	-2327.69005726952	103.67013497302447	0.20764244380391533	2.6250169683632825	0.005481306399003847	0.08157642301360127	4.897828665479923	5.304371281588493	-204.4619754714164	
21000	-2527.805286628125	-2315.790528070293	-212.01475855783195	-2315.790528070293	86.89215824080432	0.24019024096364197	2.6250169683632825	0.007200705058274749	0.10921310724566631	4.965716826292334	5.032102085886509	-203.62179455603098	
22000	-2530.240986450812	-2313.8844316086975	-216.35655484211475	-2313.8844316086975	87.60132228130553	0.24196918067116324	2.65199604626831	0.006567510487697819	0.10856232494595969	5.0977434735131775	7.18830806302277	-207.52602749263272	
23000	-2444.5235178345033	-2232.2694244095796	-212.25409342492358	-2232.2694244095796	87.60132228130553	0.24873924699424504	2.712850667669395	0.006315107148071162	0.08297465206241691	5.977775978751034	5.380753361276018	-203.53061138464253	
24000	-2436.8560250869464	-2219.074181284299	-217.78184380264764	-2219.074181284299	83.33828413192266	0.24873924699424504	2.712850667669395	0.006776016268002236	0.08526731779662466	5.715950294884804	5.9866673423141235	-208.9516552696493	
25000	-2432.3374509152463	-2216.2332257502953	-216.10422516495092	-2216.2332257502953	83.33828413192266	0.24100511157939528	2.712850667669395	0.006546616064936991	0.0802821199554501	5.500987843994059	6.1216217353973095	-207.25174446815248	
26000	-2419.4171296989043	-2202.1957024702315	-217.2214272286727	-2202.1957024702315	85.6798929872083	0.2580602267047209	2.712850667669395	0.00673471283132231	0.0921702628667397	5.456084511435113	6.4088535784780385	-208.32309317671317	
27000	-2425.075298520304	-2210.9201751332985	-214.15512338700552	-2210.9201751332985	85.301886006784	0.24802753908993555	2.712850667669395	0.006863891594571867	0.08512985134680533	5.473771630983043	6.40241127075749	-205.25779506060695	
28000	-2415.827243771919	-2209.2985857979675	-206.52865797395117	-2209.2985857979675	82.34668649015367	0.28581061762334514	2.7549395783345014	0.00747878899875437	0.10597430529688533	5.865306586027578	5.086144679344142	-197.7352048549033	
29000	-2402.517425395163	-2199.1742293253183	-203.34319606984496	-2199.1742293253183	86.37725028418784	0.3038637979583184	2.7549395783345014	0.007176438355523449	0.121208288059589	5.6482651944923985	5.470171995217106	-194.47695300467345	
30000	-2394.880976842762	-2189.9217612403295	-204.95921560243218	-2189.9217612403295	82.32244051405458	0.25057761892010766	2.7549395783345014	0.00644505294525691	0.08195352787272406	5.733390596048874	6.173697511085814	-195.97198466568068	
31000	-2400.475323458654	-2190.7305518502176	-209.74477160843662	-2190.7305518502176	85.14686483753741	0.24266075737776582	2.7549395783345014	0.006457234968918632	0.07874531443121666	5.254123840901687	4.667155273213214	-201.03728886570244	
32000	-2411.744990618836	-2204.8668723798496	-206.878118238986	-2204.8668723798496	85.22325356184061	0.25771627795649904	2.7549395783345014	0.0066905042216445325	0.08677874156289793	5.520787851424866	4.4589972473578445	-198.21626132479858	
33000	-2416.1117474382736	-2202.1211014347805	-213.9906460034931	-2202.1211014347805	82.02820074048559	0.2667784018956129	2.7549395783345014	0.006805474179609906	0.03461014264970122	4.3870213103448705	5.508561052681311	-205.11740956053285	
34000	-2424.328772143015	-2204.0089625816977	-220.31980956131744	-2204.0089625816977	83.04119579703028	0.2512903382218728	2.7549395783345014	0.006685439569557583	0.0835081442890889	5.605223172566601	6.70380526643052	-211.25020124006468	
35000	-2422.046272327306	-2192.484855760342	-229.5614165669642	-2192.484855760342	86.44852089635435	0.2643787298977206	2.7628479217386226	0.006483268819708969	0.09149898578498203	5.567914585640688	6.863574615446614	-220.44452777115538	
36000	-2414.5293685325573	-2181.696911813819	-232.83245671873829	-2181.696911813819	88.33441731623606	0.263574205883984	2.788394691977013	0.006557769826927522	0.08915710439309896	5.809607538549395	7.4778931119026515	-223.55319725162954	
37000	-2419.962005771148	-2190.197882014059	-229.7641237570891	-2190.197882014059	84.06201653243876	0.2515954289513567	2.8049153223991663	0.00616975783167042	0.07995199428488824	5.680535045379226	5.964100174138109	-220.6614903315775	
38000	-2405.994842260858	-2175.5361095028306	-230.45873275802748	-2175.5361095028306	96.85978818093453	0.2207653590731397	2.797346510630933	0.005303649650785631	0.06155416473274747	5.739255393900774	7.056006057343302	-221.21068705475003	
39000	-2397.8815021828073	-2173.345603113908	-224.535899068899	-2173.345603113908	95.7681245826078	0.26042304809576905	2.8240655944309303	0.005649441984022084	0.0811438875739319	6.265545773127513	6.630506869018535	-215.269886022758	
40000	-2402.3871530413503	-2169.3820856499074	-233.00506739144305	-2169.3820856499074	86.17677828701802	0.26042304809576905	2.8229035430750407	0.00660090920164867	0.08715831377784986	5.710442561253431	7.231719228803039	-223.65574530124258	
41000	-2384.991564447093	-2167.3813159693786	-217.6102484777145	-2167.3813159693786	87.71625681297446	0.30016405419505465	2.827794662382981	0.006672244535405592	0.10691225182950559	6.490290773806829	5.217002146914178	-208.57280542543003	
42000	-2396.905720114735	-2174.0174963515865	-222.8882237631482	-2174.0174963515865	93.32820579334216	0.2518031757020502	2.827794662382981	0.005649446958691529	0.025994096559752967	4.746061123418038	6.443906236761746	-213.63956873168928	
43000	-2413.158858184349	-2187.5264798162925	-225.6323783680565	-2187.5264798162925	92.78892372077293	0.2518031757020502	2.8329942873333045	0.006140366817492891	0.026146589908186385	4.866177319068899	6.233635397073211	-216.40129812299867	
44000	-2407.987376019894	-2172.1156465811187	-235.87172943877513	-2172.1156465811187	108.96906434313622	0.2383909727088876	2.8253956471544184	0.004396203824039395	0.023396027786588468	4.998389418714409	9.400408587893649	-226.25265393238735	
45000	-2401.6533637606476	-2156.4338145053493	-245.21954925529843	-2156.4338145053493	101.58077097531577	0.2383909727088876	2.8253956471544184	0.005862484436852336	0.024344674384410517	4.8549119719102976	7.850332437556845	-235.78067102440815	
46000	-2340.7045287643723	-2101.0010578087013	-239.7034709556711	-2101.0010578087013	141.78374475735225	0.21019577448127277	2.8253956471544184	0.0038433510196028116	0.019224658404250996	4.850955965384864	8.798712225433576	-230.150543231655	
47000	-2329.7807856440986	-2094.936834593927	-234.84395105017174	-2094.936834593927	112.8891088180318	0.21019577448127277	2.8253956471544184	0.004276684091627407	0.017621670037183273	5.24483818530651	7.038298449037431	-225.51426225553595	
48000	-2325.158130759986	-2085.422451779575	-239.73567898041094	-2085.422451779575	97.6319204803483	0.21019577448127277	2.8253956471544184	0.004916340705830494	0.017528744685324615	5.29074453574474	6.7638557497387355	-230.44576352451972	
49000	-2256.9832442662773	-2018.9902694648606	-237.99297480141672	-2018.9902694648606	109.25897605671254	0.2051401638332387	2.8253956471544184	0.004563280308258013	0.016655403259427777	5.285611129639474	7.5450201410262485	-228.59376468848774	
50000	-2237.957419800746	-1995.2071326917905	-242.75028710895523	-1995.2071326917905	104.31288392061849	0.1697395484932211	2.8836191697722313	0.004098320968915258	0.010439624538527452	5.411776858967254	8.76041930182671	-233.02703295173072	
51000	-2246.0447399721616	-2002.1292403475084	-243.91549962465314	-2002.1292403475084	100.37463142171804	0.1594040180659992	2.899688222544914	0.004198929151659608	0.008961202842710354	5.3387135849242995	6.946420344411622	-234.3760507886902	
52000	-2223.3124780250473	-1973.8148179847228	-249.49766004032446	-1973.8148179847228	117.30583859677226	0.1829470108747497	2.954434432343508	0.0036774972738400765	0.010867065900217276	5.374523170605342	9.662609371777451	-239.46391888494054	
53000	-2225.218756913151	-1973.8304076712602	-251.3883492418908	-1973.8304076712602	104.97830648108534	0.1829470108747497	2.9453337154497516	0.004109220440275889	0.011009422998483792	5.673873366102672	9.897597510746273	-241.35788464871868	
54000	-2234.842587509234	-1980.6694695133835	-254.17311799585016	-1980.6694695133835	99.28281939316932	0.19878039355074253	2.9453337154497516	0.004526452940689078	0.013122428383092672	5.434468901570673	9.18311852866436	-244.21757859873668	
55000	-2089.2993540398234	-1839.7979271890458	-249.5014268507775	-1839.7979271890458	95.33269555050099	0.17336266629693692	2.9453337154497516	0.0035104071512513713	0.009867517964657891	5.788979004438323	9.569151162093375	-239.50470980587812	
56000	-2074.6447618573584	-1821.9914759747137	-252.6532858826447	-1821.9914759747137	100.68341065849405	0.17336266629693692	2.9453337154497516	0.0035582535188742807	0.012043930426035052	5.000399882958026	8.357406391318163	-242.7919652027912	
57000	-2084.8806549010856	-1829.3306859329161	-255.54996896816957	-1829.3306859329161	102.27664600789555	0.15819300244427859	2.9453337154497516	0.0032644255435858908	0.010621227613601675	4.606419595469672	9.996431516420328	-245.50956824605473	
58000	-2086.556751066771	-1819.5741333009632	-266.98261776580773	-1819.5741333009632	108.72226468668434	0.15877874760657787	2.853572819071347	0.003492140322616515	0.0075191778236879175	4.085262778048271	12.48142184430282	-256.9955141585169	
59000	-2085.6844970261286	-1820.0486153568609	-265.6358816692678	-1820.0486153568609	101.41080149989412	0.1434547951321113	2.84633526562146	0.0034847460083291147	0.0055569552852330895	4.257047044365122	9.813434363108096	-255.91098187980035	
60000	-2068.012302391747	-1803.828436917106	-264.1838654746411	-1803.828436917106	100.59789523316037	0.156729802992943	2.857179320032333	0.0035164083899839912	0.006534074157723261	4.276206674414413	11.489198771754115	-254.26877521192182	
61000	-2063.354464367294	-1798.8002080120873	-264.5542563552069	-1798.8002080120873	100.9357512857405	0.1851389093263814	2.8368299254033906	0.003626391759721323	0.009449474233693954	4.395057329429441	10.786294651202002	-254.7633514241014	
62000	-2084.4341830341305	-1813.095054608261	-271.3391284258694	-1813.095054608261	102.64915244666577	0.17239120733710847	2.8368299254033906	0.0031882983065556307	0.008251911959374105	4.309929660896426	13.749599913677555	-261.3054900827344	
63000	-2082.305702062245	-1805.4098736000024	-276.89582846224266	-1805.4098736000024	100.15014023274802	0.16220873887110576	2.8763236960099965	0.0035441224428685273	0.006759442207572299	4.37526889814192	12.244135302828743	-266.85965961291043	
64000	-2071.2178799795047	-1804.8545179108607	-266.3633620686441	-1804.8545179108607	96.34526251447052	0.16220873887110576	2.8763236960099965	0.0036048419575061687	0.006758698461773209	4.455810873648718	11.809129457644474	-256.36336737569087	
65000	-2083.28780840574	-1813.982943859222	-269.3048645465184	-1813.982943859222	99.5367931686593	0.15689345916106764	2.8572158165954833	0.003752496327166391	0.0034839798650051555	3.547956098357676	12.075766631271648	-259.33987145327484	
66000	-2085.1920256554818	-1815.3305514799806	-269.861474175501	-1815.3305514799806	92.25102144673384	0.15689345916106764	2.854419223774671	0.003697335169572518	0.003961400840597053	3.598081120571722	12.164940441370808	-259.8975143061141	
67000	-2080.2903628841523	-1810.0780415018155	-270.21232138233665	-1810.0780415018155	95.79579343138967	0.1569757543577469	2.891924475930734	0.003692151032859673	0.003348471004824487	3.1831380397396987	9.386610367044332	-260.39510833932906	
68000	-2080.2657291696223	-1812.3159979257493	-267.9497312438732	-1812.3159979257493	92.68242170287422	0.157993906281738	2.891924475930734	0.0034944158120970093	0.0029894057272854876	3.4329782903696473	10.24460691155888	-258.0450510334938	
69000	-2081.700595274371	-1809.6219501753003	-272.07864509907074	-1809.6219501753003	93.00125226017991	0.1719111702659384	2.909984338170986	0.003309656018027379	0.0032151665814953664	3.6179874937128242	12.27567370489107	-261.9389117391332	
70000	-2067.208311843577	-1802.2443898875672	-264.9639219560101	-1802.2443898875672	93.00125226017991	0.17286848643249939	2.909984338170986	0.003981211177582635	0.0031806108634683046	3.6504982228526073	11.892371843667053	-254.85591097952113	
71000	-2073.9791877386706	-1804.7893139223875	-269.1898738162829	-1804.7893139223875	92.42026161114373	0.21828231212510552	3.081209320860857	0.0032358956813411826	0.0033263702294083456	3.8352143659261637	13.819310049395291	-258.41796679910067	
72000	-2019.453684940698	-1753.0245327432037	-266.42915219749426	-1753.0245327432037	90.38224454885186	0.20075104578364242	3.034675976199437	0.0036704376305826485	0.003242352153121663	3.632837516941417	9.672102938787924	-256.1536803124982	
73000	-2004.0772823945333	-1740.5451040160392	-263.53217837849405	-1740.5451040160392	90.38224454885186	0.22760546283332525	3.0803211170280416	0.003546266358546322	0.0037627398940560967	3.8582741863851426	11.748418846166206	-252.9252844670728	
74000	-1997.8051925308123	-1737.9033784110377	-259.9018141197745	-1737.9033784110377	87.07373034293398	0.19038656775618318	3.013323743998638	0.0036356468455258657	0.0032574923708957055	3.7340836308050447	10.59744741249524	-249.5990379319384	
75000	-1997.7949148286718	-1745.139821117762	-252.6550937109098	-1745.139821117762	85.59597963048543	0.20864804715142277	2.992026637981348	0.003845466626180788	0.005350976741708253	3.8520272798323045	7.178710326144314	-242.8057086462607	
76000	-2012.1839958082828	-1746.5424735278511	-265.6415222804317	-1746.5424735278511	85.78633913018668	0.22154478406208647	2.992026637981348	0.003967876044057127	0.00604453692016778	3.9084316389540597	7.673221027231241	-255.72552048377153	
77000	-2008.016709665297	-1750.366390636705	-257.65031902859187	-1750.366390636705	85.78633913018668	0.22154478406208647	3.134816391096187	0.0033808157375143696	0.004255325240758251	4.0122802199180985	7.850267176326556	-247.28309404358453	
78000	-2015.056732279524	-1750.7365570951433	-264.3201751843807	-1750.7365570951433	85.78633913018668	0.22154478406208647	3.0844529516222203	0.003940869624100389	0.004879466344087993	3.971365186736362	8.345528008207395	-254.04287736723845	
79000	-1995.1419241483272	-1739.969511079289	-255.17241306903813	-1739.969511079289	86.3739955530873	0.2131144692184369	3.05534969855288	0.004427903346623646	0.005868291711896251	4.122991940738916	8.179777400105618	-245.00249463292536	
80000	-1990.6154842404562	-1744.4196299416956	-246.19585429876057	-1744.4196299416956	86.64587630111315	0.23508822373118007	3.16418473916239	0.0036292576280152968	0.0053409417750509254	4.260922865811489	8.34448790099397	-235.6794618353226	
81000	-1990.493557948731	-1738.8056353056597	-251.6879226430713	-1738.8056353056597	84.99464453130524	0.26086275019336425	3.132695831867643	0.003960737464857955	0.007165025070721912	4.274022547742946	10.061360085879928	-241.07890518546014	
82000	-1919.9470416901968	-1670.154801444107	-249.79224024608968	-1670.154801444107	88.9365862761785	0.2589821596762749	3.1895419108542074	0.004007664080817866	0.006953054432149354	4.210553040466958	8.05732225160489	-239.23478857445548	
83000	-1896.3868190633366	-1644.7750848908015	-251.611734172535	-1644.7750848908015	87.09460192876737	0.28220435927160564	3.1895419108542074	0.00391249092921989	0.008513470879927387	3.976051824390039	8.742837796099792	-240.97262894777563	
84000	-1898.6690399197448	-1643.95094325194	-254.71809666780464	-1643.95094325194	87.09460192876737	0.25367590044328014	3.1895419108542074	0.00400879431938383	0.009393193939773135	4.393950931129881	10.100752401908421	-243.93461635433036	
85000	-1890.3177101248803	-1639.527139428082	-250.79057069679828	-1639.527139428082	86.23651527590896	0.24707362116085646	3.240795934370013	0.00330045565598932	0.007786012404054703	4.400707107723604	8.725853237434752	-239.9996325957795	
86000	-1884.0170448719741	-1624.994840014942	-259.0222048570321	-1624.994840014942	86.91137361027359	0.2719368853800925	3.240795934370013	0.0035598131295463595	0.009585658014872106	4.06161266803512	10.012187498257303	-248.09375391082952	
87000	-1883.0075968814322	-1627.4256500557383	-255.5819468256939	-1627.4256500557383	89.61087132813805	0.21828039759742496	3.2410582770629537	0.003201911443644318	0.006049529841812181	4.060409933763212	8.40460677402559	-244.8277318924507	
88000	-1877.7577004176642	-1619.9810971896736	-257.7766032279907	-1619.9810971896736	89.61087132813805	0.20678343384712997	3.147077838782156	0.003587583661525323	0.00825687328575433	4.321778268234447	9.702969896333077	-247.16070577401217	
89000	-1874.3004795574666	-1620.1728504911832	-254.12762906628342	-1620.1728504911832	89.23975938671495	0.18155810452523344	3.147077838782156	0.003542691189124978	0.004991930946038914	3.921499685379549	7.971427398188314	-243.70830005268073	
90000	-1871.6163212220722	-1618.971471864931	-252.64484935714134	-1618.971471864931	92.25165064534039	0.18677684867303293	3.1530215123031815	0.0032082198489120544	0.00448021374137628	3.8525654682877692	10.509628525253369	-241.93125927346773	
91000	-1862.1563889388324	-1605.3925364232828	-256.7638525155497	-1605.3925364232828	105.9183608256734	0.17011824332554729	3.1530215123031815	0.002787517009314953	0.003119455082921356	3.6532945448002887	10.869637548505976	-246.01658091488125	
92000	-1879.1101397707794	-1614.665169576767	-264.4449701940123	-1614.665169576767	116.13190995310165	0.18671586881653063	3.1941703994534345	0.0026391983734720442	0.0026679436518969547	3.629212227115451	12.165390473949257	-253.46161786849925	
93000	-1872.0619360926373	-1614.150487435844	-257.9114486567933	-1614.150487435844	89.79754627341678	0.1512660368445422	3.1209576784542343	0.0034240850575335277	0.00218894615325741	3.4789922527737276	9.585922689288335	-247.38605589841305	
94000	-1882.012885174292	-1622.4455414697966	-259.56734370449533	-1622.4455414697966	108.01238766673622	0.16133744092902602	3.108734755483489	0.002693583857888269	0.0038300047468024507	3.8345108290945884	9.140321933080388	-249.12622341073182	
95000	-1882.9117388560107	-1622.8455241637046	-260.0662146923063	-1622.8455241637046	97.03920482963066	0.16133744092902602	3.085825486098173	0.003026729320566255	0.0032788526148381683	3.542501621785772	9.573779377049691	-249.64749664071363	
96000	-1875.8801715242416	-1624.2011487297202	-251.67902279452136	-1624.2011487297202	93.46104072904627	0.1684520884196231	3.085825486098173	0.0032781338451475816	0.00500707862322193	3.412043843678538	8.529639786950503	-241.37578565801596	
97000	-1875.0655704464507	-1622.039778387729	-253.02579205872175	-1622.039778387729	109.91016130528925	0.1684520884196231	3.138697339847598	0.00268112647335672	0.004995328698297152	3.4530839860084184	7.852499390004444	-242.64663875472613	
98000	-1870.9784054754098	-1619.917768558058	-251.06063691735184	-1619.917768558058	86.70843913813287	0.18672317704414548	3.124305375390807	0.003449048333784348	0.004809704031219752	3.4160228258232577	8.175021426963522	-240.68441236168155	
99000	-1878.971770001409	-1624.8842687715003	-254.08750122990864	-1624.8842687715003	87.78265676925258	0.1837751089658636	3.124305375390807	0.0036192456217719604	0.004591883378297046	3.594224832178443	8.482328395809182	-243.67437502496102	
100000	-1887.2704644271137	-1631.0507785022492	-256.21968592486445	-1631.0507785022492	85.90750492087534	0.16485293092236106	3.072036066732501	0.003691314859183956	0.004164802655437755	3.4535284775723665	10.9609106585711	-245.70703294799125	
101000	-1890.6570142376943	-1629.1742001926193	-261.48281404507503	-1629.1742001926193	92.48365827315887	0.1393636488352871	3.072036066732501	0.0032230883690978983	0.002975436193771834	3.5906139173957428	11.08974534695068	-250.95847559686004	
102000	-1888.7405193886188	-1623.500249337235	-265.2402700513841	-1623.500249337235	109.60882203986861	0.15603486909939934	3.072036066732501	0.002955269814150381	0.003145354669909954	3.5344063402403707	10.18080080948354	-254.8014487688575	
103000	-1889.6975619975487	-1629.678354522836	-260.01920747471274	-1629.678354522836	105.20054922897177	0.12563968496186892	3.062241530616636	0.002750352476940641	0.0025127625984997974	3.5042757968366542	10.92254456563784	-249.53944745019226	
104000	-1889.9993478305391	-1626.288772865942	-263.710574964597	-1626.288772865942	92.26211846642703	0.12563968496186892	3.03828302132972	0.003194592054693948	0.001979602355120221	3.139437291059115	13.248462219241024	-253.1096451314406	
105000	-1897.3074970361722	-1630.452086938945	-266.85541009722704	-1630.452086938945	132.34833719263344	0.1120929851847466	2.988276668837449	0.002286087813319687	0.001757361550342769	3.3558515913631646	9.874075170175562	-256.69848315897696	
106000	-1886.3838746816368	-1622.85942114808	-263.52445353355677	-1622.85942114808	105.43665571002981	0.1703804394443922	3.1583739046951256	0.00295378824577913	0.002360271030383751	3.9675657019072124	8.639194406430047	-252.9907871677354	
107000	-1873.1853932708098	-1616.8641277834238	-256.3212654873859	-1616.8641277834238	102.56627444645551	0.1605525546152168	3.149701710474582	0.002952579441146396	0.0032881948964036192	4.430599149300747	8.400146935460572	-245.84167844660396	
108000	-1869.5702073439822	-1608.7588250787635	-260.81138226521875	-1608.7588250787635	96.14802001267884	0.16659317294147857	3.1344191573361364	0.0031426933033949825	0.0043543996637662955	4.209774603167337	12.172018651852799	-250.00675690269878	
109000	-1877.9633979247985	-1612.3091974380088	-265.6542004867897	-1612.3091974380088	89.85851092703606	0.12879317347723146	3.073633067908049	0.0031461225477944442	0.002610995756485384	4.251408488205306	12.291080208394414	-255.02221758160124	
110000	-1882.6718292596456	-1609.3024350599992	-273.3693941996463	-1609.3024350599992	93.15416820542795	0.12401765868712342	3.1206658796028734	0.0030198875148467978	0.0014358556410973792	3.8733898194314778	10.91962217539314	-262.7146111907177	
111000	-1879.293081855873	-1609.2790154172696	-270.0140664386034	-1609.2790154172696	90.70925406482557	0.12401765868712342	3.1126822466187902	0.00296340711793333	0.00183837424189958	3.8044452454524196	11.430917898616544	-259.3374763136786	
112000	-1880.8470535919985	-1614.5696737369326	-266.2773798550659	-1614.5696737369326	95.21550843000662	0.13829891773743624	3.174091604175263	0.0033282723129444973	0.001893981958419058	3.8473387979323768	12.450921746546083	-255.33107035745763	
113000	-1889.3576813697575	-1619.754267810942	-269.6034135588154	-1619.754267810942	94.03637654146523	0.15717808750498546	3.174091604175263	0.003527443704134829	0.0019886569918921037	3.862301046356614	11.145505771910786	-258.76786237037663	
114000	-1885.792527785255	-1621.849091883749	-263.9434359015062	-1621.849091883749	89.57648615577443	0.15717808750498546	3.1585122679111333	0.003385306282202661	0.00681829282730403	4.534259046281994	11.649429140653623	-253.1104065649871	
115000	-1883.986924359301	-1616.3182103407385	-267.6687140185625	-1616.3182103407385	103.43703417976575	0.16082539091552664	3.1585122679111333	0.002673089676544224	0.0017456274069607644	3.580263025506813	11.397964299235618	-256.85750709083993	
116000	-1878.5134745842436	-1613.3124725640962	-265.20100202014737	-1613.3124725640962	88.24770542992289	0.16553540449101714	3.0829142332319277	0.0037762654088711943	0.0015772483093547075	3.333330830526136	10.958187548573035	-254.6559597491643	
117000	-1883.4155512648358	-1624.792027779394	-258.62352348544175	-1624.792027779394	88.24770542992289	0.13124828175254116	3.089183039150317	0.002941210136456301	9.576307885968351E-4	3.2706051150384177	11.478290882790091	-248.01330231206046	
118000	-1874.9198152586114	-1618.5466747400105	-256.37314051860096	-1618.5466747400105	88.58932969868812	0.14947766413483995	3.0712133610406958	0.003573966848243969	0.001213650950209699	3.0509899655092307	9.820516134781716	-245.9728175924581	
119000	-1871.0698251899605	-1609.8368500447107	-261.2329751452499	-1609.8368500447107	88.58932969868812	0.1168597890199202	3.0712133610406958	0.003075124384059712	0.0010014617460469416	3.2517245701008766	11.788501818653327	-250.65000126537663	
120000	-1870.6735326321452	-1609.1203310849412	-261.5532015472041	-1609.1203310849412	87.59071141189435	0.1102161369952638	3.0712133610406958	0.0029027180369977363	8.766023578271347E-4	3.310635804400199	10.810752126449866	-251.05681109545085	
121000	-1873.6751448613072	-1613.5423602298029	-260.1327846315045	-1613.5423602298029	92.68839161662831	0.1288734451199064	3.062532540136654	0.0032998186541071148	0.0014157202904469157	3.3699728342601825	10.942032203693344	-249.65036891435165	
122000	-1894.6806820041506	-1622.7717149324417	-271.90896707170896	-1622.7717149324417	93.53383477445017	0.10722596704856006	3.079439529119153	0.003276662453536723	9.356791612628527E-4	3.363710512576012	9.560279682031307	-261.5108198716908	
123000	-1889.6742570490005	-1608.6276574072492	-281.0465996417513	-1608.6276574072492	99.90117220767269	0.11895087805447481	3.171405942326863	0.0030472892480158417	6.384670135737178E-4	3.166078413740604	16.499901823111358	-269.82678816073036	
124000	-1894.2141020920626	-1624.5211106690235	-269.6929914230392	-1624.5211106690235	94.7712948185262	0.12200521031341438	3.171405942326863	0.0030584747214868983	7.854864186199104E-4	3.068426951134346	10.267318957900372	-258.94756843863905	
125000	-1888.935795495593	-1617.0873863615911	-271.8484091340018	-1617.0873863615911	96.18509954190283	0.1109407271125249	3.1592378056879022	0.0030009959468128853	6.789412363295217E-4	3.106798366383244	13.62973373001066	-260.8562064345431	
126000	-1885.9300630192834	-1610.1152163178108	-275.8148467014727	-1610.1152163178108	97.34658314981604	0.12607697291080933	3.206571352058075	0.0030141750556573624	6.377064359643612E-4	3.329946848234015	12.086013223608022	-264.80083401928965	
127000	-1877.7624430928947	-1596.293419733795	-281.4690233590998	-1596.293419733795	96.28104836899439	0.10973728316417057	3.1423129555581646	0.002572750953458348	5.836311847864224E-4	3.407863235504157	15.901841791266184	-270.3734190594819	
128000	-1880.3253461754546	-1597.7784985831765	-282.546847592278	-1597.7784985831765	113.55993530190702	0.12790016638453858	3.1665795941013597	0.002402098031313383	7.434284047929251E-4	3.40119573648285	14.169204793138544	-271.49380010167397	
129000	-1882.362934064636	-1600.6884049838866	-281.6745290807493	-1600.6884049838866	98.16025217569947	0.1181503117942133	3.2232556364589504	0.0023945172316335393	4.325685519990214E-4	3.2978688775151723	12.848777097244003	-270.5492587523598	
130000	-1878.6173107741904	-1598.4808790353773	-280.1364317388132	-1598.4808790353773	96.30990166896251	0.1525380843012994	3.1451579615367935	0.0028674339115499405	5.854828380364315E-4	2.9266148075617013	13.997558163973272	-269.1598436085748	
131000	-1880.9598581459861	-1602.4509321823339	-278.5089259636523	-1602.4509321823339	93.09889121466735	0.112969236032999	2.961682515963239	0.0034148512011610587	0.0013019492588511494	3.748162209870806	15.10537646580356	-268.0066513780314	
132000	-1878.0366330896131	-1605.4152586869518	-272.62137440266144	-1605.4152586869518	97.05083875691462	0.09631880870732891	2.9087435449599632	0.003315527404719463	3.587672564982567E-4	2.678376015378369	11.542694346539134	-262.5469306383846	
133000	-1875.2336927219148	-1598.2929041073858	-276.9407886145291	-1598.2929041073858	99.49227308768478	0.08767285568450414	2.961448250773935	0.0028084750793872554	3.006462063120283E-4	2.6700096739197288	9.632028621871651	-266.88917377244627	
134000	-1870.0664979145245	-1599.007190513476	-271.05930740104856	-1599.007190513476	96.56394708171106	0.08955905756855861	2.9789243150531575	0.002922479633002872	2.9421320936949953E-4	2.6947270972562576	11.720886212647121	-260.75898058618264	
135000	-1872.7050444759848	-1598.1876207970115	-274.51742367897316	-1598.1876207970115	93.11994245050828	0.12376982431995377	2.991782253679694	0.003474875297883615	6.502687921189003E-4	2.649940330413494	11.154208649399942	-264.22807470313165	
136000	-1873.8798773416545	-1602.495027490906	-271.3848498507484	-1602.495027490906	91.86969948971625	0.1052539170429489	2.9620764549421903	0.003201677886640587	5.650990988427557E-4	2.7049721256512487	11.811103645193455	-261.1274039918808	
137000	-1880.0261357342351	-1607.2111613106676	-272.8149744235674	-1607.2111613106676	93.13897077921908	0.11812402786310727	3.007460685532684	0.0030285264956897784	5.563492570239555E-4	2.681915317100163	13.228053122723153	-262.3080625211577	
138000	-1872.6220081452004	-1599.7982860201928	-272.8237221250076	-1599.7982860201928	93.14636053516142	0.1168540732864175	3.007460685532684	0.003088913721761422	5.486498817039389E-4	2.8395825258917444	10.621494939099923	-262.5362702613387	
139000	-1871.795517625218	-1597.9896074208887	-273.80591020432945	-1597.9896074208887	98.08875770229663	0.11492778672496262	3.125050823178764	0.0028709155802079723	3.873364881120348E-4	2.865147959275331	13.760036726484266	-262.9067639178762	
140000	-1871.3748376936737	-1602.0709337563394	-269.3039039373342	-1602.0709337563394	97.98069160987771	0.11708856577563986	3.10465007630717	0.0027628022164204184	4.209995525351571E-4	2.839998142335058	10.878572635255631	-258.70093947270055	
141000	-1863.9133712060664	-1593.6233548650669	-270.2900163409995	-1593.6233548650669	99.53017477465609	0.1300051838752895	3.10465007630717	0.002723973723909334	5.620019183925481E-4	2.9949607043677413	11.726479595728819	-259.6119974196705	
142000	-1874.7189076503544	-1600.0465964264695	-274.6723112238849	-1600.0465964264695	100.87128374780958	0.1287612853138596	3.10465007630717	0.0027412773331872376	5.501681201745623E-4	3.0363845315849884	11.413855796298384	-264.0213137623575	
143000	-1879.9357346995766	-1607.2284411019953	-272.70729359758127	-1607.2284411019953	109.91441495887535	0.1446189467259105	3.1298803849670342	0.0025395684750174606	9.386145831676083E-4	2.983469013611048	10.501701698761854	-262.0638883677465	
144000	-1870.7543129564006	-1597.5939191171476	-273.1603938392529	-1597.5939191171476	112.12890008041533	0.1504295884427147	3.1169175269243197	0.0027777292727358066	0.0010825262771526714	3.1411538850557514	14.079270283413567	-262.2627148604486	
145000	-1881.5880109392972	-1608.2928148172477	-273.2951961220494	-1608.2928148172477	100.28257389596828	0.17241689311585273	3.177819197662386	0.002856607116813577	0.0012301504797495094	3.118626253303654	11.44199785433344	-262.4222067733064	
146000	-1880.472314542798	-1607.6087980153004	-272.8635165274975	-1607.6087980153004	105.85382751233419	0.1577681956201294	3.1927569461781258	0.002397616503432421	7.828158288994263E-4	2.8908571113558237	12.577743277720131	-261.85107121426375	
147000	-1871.1173524018786	-1598.110390292042	-273.0069621098366	-1598.110390292042	109.76902950925836	0.16537302142722554	3.1927569461781258	0.0025378159680790628	4.036250091326051E-4	2.7376212916404263	14.425181045242477	-261.8574702789824	
148000	-1873.1356843862018	-1602.9105218530785	-270.22516253312335	-1602.9105218530785	101.89222470177144	0.16924856839219318	3.1927569461781258	0.002669175678692504	4.777464289440894E-4	2.7555584604510353	10.748915963752863	-259.3698411564735	
149000	-1870.2213148259607	-1602.9643403798193	-267.25697444614144	-1602.9643403798193	98.48630031315795	0.16780871893882277	3.1603387765445907	0.003073030808584991	5.496308943774441E-4	2.5366923695884553	11.013932060750415	-256.47456119134694	
150000	-1865.0574940896965	-1592.1469222574524	-272.9105718322441	-1592.1469222574524	99.5499200869655	0.1613463227017412	3.148773141350247	0.0032143073423380273	5.090585516911043E-4	2.5399952220726925	14.818873801613437	-261.86611835026025	
151000	-1876.3970453607035	-1598.1863789313047	-278.2106664293987	-1598.1863789313047	98.90684390034791	0.15740360578479187	3.155676753537445	0.0027816267379406874	4.089040771814693E-4	2.5591018110661796	14.9140828273462	-267.13909574197874	
152000	-1882.715255343855	-1604.1360181635798	-278.57923718027524	-1604.1360181635798	102.82417863035425	0.13545922478921182	3.1064806025535625	0.002774119568283656	3.6786992098799046E-4	2.6297626250183552	13.947096288721912	-267.7223042936437	
153000	-1878.853487713212	-1602.8895163074562	-275.9639714057556	-1602.8895163074562	101.65154646200031	0.13655268988943317	3.0659390378085463	0.0029630365280272457	4.2386156870809406E-4	2.706094893217906	13.569698121156831	-265.2561074847463	
154000	-1889.903009701169	-1602.7541037958636	-287.1489059053053	-1602.7541037958636	139.26594556203318	0.11116948962890659	3.161005213319257	0.0019451207629991166	2.961853214162957E-4	2.803484201036434	13.181566326571605	-276.18483479943274	
155000	-1886.4415262758537	-1597.006623995862	-289.43490227999183	-1597.006623995862	159.80615193656695	0.11688123420799568	3.251699002699951	0.0016680482184783121	2.2158389393566987E-4	3.0244736531493293	12.268868600418049	-278.27047691243246	
156000	-1887.2187024242698	-1599.2783171036942	-287.9403853205755	-1599.2783171036942	144.72268962336597	0.11688123420799568	3.251699002699951	0.0020401867952996207	2.4931078230982503E-4	2.9137198435247256	13.21233252226708	-276.7018743234701	
157000	-1890.141579658784	-1599.990798883303	-290.150780775481	-1599.990798883303	127.53028200162241	0.11684047190296179	3.251699002699951	0.002098239975303475	2.757402254859678E-4	2.728258759127437	14.808227824857752	-278.7982374933801	
158000	-1894.7913930549453	-1604.9762068194468	-289.8151862354986	-1604.9762068194468	116.80979191299329	0.10865853434579208	3.223832544605692	0.0023297716862544352	2.3013520190339563E-4	2.6102427805065993	17.54326350633533	-278.3767636184306	
159000	-1890.4692700534424	-1603.465854758744	-287.0034152946986	-1603.465854758744	113.54489236731558	0.08165600208350209	3.1370933170367095	0.002196422825696279	1.7414194496745655E-4	2.5873598102180058	16.542611214050343	-275.8839668653293	
160000	-1886.5191198151444	-1594.7132076730059	-291.80591214213854	-1594.7132076730059	147.72404899981873	0.0773043187802037	3.1666673265601637	0.0018109515442734049	2.2748436441324518E-4	2.7688409463724177	15.163844790490629	-280.684758398711	
161000	-1900.2014326886554	-1599.7842540938348	-300.4171785948206	-1599.7842540938348	165.50018990822696	0.0773043187802037	3.186983069727455	0.0016105771871695197	1.4180747019006313E-4	2.5485035446842015	14.431043139266544	-289.2846038289702	
162000	-1893.1007219382864	-1592.594821558661	-300.5059003796254	-1592.594821558661	141.8962374839536	0.07754205249244328	3.1681514200855974	0.001810275326607544	1.5606426223145734E-4	2.784025899146154	20.07183394409298	-289.0998903365396	
163000	-1890.8298027991793	-1595.5698601828133	-295.25994261636606	-1595.5698601828133	153.11773255380137	0.08570537386290918	3.2202163270505144	0.0016876489065966417	1.5372739650639842E-4	2.7934506457171797	15.12833348706021	-283.9804703918967	
164000	-1886.1528266189607	-1591.5500854648478	-294.6027411541128	-1591.5500854648478	129.88105735835728	0.08570537386290918	3.2202163270505144	0.0019267737760225885	2.4475963869614E-4	2.9991681527969387	18.2152543915327	-283.1375789087062	
165000	-1882.4570264916674	-1588.1396839604595	-294.3173425312078	-1588.1396839604595	123.18435383393094	0.09299128814286939	3.1923192441595316	0.0023855121178384016	3.153221884764601E-4	3.022243086513708	17.411082000328882	-282.9810324007867	
166000	-1873.2428207506525	-1589.1234171971478	-284.11940355350475	-1589.1234171971478	109.01103527309984	0.08765658631246935	3.2109679826514164	0.0026352592738120937	2.7285319993374945E-4	2.8484751532790993	14.537522772802648	-272.9075154281551	
167000	-1878.3252268576887	-1594.4279331130163	-283.8972937446724	-1594.4279331130163	108.270763328031	0.06810727773456404	3.181186604337381	0.002147947377054366	1.859294478654828E-4	2.8810251282764856	12.807631507893397	-272.901450569086	
