#
#model:
#
#<?xml version="1.0" encoding="UTF-8" standalone="no"?><input id="posterior" spec="beast.core.util.CompoundDistribution">
#    <distribution id="prior" spec="beast.core.util.CompoundDistribution">
#        <distribution id="CoalescentConstant.t:complete_rand_4" spec="beast.evolution.tree.coalescent.Coalescent">
#            <populationModel id="ConstantPopulation.t:complete_rand_4" spec="beast.evolution.tree.coalescent.ConstantPopulation">
#                <parameter id="popSize.t:complete_rand_4" name="popSize">0.3</parameter>
#            </populationModel>
#            <treeIntervals id="TreeIntervals.t:complete_rand_4" spec="beast.evolution.tree.coalescent.TreeIntervals">
#                <tree id="Tree.t:complete_rand_4">
#                    <trait id="dateTrait.t:complete_rand_4" spec="beast.evolution.tree.TraitSet" traitname="date-backward">
#                         DQ910745_2003=2003,
#DQ988106_2004=2002,
#DQ115534_1925=2004,
#DQ910740_2003=2002,
#DQ910732_2002=2005,
#DQ910734_2002=1990,
#DQ910739_2002=2005,
#DQ910756_2004=1925,
#DQ988084_2002=2002,
#DQ910760_2004=2004,
#DQ910733_2002=2002,
#DQ988085_2002=2000,
#DQ988083_2002=2003,
#DQ988086_2002=2003,
#DQ910735_2002=1990,
#DQ910736_2002=2004,
#DQ910738_2002=2004,
#DQ910748_2003=2003,
#DQ988094_2003=2003,
#DQ910742_2003=2003,
#DQ910758_2004=2003,
#DQ988092_2003=2003,
#DQ910741_2003=2003,
#DQ988093_2003=2000,
#DQ988104_2004=2002,
#DQ988108_2004=2005,
#DQ910731_2002=2003,
#DQ988082_2002=2006,
#DQ910730_2002=2002,
#AF235168_2000=2002,
#DQ115527_1990=2003,
#DQ115529_1990=2004,
#DQ988091_2003=2002,
#EF521830_2000=2003,
#DQ988097_2003=2003,
#DQ988099_2003=2003,
#EF521848_2000=2004,
#DQ988090_2003=2003,
#EF521839_2000=2003,
#DQ910754_2003=2004,
#DQ910747_2003=2004,
#DQ910753_2003=2000,
#EF521827_2000=2004,
#DQ910751_2003=2002,
#DQ910752_2003=2002,
#DQ988087_2002=2004,
#DQ988088_2002=2003,
#DQ988095_2003=2002,
#DQ988089_2003=2003,
#DQ988102_2004=2002,
#DQ988096_2003=2003,
#DQ910744_2003=2002,
#DQ910746_2003=2002,
#DQ910743_2003=2003,
#DQ910737_2002=2003,
#DQ910749_2003=2003,
#DQ910755_2004=2002,
#DQ910757_2004=2001,
#DQ910759_2004=2002,
#DQ910761_2004=2003,
#DQ910750_2003=2002,
#DQ988100_2003=2002,
#DQ988098_2003=2000,
#DQ988103_2004=2004,
#DQ988101_2003=2003,
#DQ988105_2004=2004,
#DQ988107_2004=2003,
#DQ631858_2003=2000,
#EF408186_2005=2004,
#EF408187_2005=2002,
#AY450425_2001=2003,
#EF372272_2006=2003,
#DQ631860_2002=2003,
#DQ631859_2002=2002,
#DQ631861_2002=2003,
#EF408188_2005=2004    
#                         <taxa id="TaxonSet.complete_rand_4" spec="beast.evolution.alignment.TaxonSet">
#                        </taxa>
#                    </trait>
#                    <taxonset idref="TaxonSet.complete_rand_4"/>
#                </tree>
#            </treeIntervals>
#        </distribution>
#        <prior id="PopSizePrior.t:complete_rand_4" name="distribution" x="@popSize.t:complete_rand_4">
#            <OneOnX id="OneOnX.0" name="distr"/>
#        </prior>
#        <prior id="MeanRatePrior.c:complete_rand_4" name="distribution">
#            <parameter id="ucldMean.c:complete_rand_4" name="x">1.0</parameter>
#            <Uniform id="Uniform.0" name="distr" upper="Infinity"/>
#        </prior>
#        <prior id="ucldStdevPrior.c:complete_rand_4" name="distribution">
#            <parameter id="ucldStdev.c:complete_rand_4" lower="0.0" name="x" upper="5.0">0.5</parameter>
#            <Exponential id="Exponential.0" name="distr">
#                <parameter estimate="false" id="RealParameter.0" name="mean">0.3333</parameter>
#            </Exponential>
#        </prior>
#    </distribution>
#    <distribution id="likelihood" spec="beast.core.util.CompoundDistribution">
#        <distribution data="@complete_rand_4" id="treeLikelihood.complete_rand_4" spec="beast.evolution.likelihood.TreeLikelihood" tree="@Tree.t:complete_rand_4">
#            <siteModel id="SiteModel.s:complete_rand_4" spec="beast.evolution.sitemodel.SiteModel">
#                <parameter estimate="false" id="mutationRate.s:complete_rand_4" name="mutationRate">1.0</parameter>
#                <parameter estimate="false" id="gammaShape.s:complete_rand_4" name="shape">1.0</parameter>
#                <parameter estimate="false" id="proportionInvariant.s:complete_rand_4" lower="0.0" name="proportionInvariant" upper="1.0">0.0</parameter>
#                <substModel id="JC69.s:complete_rand_4" spec="beast.evolution.substitutionmodel.JukesCantor"/>
#            </siteModel>
#            <branchRateModel clock.rate="@ucldMean.c:complete_rand_4" id="RelaxedClock.c:complete_rand_4" spec="beast.evolution.branchratemodel.UCRelaxedClockModel" tree="@Tree.t:complete_rand_4">
#                <LogNormal S="@ucldStdev.c:complete_rand_4" id="LogNormalDistributionModel.c:complete_rand_4" meanInRealSpace="true" name="distr">
#                    <parameter estimate="false" id="RealParameter.01" lower="0.0" name="M" upper="1.0">1.0</parameter>
#                </LogNormal>
#                <rateCategories dimension="150" id="rateCategories.c:complete_rand_4" spec="beast.core.parameter.IntegerParameter">1</rateCategories>
#            </branchRateModel>
#        </distribution>
#    </distribution>
#</input>
#
Sample	posterior	likelihood	prior	treeLikelihood	TreeHeight	ucldMean	ucldStdev	rate.mean	rate.variance	rate.coefficientOfVariation	popSize	CoalescentConstant	
0	-12938.87755745454	-12807.563110521285	-131.31444693325378	-12807.563110521285	81.38877408328966	1.0	0.5	0.6111545958342679	0.27600861329229603	0.5260952407988385	0.3	-132.11698201624665	
1000	-5497.688638781126	-5323.501803316428	-174.18683546469902	-5323.501803316428	81.43019482569943	0.45989073101412636	2.1386429142188352	0.033505915063310854	1.8441285501562539	4.278907251517541	3.242890954782167	-167.6925121567085	
2000	-4385.921212867968	-4192.3314544005125	-193.58975846745608	-4192.3314544005125	81.43019482569943	0.25825485238563617	2.0740648791373446	0.015491496287198096	0.09275466923454705	2.4512701188895347	4.053506117386255	-187.06607162741454	
3000	-3820.02209461708	-3611.900649914235	-208.12144470284463	-3611.900649914235	81.43019482569943	0.25825485238563617	2.1293467850129897	0.01149300685494651	0.04850931053661199	2.493696393502483	5.770955702841442	-201.07864007367266	
4000	-3609.7672410881282	-3393.0973577766053	-216.66988331152305	-3393.0973577766053	81.43019482569943	0.2646974744739791	2.154282391800451	0.01187512754375129	0.04866311235995867	2.469456588445255	5.416728666486603	-209.61561001427495	
5000	-3537.5395528049758	-3319.0423300230773	-218.4972227818985	-3319.0423300230773	81.43019482569943	0.2256010021527505	2.1563031245490696	0.01032554820224152	0.036571218348786044	2.5546638772440993	7.232623793662248	-211.14777687226203	
6000	-3169.1583154162686	-2951.8208097945662	-217.33750562170238	-2951.8208097945662	81.43019482569943	0.25049541089697547	2.150108333582703	0.010283225363534786	0.03867364747178775	2.4265945104535795	5.9001044634155235	-210.21027776119436	
7000	-3037.0334629847857	-2821.0075298644933	-216.02593312029254	-2821.0075298644933	82.06822325361074	0.25049541089697547	2.2549483552712046	0.009736987848865189	0.029739375234557608	2.676365336442613	6.916876839301621	-208.42515945203357	
8000	-2986.930614153384	-2777.9217694322806	-209.00884472110343	-2777.9217694322806	85.2355245003376	0.25049541089697547	2.2549483552712046	0.008838135649139989	0.015930618993987705	2.3656912979862232	5.087373275050203	-201.71527375541902	
9000	-2981.4779249540948	-2758.3158532430944	-223.16207171100032	-2758.3158532430944	84.9221698005654	0.24962444788155394	2.320945392660811	0.008197093730968415	0.016868374192754696	2.403621058520909	6.925239155053921	-215.3620788869303	
10000	-2876.923919564687	-2654.407669677025	-222.51624988766218	-2654.407669677025	84.9221698005654	0.22917213501412517	2.320945392660811	0.008376012140199738	0.013390195376192328	2.3947294423030674	5.892300786364526	-214.87778310283767	
11000	-2844.233235447421	-2628.369264607032	-215.86397084038876	-2628.369264607032	88.04075351753977	0.2006279708564415	2.320945392660811	0.008091708828710962	0.011012898167017622	2.3490312606323545	6.975446011932084	-208.05675433279555	
12000	-2849.6843471593465	-2629.0504272278204	-220.63391993152626	-2629.0504272278204	85.24778578460592	0.16454936149864044	2.320945392660811	0.008756155465641926	0.0069895238707409395	2.3690021748151304	6.390127212419388	-212.91434551772102	
13000	-2822.1879650997867	-2605.1671261982665	-217.02083890152028	-2605.1671261982665	85.63714233417254	0.1763532513869659	2.320945392660811	0.008510782543365432	0.011240738581170272	2.587557526397357	7.1974263160742495	-209.18229515793462	
14000	-2817.9139792978103	-2604.077853068071	-213.83612622973925	-2604.077853068071	84.52238223249262	0.17241364791322109	2.320945392660811	0.008144853453449634	0.00928108329177367	2.572625680945285	6.4506238218696526	-206.10712914947229	
15000	-2693.5281874211705	-2481.700295719755	-211.82789170141552	-2481.700295719755	85.08143568989858	0.1589622379602212	2.320945392660811	0.006790948139525494	0.008370438124668422	2.5939793378187472	5.362789572384889	-204.28358718153987	
16000	-2626.333331456191	-2410.590241857936	-215.7430895982552	-2410.590241857936	84.4066428539623	0.17767433913463382	2.320945392660811	0.008099970244841012	0.010040240891170329	2.752529436797145	5.989858401906798	-208.08820158792082	
17000	-2600.1234273508376	-2388.1202405037657	-212.0031868470718	-2388.1202405037657	86.32313576642782	0.17767433913463382	2.3037014322618017	0.008362375464626742	0.006580365815206298	2.5440398345241455	7.7632246375287925	-204.14070587045413	
18000	-2582.292642197955	-2381.5817493409554	-200.71089285699946	-2381.5817493409554	93.99012750075732	0.170929398520184	2.3037014322618017	0.007362934635778613	0.00714520499316764	2.411011471089785	4.718316223862665	-193.34635767061397	
19000	-2594.3370703042956	-2386.1004967960475	-208.23657350824797	-2386.1004967960475	102.17787957107218	0.2085338094687978	2.3610713113748734	0.007365328318107817	0.00677117783537916	2.381517016802343	6.531644413036461	-200.3747047396185	
20000	-2580.4935972061617	-2384.5187258622454	-195.9748713439162	-2384.5187258622454	89.66769909223271	0.2085338094687978	2.3610713113748734	0.007930357837339893	0.006892407052847729	2.3493916223861575	4.4979797442948515	-188.48603296096965	
21000	-2564.0641717024573	-2371.4995122904375	-192.56465941201964	-2371.4995122904375	90.733882848307	0.2085338094687978	2.3610713113748734	0.008184285822992958	0.00547040947351835	2.1971312840022708	4.640181911712284	-185.04469580875073	
22000	-2494.5211822417173	-2299.183482837414	-195.33769940430324	-2299.183482837414	91.58359482191797	0.2085338094687978	2.3610713113748734	0.007997743579519306	0.0056984895322686495	2.1600845045543973	5.068999261628774	-187.7293459577883	
23000	-2485.908252381788	-2295.8579349705	-190.05031741128755	-2295.8579349705	91.17615158319174	0.18925060619822115	2.3610713113748734	0.00788655536582666	0.0048170659183410245	2.2271216390306274	4.590826728277733	-182.54104725565185	
24000	-2494.058500855479	-2297.6481270346444	-196.4103738208348	-2297.6481270346444	84.83356232611726	0.18733482369159196	2.3610713113748734	0.008788855051056671	0.0051490687704735475	2.2607662476711265	5.2233584986844415	-188.7720232025858	
25000	-2487.5298413724786	-2292.829587195992	-194.7002541764866	-2292.829587195992	84.73794674470378	0.18733482369159196	2.3610713113748734	0.008085121844812892	0.024591973789153714	4.007373364428098	3.683065683197754	-187.41129867233755	
26000	-2488.915807455886	-2288.9242615885264	-199.99154586735963	-2288.9242615885264	87.69813936039071	0.16938139144617426	2.3610713113748734	0.0077846568179023145	0.020135386645703513	3.958205500108323	3.7911628195116	-192.67366305009776	
27000	-2493.779775548266	-2295.852605741589	-197.92716980667706	-2295.852605741589	88.83647632392847	0.1413697728003865	2.3610713113748734	0.007028189361059621	0.008604644271732484	3.275444788205252	5.417681405212291	-190.25229183507898	
28000	-2450.554685395158	-2255.678331737782	-194.8763536573755	-2255.678331737782	83.87210282599746	0.1413697728003865	2.3610713113748734	0.006871430821959571	0.00832306036649724	3.378098094591446	3.919469896225909	-187.5251872105834	
29000	-2444.627226297227	-2252.2727249835834	-192.3545013136436	-2252.2727249835834	83.03297780686135	0.1564405823134721	2.3610713113748734	0.00815244057513398	0.006904904654380597	2.934303180102239	4.964525997420123	-184.76697345681262	
30000	-2380.1113313005576	-2200.386788899692	-179.7245424008658	-2200.386788899692	82.85455435347474	0.1540797180851208	2.355196035534017	0.008264757388885194	0.017120378399527368	3.5993999184818897	3.309905793833281	-172.5600402305522	
31000	-2399.398229326698	-2212.5544345257395	-186.84379480095862	-2212.5544345257395	82.85455435347474	0.1540797180851208	2.355196035534017	0.008285080259429436	0.016082988145190165	3.5951362018535677	4.76637129138316	-179.31462707871637	
32000	-2389.53954553894	-2199.8148707739692	-189.72467476497056	-2199.8148707739692	87.53675588619731	0.17666036225394155	2.4978698569872395	0.007096395369644675	0.01940783029293925	4.090476573728501	3.901492630239187	-181.96766884615943	
33000	-2404.1276395828686	-2212.5350436062827	-191.592595976586	-2212.5350436062827	83.42388890727067	0.17842722138151568	2.5337766318340877	0.007433884772256065	0.01369334809386025	3.3588072560013456	4.3322038085197665	-183.62314179049827	
34000	-2382.9244906669737	-2180.838534236871	-202.08595643010256	-2180.838534236871	83.42388890727067	0.17842722138151568	2.516766689156285	0.007743055858547106	0.01460390318629521	3.336288390329058	6.2311505423411875	-193.80405255729295	
35000	-2368.7111107049727	-2169.267652241778	-199.44345846319484	-2169.267652241778	82.94490225852954	0.17842722138151568	2.5970897071107952	0.007207493743124558	0.010503744147039015	3.6180620543989894	5.54681840515847	-191.03689792764828	
36000	-2368.7243239220006	-2170.6231509467066	-198.10117297529393	-2170.6231509467066	83.68274495368706	0.18248634650267145	2.5896797549434836	0.007599767200465244	0.010981195705713594	3.65427185441892	4.069758981430908	-190.0264852431279	
37000	-2369.57409509895	-2171.3903805467144	-198.18371455223544	-2171.3903805467144	83.66595167061264	0.16395562128932237	2.5687637185021384	0.006801088377307905	0.009177734566739171	3.480745573589153	4.309305624250105	-190.11458820113756	
38000	-2365.4374473099815	-2167.3782168855323	-198.05923042444914	-2167.3782168855323	82.84478802259672	0.18500069289965823	2.5687637185021384	0.00755243023711445	0.003450599945552802	2.6293933222949	5.007095320776623	-189.84002488575558	
39000	-2361.75607135343	-2166.114023641285	-195.64204771214526	-2166.114023641285	82.37238519030915	0.18500069289965823	2.6247169746259305	0.0068671847131178574	0.003330485862035802	2.7177821019477437	4.207959128653867	-187.42884382547825	
40000	-2271.0005202713155	-2069.4616733473113	-201.53884692400405	-2069.4616733473113	82.27775609297724	0.1525882999375359	2.5741247449253013	0.005973524311661173	0.0019577517097261	2.3549161052299867	4.673755726641247	-193.3724496956556	
41000	-2259.4685699512943	-2047.132840053768	-212.33572989752625	-2047.132840053768	82.27775609297724	0.15117286342127384	2.5741247449253013	0.006316481430045828	0.002791818111661427	2.545957431959759	5.791829119384823	-203.9548474899843	
42000	-2262.3509836049916	-2056.807968885828	-205.5430147191635	-2056.807968885828	82.88657541702483	0.15117286342127384	2.6467510441081847	0.005645963548111255	0.002355580441433988	2.6970190618856225	4.796413924146257	-197.13281123622366	
43000	-2266.437550693399	-2056.653753155623	-209.7837975377759	-2056.653753155623	83.5902077061691	0.16275896381769525	2.6467510441081847	0.006285910756996679	0.0024250351764145256	2.582738995603491	6.3896165527805	-201.08678833519676	
44000	-2251.5624137294394	-2040.6706765305903	-210.89173719884917	-2040.6706765305903	81.86462571339271	0.16275896381769525	2.670152991679289	0.006526571074649873	0.0023075286517142976	2.5471411455899253	6.000728902935702	-202.18730844579753	
45000	-2237.7634107036665	-2019.477498666755	-218.28591203691138	-2019.477498666755	82.66339654266845	0.1556966916220852	2.6237725502927924	0.005827951500222052	0.0023009047045960004	2.6316347999814633	5.615066220281425	-209.7870660876338	
46000	-2203.197974571667	-1985.5020548205337	-217.69591975113326	-1985.5020548205337	85.02643061001685	0.14708252834109303	2.5251413795085456	0.005500546751696657	0.002415813679101901	2.663919407862108	5.183941019548683	-209.57288470651702	
47000	-2187.298313642122	-1968.4950295294227	-218.80328411269943	-1968.4950295294227	84.60183464271954	0.14708252834109303	2.5285016066061683	0.0055291304157135245	0.0023928675059105295	2.776588978281752	5.229570860458842	-210.66140373894402	
48000	-2172.2379058964007	-1952.3450802861012	-219.89282561029938	-1952.3450802861012	84.60183464271954	0.15634162180775493	2.5371050740167007	0.005565929217022116	0.002644497291724382	2.706301201435776	5.484993419968135	-211.67744558018947	
49000	-2175.9823116844113	-1959.36870774695	-216.61360393746133	-1959.36870774695	86.01603404042407	0.16750542077539105	2.568947834012332	0.005690337439413799	0.0031221418817155614	2.72060995217958	8.046427658874538	-207.91947374381454	
50000	-2176.0575549704513	-1960.9675234219114	-215.0900315485397	-1960.9675234219114	85.59081491625787	0.15758621845691873	2.517002760708017	0.006583518981139956	0.0052240755134490575	3.094797908080154	6.590562768642368	-206.75134164150393	
51000	-2172.3179262719286	-1952.437049964767	-219.88087630716174	-1952.437049964767	85.85973352192791	0.13729189106308443	2.6450055855688834	0.005106832830008629	0.007278989751662717	3.78207461858027	4.768648401253698	-211.4817153523767	
52000	-2179.741120416249	-1954.444001519777	-225.29711889647223	-1954.444001519777	82.84690204324704	0.15147398357084707	2.6579244960798882	0.00558439040741348	0.005401696602546161	3.4080735343435826	6.639552342570605	-216.5282157018784	
53000	-2184.4813070000223	-1960.456393523725	-224.02491347629717	-1960.456393523725	83.25225424592917	0.15147398357084707	2.595327236431507	0.005502001710839319	0.004197291287031736	3.0428711609343795	6.555025380693564	-215.45663339546505	
54000	-2176.7823325928102	-1957.2174275566608	-219.56490503614958	-1957.2174275566608	82.97215389824441	0.14714000722504356	2.6105947474734084	0.005284938913806503	0.004218267552968671	2.9913991260916695	6.2936934563960705	-210.99150173729151	
55000	-2177.631892738908	-1956.4085391983156	-221.22335354059237	-1956.4085391983156	82.97215389824441	0.14714000722504356	2.580577360258004	0.005574703001457026	0.002731442296162611	3.02843099360015	5.644521743300174	-212.84887403102005	
56000	-2187.4436500886636	-1957.2002743400162	-230.24337574864748	-1957.2002743400162	85.93312509321379	0.13464245453457965	2.6272922117697664	0.004731838952950178	0.0017306789088156838	2.850964869836928	5.926769657767281	-221.67994382167373	
57000	-2187.751246962742	-1957.263174277527	-230.4880726852147	-1957.263174277527	87.50836770924391	0.14640651055071266	2.5801069368706977	0.005189170228434648	0.0017436795047398705	2.522977145616154	7.81604874893294	-221.7895109069888	
58000	-2205.0395170554175	-1970.6799260826265	-234.35959097279118	-1970.6799260826265	84.30364575748693	0.14210017150827714	2.6141628510804154	0.005004551506941158	0.0015340564650816331	2.5125111928485397	6.832861814390025	-225.6932867936071	
59000	-2198.3058067529023	-1965.2001861216852	-233.10562063121725	-1965.2001861216852	83.17542169783131	0.15397981693225518	2.5910998624243238	0.0056038364264214095	0.001681229747222653	2.30427193545908	7.284081960410464	-224.4445645159955	
60000	-2206.213126237253	-1966.6938128244146	-239.51931341283836	-1966.6938128244146	83.47165765300949	0.15397981693225518	2.668455758737622	0.005692382872620477	0.001276676738240162	2.451912274330094	10.098678246012135	-230.2994532649527	
61000	-2170.7056424883476	-1934.139727288383	-236.56591519996473	-1934.139727288383	90.65217845607062	0.1694387599809103	2.7724617618002396	0.005030537238501638	0.002247991062686785	2.921565100268815	7.242880414134906	-227.36639141198816	
62000	-2173.8434904293836	-1930.01338973865	-243.8301006907337	-1930.01338973865	87.23973921115007	0.1694387599809103	2.7859768413797683	0.005285581216392487	0.002166684549630842	3.02499043408865	7.414406336293311	-234.56662167377436	
63000	-2185.089131937067	-1935.269879269666	-249.8192526674009	-1935.269879269666	83.71837507422579	0.17582017214513174	2.7859768413797683	0.004930420329503538	9.477298604951454E-4	2.561054846775223	9.867493453595415	-240.26995269516624	
64000	-2178.6513975341804	-1932.1388662603288	-246.51253127385172	-1932.1388662603288	85.17390207437185	0.17582017214513174	2.741618974743374	0.005302033787236358	0.001280021858677656	2.442837067147241	10.085495667670939	-237.07446575614182	
65000	-2177.3342750410584	-1934.6206233947432	-242.7136516463151	-1934.6206233947432	91.17735706723352	0.16488627156219965	2.8041051070011487	0.004586383264869752	0.0010055425509142774	2.541000760305177	9.158850353676693	-233.1844866397476	
66000	-2165.0878341167927	-1927.285935518312	-237.80189859848065	-1927.285935518312	88.43173971801376	0.16090322931935674	2.8250569536380956	0.004277991310498376	9.551461394242594E-4	2.6117890665273364	7.208381345647859	-228.44934800459296	
67000	-2109.1845964137888	-1865.5473084907896	-243.6372879229991	-1865.5473084907896	89.73468936871959	0.1667787298688824	2.721138898551898	0.004507200737476892	0.0013566524735435825	2.5520027795937397	8.162814803351386	-234.47217803681488	
68000	-2105.0222250564852	-1862.5809601592948	-242.44126489719034	-1862.5809601592948	86.01357076095599	0.17061343299581833	2.8082803289345772	0.005178939963100885	0.0013199623785160484	2.6962959153397588	9.102015842939283	-232.9057977255068	
69000	-2109.1688549215305	-1856.995745448825	-252.1731094727058	-1856.995745448825	89.34507639112977	0.17061343299581833	2.906050866221429	0.004073156383274842	9.653880440809947E-4	2.647148824751324	9.189468561203242	-242.3347391585074	
70000	-2108.1114672464632	-1852.6519552214336	-255.45951202502948	-1852.6519552214336	87.46306515039058	0.17061343299581833	2.875785062652892	0.0044117846143720465	0.0012372087085557296	2.682213185824765	11.939984787262935	-245.4501134750732	
71000	-2092.2159376755844	-1841.8257909425577	-250.3901467330267	-1841.8257909425577	86.75925184162453	0.15580678447533103	2.878524584602011	0.004284478578347276	0.0017630170113560081	2.79918388616081	7.520452016546423	-240.83479538441077	
72000	-2079.114752609367	-1832.7921632153711	-246.32258939399563	-1832.7921632153711	89.76854517904356	0.15310950117172192	2.7828983926842894	0.004242118228252745	0.0018682984969276386	2.7771834608938515	10.838611350045499	-236.688656673032	
73000	-2087.100461087317	-1834.5369060709809	-252.5635550163363	-1834.5369060709809	88.61618438324868	0.15310950117172192	2.7552645729646597	0.004578684222202797	0.001605239996970556	2.717318598130261	10.496056680642232	-243.04464729667188	
74000	-2077.179480944018	-1833.8919219403422	-243.28755900367582	-1833.8919219403422	88.94731546518716	0.13392942987377082	2.79313379943249	0.004479404295226321	0.0015464359671983141	2.795315880160643	8.293610644639791	-233.89054645860224	
75000	-2063.8414559363796	-1822.327576093328	-241.51387984305146	-1822.327576093328	88.80360844309884	0.15256193036201565	2.8281610524599032	0.005354347250367696	0.0018885687062093295	2.8465131364306044	11.237952418103493	-231.70796378750828	
76000	-1946.1170435420972	-1712.3957314170466	-233.7213121250507	-1712.3957314170466	92.63644802561701	0.15657077111769852	2.8734880330624635	0.0037341528487731357	0.0020049648775265555	2.977404995265015	8.036834306892189	-224.11466292417865	
77000	-1947.0148096628275	-1704.8977796412503	-242.11703002157728	-1704.8977796412503	84.54202428326492	0.15109784910965296	2.8520279448056542	0.003949887221658595	0.002513543824437916	3.248122086947769	6.631547662228091	-232.76696457670255	
78000	-1918.2893419628635	-1676.9231574525022	-241.36618451036136	-1676.9231574525022	88.65327090933243	0.18339391385504866	2.865366035839443	0.003996719077084247	0.002726404960685158	2.8832421022581465	6.62779115544491	-231.9766674111013	
79000	-1914.8764573842252	-1667.1624622980723	-247.71399508615278	-1667.1624622980723	91.99713881797547	0.16054339752810595	2.865366035839443	0.003469702683820175	0.001945621114714912	2.770655170124863	9.279192945442105	-237.9879750005923	
80000	-1896.0473838178605	-1646.7667210669813	-249.2806627508792	-1646.7667210669813	91.22645558961817	0.16054339752810595	2.9202629313920054	0.00340030522654346	0.0018176454218409418	2.795275641204491	9.702630486878986	-239.34531305091568	
81000	-1899.0906823980595	-1642.4768072178636	-256.6138751801958	-1642.4768072178636	91.21484985297938	0.13110196348823644	2.7999621722834926	0.003222794470971855	0.002340721583328123	3.02054559161355	10.985037071643534	-246.9153268037726	
82000	-1904.4754261594817	-1633.4576524145978	-271.0177737448839	-1633.4576524145978	93.13778550655616	0.11404190818016433	2.8246303811547926	0.0027290752765158745	9.872357870079752E-4	2.7499337630140537	13.628307161293934	-261.0295983826961	
83000	-1914.4292096757663	-1633.8825727433516	-280.54663693241474	-1633.8825727433516	101.7076687668846	0.09869649139900541	2.815757052515446	0.002376156693120177	7.370479918289612E-4	2.8807927537085254	14.37540382639868	-270.5317145783799	
84000	-1913.1525172644542	-1632.1045483688263	-281.0479688956279	-1632.1045483688263	91.57614244459648	0.09994748107983704	2.7972623639082435	0.002841446415849462	0.001307909093295976	3.1068694636084406	14.10716994058182	-271.10737166037336	
85000	-1930.4655399161315	-1646.7947524004146	-283.67078751571705	-1646.7947524004146	89.9984420692152	0.1381860407963372	2.8580207534467856	0.0033804694119176737	0.0020563226691168797	3.2756430665716447	18.286131936121006	-273.28843710220985	
86000	-1932.3006635522502	-1652.2588338500082	-280.041829702242	-1652.2588338500082	89.59874955981044	0.12100957866338606	2.857011476493481	0.003265503564691328	0.0015653833867645091	3.2684183895795886	11.541444487375319	-270.12270595180536	
87000	-1929.3606068751974	-1653.5934019240642	-275.7672049511331	-1653.5934019240642	90.9927129099696	0.12760916832757122	2.9919010699143165	0.002885170775118319	0.0010728281830397358	3.5592017239072478	12.058804692182932	-265.39952130200237	
88000	-1916.2515582726824	-1639.0076975801387	-277.24386069254354	-1639.0076975801387	88.41457130622135	0.13252287040485927	3.031236449837745	0.0028546160977139007	0.0012803033671682728	3.1106096927792466	15.116596736372438	-266.5321609129746	
89000	-1910.9475900028167	-1633.8827895672578	-277.064800435559	-1633.8827895672578	106.05576353620177	0.1567352047112585	3.0335414112365533	0.0026789114908042618	0.0015325409618761438	3.1576795453420003	12.782225402800949	-266.51392277661427	
90000	-1916.904250317042	-1629.4636092540175	-287.4406410630245	-1629.4636092540175	112.99895239929201	0.1565753063964238	3.1115801245822596	0.0022496073250960935	9.70028645875114E-4	3.312305668661656	18.584902085410665	-276.2813298802907	
91000	-1896.33988062573	-1627.1794714555942	-269.16040917013584	-1627.1794714555942	103.65685425520583	0.17243932034183002	3.1115801245822596	0.0028831079400777814	9.351984551741619E-4	3.3899501221334285	11.623370746530794	-258.47042973184807	
92000	-1906.8737599017022	-1635.8698507068054	-271.00390919489683	-1635.8698507068054	88.30773044302728	0.21123322108328746	3.110414082179532	0.0035526607866690745	0.0013066574209538485	3.4551267946169903	14.33306530185368	-260.1078768975004	
93000	-1922.0873579058589	-1635.1421084876094	-286.94524941824943	-1635.1421084876094	88.30773044302728	0.16262258765381438	3.0997600421748017	0.0031129370108693463	8.12685466925121E-4	3.667163742259628	13.95107466942618	-276.1081950218437	
94000	-1922.5947116373504	-1639.4936721256192	-283.1010395117311	-1639.4936721256192	87.2053818573385	0.16262258765381438	3.108214701192133	0.003228652069181779	8.232898791103652E-4	3.7072790385111043	14.185132305569399	-272.22198074879344	
95000	-1913.4903722884287	-1632.2021958595255	-281.2881764289032	-1632.2021958595255	87.43036482976987	0.16053658036936708	3.133987132564746	0.003285165030590699	7.622332474290132E-4	3.5168692787179463	14.822970633346625	-270.2878089873334	
96000	-1934.93505470747	-1642.2500560080964	-292.6849986993737	-1642.2500560080964	87.91459530133646	0.16953437322606593	3.133987132564746	0.003148775246877271	5.991154628958412E-4	3.108864854340353	19.491021796804823	-281.41085536631226	
97000	-1920.8356287324495	-1638.1378953231758	-282.69773340927367	-1638.1378953231758	101.45135088689244	0.17674281446697068	3.2473487138037522	0.002614229938471937	5.986241709040458E-4	3.464063624571452	12.54195989718362	-271.52434544485254	
98000	-1913.4698857431663	-1627.9163776194098	-285.5535081237566	-1627.9163776194098	98.8820469798151	0.17674281446697068	3.2473487138037522	0.002820712092731473	5.878923040588804E-4	3.4570603768278945	12.374118676784965	-274.3935928860884	
99000	-1919.4556562299383	-1630.1212983257137	-289.33435790422453	-1630.1212983257137	98.10214769674707	0.1582540375679338	3.2464781092385904	0.0024978428764636683	5.252198272055167E-4	3.616619897299059	16.814537270900143	-277.8704180033552	
100000	-1927.7236142104343	-1633.462812243198	-294.26080196723626	-1633.462812243198	92.8808251942784	0.1582540375679338	3.1955077224074158	0.003030592467475565	6.213670256294742E-4	3.465743841076455	16.68800410497737	-282.95734220124876	
101000	-1934.690658364204	-1639.197915955456	-295.49274240874786	-1639.197915955456	91.04938759084772	0.1596465250196963	3.2972707140093362	0.0025631057857535035	4.6388573750041125E-4	3.414593913628647	19.683822790144212	-283.71885616001885	
102000	-1924.9192382011354	-1626.6264861120633	-298.29275208907205	-1626.6264861120633	105.30384408677557	0.17526262615920657	3.3040660700205775	0.002361736329463262	0.0012877377501040483	4.134399382224467	14.403392832582716	-286.81081106152254	
103000	-1939.4108298713272	-1630.6387013875756	-308.7721284837516	-1630.6387013875756	113.85026765157188	0.17526262615920657	3.3597426488428934	0.002069787609164869	0.0010751351221196268	4.151643783591391	19.899581350498387	-296.7999061134486	
104000	-1938.841877141348	-1632.3567564639482	-306.48512067739995	-1632.3567564639482	100.9100415337341	0.18924247790744886	3.4592621506297703	0.002281402221916179	0.0016697848330561546	5.132498655302246	19.78723282678196	-294.2199717137506	
105000	-1939.9609550472856	-1637.2887533271553	-302.6722017201303	-1637.2887533271553	100.916421656842	0.19702887844667807	3.424728587730744	0.0024980382731819534	0.0011320927982971043	4.038244195052602	19.638954870553633	-290.518185642098	
106000	-1943.3048194491485	-1635.8277070427912	-307.4771124063572	-1635.8277070427912	108.42185201192376	0.19856953487553408	3.536373292947966	0.0021730198163118033	7.908775410273607E-4	4.038721938984983	16.189153912902444	-295.1813022966259	
107000	-1939.2508405883486	-1626.0686388457386	-313.18220174261	-1626.0686388457386	96.30679159622197	0.29168325795678657	3.720068064935785	0.0024841700106091906	8.727305432627029E-4	4.385811255191712	21.223968245518936	-300.0644625887632	
108000	-1944.0121084145467	-1625.9774884064336	-318.0346200081131	-1625.9774884064336	96.08007125368488	0.2725832037332525	3.720068064935785	0.002356404840189141	7.576365447228073E-4	4.431693834839013	16.341193934548013	-305.1783228199692	
109000	-1931.933292755411	-1618.2387438319784	-313.6945489234327	-1618.2387438319784	97.78639169080233	0.3034429320991058	3.720068064935785	0.0025533600110195617	0.0018253687149562998	5.031357467993159	16.24956053324621	-300.843875025959	
110000	-1923.3826294118974	-1604.5237686980483	-318.85886071384897	-1604.5237686980483	96.14449844909265	0.2629805861824726	3.713177292971305	0.0023390862417577403	0.003611449443942264	6.184265334712045	19.078243828533235	-305.86837844475485	
111000	-1926.6898091974265	-1608.9769153737948	-317.71289382363165	-1608.9769153737948	100.96654077806204	0.22969373971818274	3.713177292971305	0.001982408143556627	0.0027501458890427473	6.257237281078826	22.634709042331142	-304.5514756473125	
112000	-1932.585623363079	-1616.2884618637095	-316.2971614993697	-1616.2884618637095	118.99790570160717	0.28040433627729494	3.713177292971305	0.0020365490734328634	0.004113807960147949	5.878892629384108	21.05928529330896	-303.20788628008984	
113000	-1922.6175393439971	-1613.0178820065416	-309.59965733745554	-1613.0178820065416	99.91495209649487	0.2664778439289552	3.7521828624840516	0.0023968955717512974	0.0034032524484466	5.84724655113041	16.655710000529076	-296.6279421756267	
114000	-1940.0445800300997	-1615.105298252275	-324.9392817778248	-1615.105298252275	94.88569850758063	0.2984405035056353	3.7521828624840516	0.002159456462444253	0.004220841948528775	6.343803311418362	27.532341083929538	-311.4649583635101	
115000	-1943.4119570118596	-1615.628251592645	-327.78370541921447	-1615.628251592645	100.26961704572024	0.2984405035056353	3.766202384471227	0.0021309323037682487	0.0016149676952419562	4.863250371238259	17.777770901006004	-314.7047317346774	
116000	-1939.2140934914128	-1616.0446652402634	-323.16942825114927	-1616.0446652402634	110.42641891690354	0.31801671398217457	3.7636905203356825	0.0021357739487661465	0.0016855555180737606	5.26547169542759	21.962095513614074	-309.88662172752663	
117000	-1947.4700061257074	-1623.0363724948204	-324.43363363088696	-1623.0363724948204	107.5149991185694	0.29392277326629995	3.7636905203356825	0.0020307331186784606	7.659974272659784E-4	4.230445908277575	26.79159687757773	-310.95205685446444	
118000	-1938.7271837213616	-1615.1904796605688	-323.53670406079266	-1615.1904796605688	103.15731982860677	0.2920851602824746	3.7636905203356825	0.002162204884832833	0.001426548372896536	5.055336796398945	24.1142670844681	-310.16041191283324	
119000	-1946.8683083240398	-1617.344429663619	-329.52387866042085	-1617.344429663619	115.03522179582494	0.2636867656516516	3.74993768270838	0.0019054836920671641	0.0012260259910689872	5.050024569425239	23.854766183692565	-316.19966877479385	
120000	-1945.6816437717434	-1617.4243278773529	-328.25731589439056	-1617.4243278773529	105.9452844218108	0.2636867656516516	3.717101867590241	0.0021103081485569154	0.0013351419185487774	5.541167265881696	25.279207046766643	-314.973625141238	
121000	-1952.9356980506727	-1620.90914616077	-332.0265518899028	-1620.90914616077	104.86601404972188	0.3093111462165199	3.695508549298525	0.0021489017205295574	0.0010209803374762816	4.4292080940065635	23.969192344532917	-318.8608604187851	
122000	-1957.3510305731972	-1631.344034864023	-326.0069957091744	-1631.344034864023	97.16857413015668	0.2844764648930204	3.7277143755351014	0.002214679003606964	7.633401617378444E-4	4.375760713606827	22.86981694461611	-312.79162844625034	
123000	-1962.5242061726844	-1625.112217518002	-337.41198865468243	-1625.112217518002	134.76294751418519	0.2515935057592709	3.6119507149687164	0.0019496654295002242	8.814371695200598E-4	4.569454850880536	31.963330986895908	-324.2091757707737	
124000	-1952.2941892552367	-1612.453050700381	-339.84113855485566	-1612.453050700381	217.39641563712956	0.24274199191320303	3.6293815377448913	0.001201298681552622	4.584168891673347E-4	4.1119711962184615	29.114803770559064	-326.679370546475	
125000	-1953.9313998760663	-1620.8662289198687	-333.0651709561977	-1620.8662289198687	119.43176168609787	0.24274199191320303	3.6291974100432896	0.0018262504529772275	3.1697991461285296E-4	3.63799689463885	30.21069524448245	-319.86700614277265	
126000	-1954.1325727025644	-1615.9595791111258	-338.1729935914386	-1615.9595791111258	107.86036220315496	0.23434066621274505	3.6469396860718257	0.0018996998039315846	2.820503741176722E-4	3.384750173713558	27.202958805696966	-325.0264668885596	
127000	-1965.8250102872676	-1619.1425496874983	-346.6824605997691	-1619.1425496874983	108.17062567002135	0.20911472534315437	3.614943091134452	0.0018992264142945856	2.501034437467031E-4	3.2435041084862446	31.16041710994806	-333.4961104216646	
128000	-1965.3158099135844	-1626.6119152999393	-338.7038946136451	-1626.6119152999393	130.52557030551228	0.20340547089676422	3.6260582900411893	0.0015387826596214107	1.3206280652118275E-4	2.838787669215145	25.552160260657974	-325.68262224751555	
129000	-1967.5519317311914	-1614.846603097188	-352.7053286340034	-1614.846603097188	131.5390151266201	0.17058639038701146	3.481819138612406	0.001712522530857057	4.4640720561105586E-4	3.5636821037255344	38.550414021334795	-339.70557202182334	
130000	-1970.0833599172533	-1614.3032814211376	-355.78007849611566	-1614.3032814211376	108.44401702981841	0.17492787498464582	3.5567434732079484	0.0018212144723175107	3.4981547714705533E-4	3.86618343108468	32.86998233678396	-342.7149333900952	
131000	-1969.2207181535891	-1614.9281715763607	-354.2925465772285	-1614.9281715763607	109.42289054601119	0.14560898247264917	3.5567434732079484	0.0015286988607798922	1.0992048740853463E-4	3.061426399527764	40.75371177392417	-341.01241439950275	
132000	-1971.7124068848266	-1622.4584485671967	-349.25395831762984	-1622.4584485671967	114.47033207172927	0.15818027441034657	3.4949642645558674	0.0019049743710193548	1.6965574174269664E-4	3.1017472179343595	38.60935414075665	-336.2132346411268	
133000	-1967.529692831397	-1616.0570984673545	-351.4725943640425	-1616.0570984673545	127.55630853522615	0.15818027441034657	3.5826924369815125	0.001536900130072536	1.1645353393415784E-4	3.23907629262759	38.37654417667487	-338.1747079873144	
134000	-1962.2991101430057	-1614.0609275630684	-348.2381825799372	-1614.0609275630684	110.38449696417452	0.17335577325845772	3.5348261529996576	0.001791958333930018	1.4148823887252977E-4	3.089807519344005	27.746586173792224	-335.40824304884484	
135000	-1969.2448310043064	-1616.702848733437	-352.5419822708694	-1616.702848733437	114.18804600645767	0.14548454691345952	3.530647206332929	0.001447768178149214	1.0625792513971106E-4	3.2313863339762685	38.609911684907125	-339.39418462253684	
136000	-1971.2229668282894	-1616.71075443636	-354.5122123919292	-1616.71075443636	122.1460169597056	0.16257516480374454	3.5473671382935503	0.0015934986039356227	1.4692728092061108E-4	3.382549987856155	36.8628028497203	-341.36055596437745	
137000	-1975.4304801425262	-1617.554213849745	-357.87626629278117	-1617.554213849745	137.54323909540153	0.16277269575491282	3.6061435767998518	0.0015313001366037554	1.2109151240780744E-4	3.1405273316136193	34.20447819955423	-344.62310932777797	
138000	-1996.5522681550813	-1625.1374156734191	-371.4148524816622	-1625.1374156734191	105.59741733074969	0.16277269575491282	3.617813854512298	0.0017109703683666595	1.2109823216272973E-4	3.148568818832967	49.107021818411	-357.7650357239584	
139000	-1970.3496457256729	-1613.256186308045	-357.0934594176279	-1613.256186308045	178.73816738753138	0.1755896903699516	3.649674751641738	0.0012174049432700064	1.18187099785899E-4	3.0947925172111668	38.30616250099555	-343.59644166039175	
140000	-1980.5289772980207	-1622.2801351703254	-358.24884212769524	-1622.2801351703254	153.2777759837923	0.19787751848373916	3.6444054330435653	0.0015082245895219463	2.0637374802182735E-4	3.291888706025845	35.83357435096685	-344.8343594063095	
141000	-1980.1517295462886	-1624.9473072474682	-355.2044222988205	-1624.9473072474682	146.63106126934315	0.18782162660050572	3.62845573839233	0.0016156583981798433	1.5160903513578472E-4	3.115535461175835	31.69365017617136	-341.96056238080723	
142000	-1977.0231384179392	-1618.194198507224	-358.8289399107153	-1618.194198507224	147.8584142082216	0.18782162660050572	3.62845573839233	0.0012457955580635043	1.5121770067725988E-4	3.352596360923104	41.57585198779451	-345.31367682596044	
143000	-1975.0809007890734	-1610.043326932648	-365.0375738564255	-1610.043326932648	121.11370204206604	0.18782162660050572	3.645127416241607	0.0015343176953863799	1.501227579226798E-4	3.290104660387766	34.1619344772985	-351.66869825656505	
144000	-1976.2417112108394	-1610.7936610193779	-365.4480501914615	-1610.7936610193779	150.13375378995366	0.17499407572348075	3.6448743390126603	0.001264459024608608	1.2901824957666682E-4	3.3779551722535697	48.570290520015675	-351.72803385862295	
145000	-1962.7548659540535	-1602.4174951269092	-360.3373708271443	-1602.4174951269092	113.45332673192846	0.18779477669078892	3.6448743390126603	0.0014637875240281796	1.8450408293829346E-4	3.4324600914748586	33.003080912507556	-347.0037656140222	
146000	-1960.3522639909079	-1605.6461949996167	-354.7060689912912	-1605.6461949996167	106.3788455421499	0.19594470942144776	3.6502925862733338	0.0017852349301826812	1.8037479263654726E-4	3.608391607729365	33.374704580643304	-341.3450100636791	
147000	-1973.7839513809718	-1623.1416975341956	-350.6422538467762	-1623.1416975341956	101.49625062929871	0.17637408875880511	3.6593960988748004	0.0017839664960955222	1.4400287668123036E-4	3.368454887426496	32.216819184721125	-337.2891912640875	
148000	-1979.5407672468555	-1624.4830388799699	-355.0577283668856	-1624.4830388799699	102.03302045569872	0.18231345563219534	3.646966894893706	0.00168710529302703	1.6302750709293784E-4	3.2613529739249607	39.36440423523779	-341.5415838142399	
149000	-1961.4825788379633	-1613.4242690617505	-348.0583097762128	-1613.4242690617505	101.72256275836314	0.19047536190200517	3.646966894893706	0.001933232631942083	1.8448952337414754E-4	3.2785620252966146	36.77495875135318	-334.610210040874	
150000	-1962.7709937828415	-1613.5090367375599	-349.26195704528163	-1613.5090367375599	106.9531702657406	0.1830321603475082	3.646966894893706	0.001577878627232297	1.5827566190830427E-4	3.241019947739637	24.89712437622046	-336.2039221448778	
151000	-1977.3283337369912	-1627.4928418884422	-349.83549184854905	-1627.4928418884422	106.62564745491983	0.22647556884802833	3.69339789679568	0.00198565864411843	1.8679111666694047E-4	3.2096654061921024	34.20607383480201	-336.3204990958396	
152000	-1970.2283018719422	-1621.0052159065197	-349.2230859654227	-1621.0052159065197	132.97628302421978	0.2023118017473849	3.69339789679568	0.0013743700820119218	1.442189384646189E-4	3.4415549045535787	32.71922477531595	-335.7525336197541	
153000	-1969.9014776845142	-1613.1863467017308	-356.7151309827833	-1613.1863467017308	106.76112089184207	0.20655620907723665	3.676557462249932	0.0016503453256386208	2.736645520182028E-4	3.7236863920930303	32.55214994037666	-343.3002243952866	
154000	-1963.4449560282364	-1613.2010329380967	-350.24392309013973	-1613.2010329380967	116.97513939491128	0.22056361346041098	3.649911800761707	0.0016428811330531545	2.678013186060864E-4	3.776480136760332	29.481770012362144	-337.0080327918309	
155000	-1959.7807516590465	-1612.8386682384294	-346.9420834206172	-1612.8386682384294	159.11505843578055	0.20319413865816083	3.6563921155296755	0.001440693453679328	2.2163275047589064E-4	3.7528973217497312	36.44299432271661	-333.4747731000284	
156000	-1956.4263198533918	-1608.5744899632386	-347.85182989015306	-1608.5744899632386	145.59453812335568	0.2247622932744458	3.6157540233551924	0.0014848759524846795	3.122407696945544E-4	3.6818857304920303	31.239990879831854	-334.6604962460328	
157000	-1961.0555401924569	-1612.882536346972	-348.17300384548474	-1612.882536346972	137.5820352469966	0.21865011964299969	3.6157540233551924	0.0016097870713989728	2.9416303480989207E-4	3.5939465156165658	32.92852411363509	-334.92902995791286	
158000	-1966.0029758376756	-1619.0286698342406	-346.97430600343495	-1619.0286698342406	141.17797438111896	0.17405761442297998	3.6163907161894935	0.0013046801481953296	1.905480374495142E-4	3.7869406374927785	29.753019956545	-333.8298304848334	
159000	-1960.3866620112276	-1614.7132553557076	-345.6734066555199	-1614.7132553557076	156.53241256438304	0.13545421292651047	3.5210448305732185	0.0012301649628879516	3.036095478908399E-4	4.3728408395408165	35.45360065728745	-332.6397032205351	
160000	-1977.5568925062594	-1623.7053260975201	-353.85156640873913	-1623.7053260975201	186.59089544535968	0.10892419751527146	3.4394547269062805	0.0011342631778299625	2.612580918828624E-4	4.1247401998017015	34.44635666795628	-341.0914793473082	
161000	-1974.802938925924	-1624.9662615623372	-349.8366773635868	-1624.9662615623372	176.8511944016778	0.10892419751527146	3.343993336219393	0.0013952326579798374	3.614757173201767E-4	4.148191093969561	44.584497208522336	-337.1050201478874	
162000	-1964.5703324442434	-1613.7902774937515	-350.78005495049194	-1613.7902774937515	109.86046682164593	0.09105726280943123	3.2120909683654846	0.0016876160344062524	3.841780395889238E-4	3.8933308514314575	32.262232585310464	-338.7676333391064	
163000	-1958.898708369045	-1612.262984304085	-346.63572406495985	-1612.262984304085	109.34672314701528	0.08357837727027403	3.2120909683654846	0.0017571007335384107	3.188255173191916E-4	4.015678102488206	36.49155582173262	-334.5001188433952	
164000	-1960.263211943413	-1614.4025343560415	-345.8606775873714	-1614.4025343560415	146.18376746886372	0.06681296087892696	3.2057050096703192	0.00136035273062006	2.2796557170573183E-4	4.07397864651629	28.878953985560766	-333.97819995031307	
165000	-1963.105756345071	-1619.3968542006135	-343.7089021444576	-1619.3968542006135	141.04356938879212	0.04980330168866805	3.0533326008152324	0.0013859281201654633	1.5101452484582965E-4	3.811164577691338	29.47830910217137	-332.26304583607174	
166000	-1962.1786192044858	-1615.1718547595763	-347.00676444490955	-1615.1718547595763	141.84027411235667	0.056326029911801814	3.1199230941918703	0.0014751610932362729	1.5544875092487098E-4	4.1500987998675365	29.68057862506305	-335.3542784719043	
167000	-1973.1406407668792	-1630.2789701666127	-342.8616706002664	-1630.2789701666127	144.47017101560982	0.051813901630832444	3.100968839769956	0.001566553132356629	1.6808934572097267E-4	4.289049762996818	29.59181136418444	-331.26904831097926	
168000	-1983.7009109230776	-1624.313978296874	-359.3869326262035	-1624.313978296874	129.53184091293681	0.05105151901833689	2.9721824740364715	0.0017031006156615492	2.2743535593195763E-4	4.124535706331838	39.52546901492153	-347.89126050453564	
169000	-1978.0181202338583	-1612.0218327776074	-365.99628745625097	-1612.0218327776074	126.84814646245819	0.050444090281220585	2.963300404785479	0.001571541294845316	1.9744772369040966E-4	3.9634312031716408	40.5639202199005	-354.50133044955686	
170000	-1978.4075919543582	-1612.4764451650472	-365.93114678931096	-1612.4764451650472	117.66541593371396	0.05159565379243099	3.0697499956467014	0.0014792922753945786	2.181260866989768E-4	4.686243710152075	36.504956286962965	-354.222240038885	
171000	-1991.532707110372	-1623.7904944612103	-367.74221264916184	-1623.7904944612103	128.90294124933354	0.04709652034467068	3.0579003818829937	0.0013694077995746632	1.875170671837756E-4	4.5523967759719675	39.34947305772326	-355.9938237517101	
172000	-1964.0850201501596	-1601.102982211618	-362.9820379385416	-1601.102982211618	153.19540593509996	0.04709652034467068	3.017475129280452	0.001386218176706055	2.1455668894645384E-4	4.264491660093253	32.52878656604939	-351.5452940735037	
173000	-1963.2875936412138	-1607.242015483915	-356.04557815729873	-1607.242015483915	135.5860227251524	0.0410432383328171	3.007508394632336	0.001384444602374311	1.91011485956369E-4	4.087115211947153	34.98010471893278	-344.5660834610514	
174000	-1972.1369522931268	-1604.8337283787855	-367.3032239143414	-1604.8337283787855	161.11122509917504	0.038822801295510995	2.9405970174757177	0.0014527948666783776	1.9681308840903544E-4	3.9860920341805035	37.405569692158565	-355.9574432726678	
175000	-1970.5598070491972	-1593.2526203874959	-377.3071866617013	-1593.2526203874959	129.08032934367154	0.02614040020977547	2.8437424966116853	0.0012384496699600273	1.1506218878765255E-4	3.9180780631491743	58.8666641786819	-365.79854330022783	
176000	-1973.273117405882	-1599.7892339103973	-373.4838834954846	-1599.7892339103973	143.5341567638477	0.024026127165996364	2.7320346201335877	0.0013741836668661276	1.1905231490309108E-4	4.036829472328351	33.68969686250749	-362.8684801768668	
177000	-1983.7911647178428	-1606.7564189185298	-377.03474579931304	-1606.7564189185298	116.44909820494416	0.02261803367748402	2.7388448396592784	0.0014487097892081134	1.0392958087232688E-4	3.7513560171206977	50.462314819618804	-365.9948750218691	
178000	-1972.5932295284886	-1599.1679153948005	-373.425314133688	-1599.1679153948005	128.909365266943	0.02457460419292904	2.805384408657589	0.0014338805091002622	1.5599000777744565E-4	4.288217211525712	47.497957457925956	-362.24634479266086	
179000	-1975.309963237433	-1596.5926301947916	-378.7173330426414	-1596.5926301947916	182.78046980340423	0.023131078590948848	2.8976376511149744	9.894582110409223E-4	1.157733534002939E-4	4.420549621062387	50.00415201240463	-367.2101569625032	
180000	-1985.5694768803885	-1595.4247571416752	-390.1447197387134	-1595.4247571416752	130.09951972017006	0.023131078590948848	2.9106332878746395	0.0012623220821803883	1.130479181686602E-4	4.383017699422676	44.217390389163185	-378.7215407320218	
181000	-1998.1825505773631	-1607.2387925443272	-390.94375803303603	-1607.2387925443272	147.4545181343842	0.02272744965769656	2.8901630713316626	0.0011815425542053832	1.1267306226417455E-4	4.364057317235132	46.74302563496163	-379.52644891674777	
182000	-1979.2255755369108	-1603.6663810716873	-375.5591944652235	-1603.6663810716873	127.93934025341784	0.022951595869476968	2.9132814937660356	0.0011977416478976468	1.1038646337786524E-4	4.23559899108174	53.12878879729816	-363.94446926249964	
183000	-1986.2490710930633	-1611.6131532444865	-374.63591784857675	-1611.6131532444865	157.18572254625334	0.0222110524616082	2.783831322195078	0.001169393789742426	1.0172802444337556E-4	3.436077867991431	54.96911241149645	-363.3755295077779	
184000	-1984.9864094665331	-1602.4489813904863	-382.53742807604687	-1602.4489813904863	145.10423413966842	0.023792823185138725	2.8005209858777307	0.0012337513529402915	9.904415129155368E-5	3.7221620644980495	46.152157802770894	-371.40179345561677	
185000	-1982.3568548570067	-1602.859669768171	-379.4971850888358	-1602.859669768171	164.78762451622947	0.02822791335130427	2.9168423814584177	0.00107954122288208	7.904647617876111E-5	3.637677725602043	48.646904309992856	-367.95990692315354	
186000	-1979.2852825227765	-1598.6961277120618	-380.5891548107148	-1598.6961277120618	134.5146945196168	0.026480959867127493	2.9202050074550177	0.0013270048625000164	1.22228053976577E-4	3.9591553517373828	48.9253187021596	-369.0360809055438	
187000	-1971.1629495285024	-1591.4905953887014	-379.67235413980103	-1591.4905953887014	130.74897213353663	0.022754356973046147	2.93420377928407	0.0011528441911673928	8.754119379582156E-5	4.172646736514552	52.42858938082095	-368.0081227050359	
188000	-1976.1929769578344	-1591.7477225433317	-384.44525441450264	-1591.7477225433317	130.53809727181925	0.025188600206201582	2.933105679276852	0.0013597930866714443	1.1058055509516728E-4	3.8176054703531253	50.11554136828953	-372.82943848369626	
189000	-1959.2607991629516	-1590.0708301738202	-369.1899689891312	-1590.0708301738202	132.57785979457492	0.025188600206201582	2.933105679276852	0.0013973291956712087	2.1226870639919993E-4	3.729679506011375	42.20828670573724	-357.7458676560644	
190000	-1970.701660692888	-1591.6810321630558	-379.0206285298323	-1591.6810321630558	153.33130245918548	0.02416338430099177	2.998913024665194	0.0012406450046514846	3.253414618724444E-4	4.246697012906491	48.474286652902045	-367.24066850037394	
191000	-1967.6404618345368	-1596.5691023237664	-371.0713595107703	-1596.5691023237664	153.74527829660724	0.028022850522053836	3.0798608902325624	0.0013238160292206166	2.919642876935808E-4	4.910372799513221	55.39861002849214	-358.91501057936887	
192000	-1977.1251726479381	-1600.1252957517208	-376.9998768962173	-1600.1252957517208	155.71541029873907	0.02400230277153367	3.0475533674465827	0.0011570113168123458	2.3049269607481885E-4	4.490032439744426	53.64294468027043	-364.97266477609656	
193000	-1985.825694359046	-1607.2859727862394	-378.53972157280674	-1607.2859727862394	169.67591983619883	0.020040312853518177	3.0190886001401362	9.84102749063068E-4	1.688996141020747E-4	4.508868609566836	53.79821679253014	-366.59502192739484	
194000	-1976.1964797562723	-1597.6830096100089	-378.51347014626333	-1597.6830096100089	165.50768885161736	0.028688678079868853	3.062319942807511	0.0010425722392036398	1.0651345229812406E-4	4.172306157956097	52.785917641671865	-366.4580593798412	
195000	-1976.8458203014468	-1598.76724765994	-378.0785726415067	-1598.76724765994	166.10662757412203	0.024586979519395823	3.019010449696955	8.613840373237981E-4	8.498039036042983E-5	3.9568855267953453	49.33856084766653	-366.2206418497593	
196000	-1967.404319183752	-1593.204436993563	-374.19988219018916	-1593.204436993563	178.89338916851756	0.024586979519395823	3.0030610083468523	0.0010138882926313524	8.890815617170839E-5	3.8174664575955535	42.539010357487015	-362.53808890472305	
197000	-1966.883928145406	-1589.238711730092	-377.6452164153138	-1589.238711730092	136.9433159516855	0.024586979519395823	3.0546182055132585	0.0010643785471093276	6.032025130199923E-4	5.811779277095721	54.25016331631872	-365.58555161247807	
198000	-1981.5702120593862	-1601.19377777888	-380.37643428050615	-1601.19377777888	128.41123717355083	0.026854198037251382	3.039067774910681	0.0013103783924683912	7.368702757019575E-4	5.782263899237121	49.4622636371041	-368.455821409857	
199000	-1988.0925482666503	-1599.938156615056	-388.15439165159444	-1599.938156615056	142.35717366582927	0.026854198037251382	3.069514817653224	0.0010740501874320241	9.158473499635098E-5	4.15824648837381	59.98436275972097	-375.94955463817996	
200000	-1987.6441147790683	-1603.265315257287	-384.37879952178133	-1603.265315257287	143.76178048980393	0.027691560857671615	3.0426569718480856	0.0011891786083619814	1.0052114981100545E-4	4.341546511202786	56.25328306517133	-372.31876360654076	
201000	-1980.9180772745538	-1597.7638040769261	-383.1542731976276	-1597.7638040769261	175.56971846061185	0.027483539402474857	3.0426569718480856	9.778540535657048E-4	9.745071828720265E-5	4.446233260128594	46.68843754639436	-371.280605143365	
202000	-1974.761782582238	-1590.8029112382644	-383.95887134397356	-1590.8029112382644	124.19089517906747	0.030385250740042127	3.1772315249058707	0.0010716359725178723	8.749663460526588E-5	4.432655055584446	46.607018752704455	-371.6831846513396	
203000	-1989.46346951797	-1592.720044205422	-396.7434253125479	-1592.720044205422	145.4641229157251	0.03689238667432692	3.1772315249058707	0.0011283991222995485	1.284401662855577E-4	4.406191459551256	75.48221774875752	-383.9855926647071	
204000	-1979.8968344259438	-1588.2760342056256	-391.6208002203183	-1588.2760342056256	134.5964732654002	0.03456551322345395	3.194658179382459	0.001215584147526751	1.0905622109756935E-4	4.51957424498219	54.62101876257384	-379.1341607148415	
205000	-1965.1598317971516	-1588.6237489455461	-376.53608285160544	-1588.6237489455461	124.45899832934921	0.03456551322345395	3.1699334212461263	0.001443936290886634	1.16164367288156E-4	4.443553924667495	59.229074693177964	-364.0426312585009	
206000	-1977.806956436252	-1592.4765262363069	-385.33043019994506	-1592.4765262363069	137.4693477427631	0.034845335935287255	3.2381126305092582	0.0013465324560563029	1.0119390895778836E-4	4.69467127771518	47.82584174247177	-372.8462669555022	
207000	-1984.58183787621	-1596.7804016231	-387.80143625310996	-1596.7804016231	152.54447263269228	0.04489910395703454	3.2958388263624174	0.0012396821249798515	1.4355746978163286E-4	4.769375545297375	57.86587949097067	-374.95351530695916	
208000	-2000.3796073594256	-1600.2914227125245	-400.0881846469011	-1600.2914227125245	187.76490650597685	0.0413891973998392	3.377863528948557	9.377071299828237E-4	1.3431003325084943E-4	4.75698481369651	73.94434214558107	-386.74898021627683	
209000	-1982.893004615832	-1596.8732631280943	-386.0197414877378	-1596.8732631280943	177.8816984719037	0.04315831626238046	3.4086971285431966	9.509153296166556E-4	1.7731015534954716E-4	5.151315298622542	57.9711897554586	-372.83139352558504	
210000	-1980.3295830398952	-1592.7680073204583	-387.5615757194368	-1592.7680073204583	134.3794929135633	0.02754436414969411	3.2634273812052683	9.850255724927735E-4	1.0720159817864527E-4	4.925350596779543	54.78611289025728	-374.86558999593467	
211000	-1969.0635871230622	-1585.7144069386927	-383.3491801843695	-1585.7144069386927	132.16283441484435	0.036408519090091615	3.196076011297978	0.001414531087488725	2.2102030247596923E-4	4.837496019403621	51.486567572817414	-370.9173845756283	
212000	-1958.9814721814664	-1588.9755545626913	-370.00591761877513	-1588.9755545626913	129.85388138144486	0.03718494406312786	3.196076011297978	0.001411642185470789	2.3084344677129823E-4	4.733534731805614	40.49791577301319	-357.81419244946085	
213000	-1957.1559088367403	-1581.278528272542	-375.8773805641984	-1581.278528272542	130.97795869510148	0.03293864267383988	3.1289030731173786	0.0013031775425378946	2.1022588172147933E-4	4.940216585532411	50.011111677608234	-363.67619965942623	
214000	-1952.2288009081144	-1580.36684373227	-371.8619571758444	-1580.36684373227	127.27359019932602	0.03349269817220776	3.0384348649265114	0.001480367667490707	2.6600499296615225E-4	4.875563365392854	46.81525801638695	-359.99824407733183	
215000	-1952.4615315927601	-1584.7079694001136	-367.75356219264654	-1584.7079694001136	124.46498470976142	0.03699417980565191	3.105982118560687	0.0013314130669809792	2.5621082426736827E-4	4.114690225033573	43.01668466803902	-355.7718081868378	
216000	-1960.1127472635753	-1592.4457757753885	-367.66697148818673	-1592.4457757753885	123.02538338446283	0.03699417980565191	3.105982118560687	0.0013657480191016933	2.5160722014475756E-4	4.291138956561053	48.73151613360507	-355.56047956903654	
217000	-1951.4787219692641	-1583.9985100966267	-367.4802118726375	-1583.9985100966267	108.14357422274432	0.030838845332162294	3.0030941195620304	0.0015342322684741422	2.4310553130863042E-4	3.7734553595925053	43.389099337376976	-355.7985325470651	
218000	-1960.9954706170765	-1594.4264518203163	-366.56901879676036	-1594.4264518203163	111.34399798046104	0.03293275062784572	3.11859097138572	0.001483611276213905	1.6854264381605953E-4	4.460880559951301	36.5909766957339	-354.7112208337693	
219000	-1967.4289706257775	-1599.9894964394068	-367.4394741863707	-1599.9894964394068	109.20880017823696	0.033398564029833724	3.1014807131365347	0.001443287689193223	1.9056989055721063E-4	4.334245237249423	46.0970517011506	-355.40206480982636	
220000	-1956.458673145015	-1590.2214130833797	-366.2372600616351	-1590.2214130833797	111.35001223874447	0.03145489724750682	3.111935079592	0.0013865916026453854	1.5405630912818688E-4	4.722879130916763	44.57768313445965	-354.20200008699226	
221000	-1976.0113720472873	-1601.7128849786059	-374.29848706868137	-1601.7128849786059	113.50868820146057	0.036192840658472315	3.134193962080321	0.0014589888624706308	1.9477770964791783E-4	4.661012928574293	46.53204178019221	-362.15353597805	
222000	-1992.0889721307394	-1601.3046595187723	-390.78431261196727	-1601.3046595187723	113.13543242053548	0.029620570635834974	3.1216861635654114	0.001244852897070531	1.3477044119743035E-4	4.75708969722695	64.96683689315088	-378.3431528773758	
223000	-2010.083850153216	-1601.606263918719	-408.4775862344971	-1601.606263918719	121.83309777105303	0.02958406669317796	3.1798378556367886	0.0012058604110196313	2.238108715194577E-4	5.51037175491051	70.33642552082563	-395.7825411059012	
224000	-1988.5111356887428	-1592.5941075109051	-395.9170281778378	-1592.5941075109051	113.13602064243351	0.024171162685635694	2.9420897686906775	0.0015092209969592807	2.2743479028150004E-4	4.679746604551337	70.5117356059532	-383.9328092917714	
225000	-1980.3302712102113	-1585.3715533854718	-394.95871782473944	-1585.3715533854718	118.29047590932363	0.024171162685635694	3.0170668568999592	0.001305854394412728	1.982303899651434E-4	4.938268641691337	60.31430482466821	-382.9057550339243	
226000	-1981.3214825599384	-1592.1397476365828	-389.18173492335563	-1592.1397476365828	114.7934851496915	0.024666589444924707	2.9868750198161824	0.0013171902518734283	2.1597344763766882E-4	5.120961467941722	58.36970505305056	-377.25212899930864	
227000	-1981.0335874925204	-1590.5763023058937	-390.45728518662673	-1590.5763023058937	103.67661147205709	0.02210240010129427	2.9883514794155968	0.0012609929307480624	1.6566070523968288E-4	4.903323296515279	59.42533237929593	-378.50532584045743	
228000	-1980.9974901749422	-1597.2178310378474	-383.7796591370948	-1597.2178310378474	103.58404391493048	0.02127440904097453	2.904986303917617	0.0014672881217098306	1.7554483796973356E-4	4.587761845160977	44.78524753009878	-372.360662146973	
229000	-1970.6379091156705	-1594.6698645808947	-375.9680445347759	-1594.6698645808947	105.53233761870281	0.017633563689151328	2.960128868113607	0.0012178256916180515	3.2275819596634496E-4	6.241982981735213	47.15377197577006	-364.3320680912646	
230000	-1986.6513512917827	-1606.350597158834	-380.30075413294867	-1606.350597158834	123.97316029605325	0.02061863919796852	2.869736913886081	0.0013053700533582292	4.928869803551262E-4	5.776635134228246	53.248383436069	-368.8144272316634	
231000	-1989.664477486786	-1602.5195419505433	-387.1449355362427	-1602.5195419505433	112.22429781517923	0.022964099939695774	2.9831381304191766	0.0012318270531358005	5.28619686676799E-4	6.288668283267349	71.44894706955921	-375.0243552400493	
232000	-1966.9624500250127	-1592.1802355097561	-374.7822145152565	-1592.1802355097561	117.61689679051717	0.02088782442349666	2.9403394215347185	0.001320200677938878	4.687103774913761E-4	5.829262438298225	53.32667230013521	-363.08258972988205	
233000	-1993.9045361172061	-1600.8595502944395	-393.04498582276665	-1600.8595502944395	118.51941753696369	0.022158005246676972	2.946058692944124	0.0013003993461450087	5.227947309179584E-4	5.851986693186154	46.178422733173285	-381.4721254830214	
234000	-1985.2232998080476	-1596.947592844799	-388.2757069632486	-1596.947592844799	107.59971452255384	0.017555573806913586	2.9063014038681256	0.0011159293859703768	3.437778751903131E-4	5.699147824663976	52.89596740853533	-376.6863159621976	
235000	-1986.6542520369726	-1595.5173688176849	-391.13688321928777	-1595.5173688176849	130.40316853472598	0.025848789040545495	3.040734179514534	0.0012766681814796765	6.206028611135269E-4	6.202211299612421	62.50675754104067	-378.97720599137324	
236000	-1990.6366763968877	-1599.1333928137553	-391.5032835831324	-1599.1333928137553	123.62797098475032	0.018564014264891047	2.85157648915513	0.0013645683268219439	4.04570196768478E-4	5.793697754231284	57.15809430842789	-380.0005898379276	
237000	-1980.5182062991712	-1596.298754046788	-384.2194522523833	-1596.298754046788	125.85233241177501	0.020793583890610645	2.907733140435462	0.0013134036744171325	4.7774142733144167E-4	6.072225709041809	48.593793188389355	-372.710596906985	
238000	-1982.2224171514426	-1601.9095082392319	-380.3129089122107	-1601.9095082392319	130.8516683908973	0.018661234483681056	2.966567277655213	0.001132003019927695	3.573379879577775E-4	6.087887521975243	59.7248686071913	-368.4212808204781	
239000	-1981.3883317874293	-1600.8349974227926	-380.5533343646365	-1600.8349974227926	141.10272217527927	0.021983377474376245	2.9930418036061637	0.0013515635667038122	4.7882397532958475E-4	6.212669807971649	51.290091941526434	-368.7345256511636	
240000	-1975.9637743185415	-1594.9389637620982	-381.02481055644336	-1594.9389637620982	125.48867242638327	0.022606142098660652	3.053314092777557	0.0012646224437240854	4.648776318646448E-4	6.43320077240476	55.795312139523496	-368.9409746319211	
241000	-1984.8454289483009	-1606.3802309907019	-378.46519795759906	-1606.3802309907019	125.48867242638327	0.019992787447557822	2.8904946188754685	0.0016176160740805933	4.521922990625967E-4	5.93712244057681	44.727411681429864	-367.0909726091442	
242000	-1983.966435525583	-1606.652372542237	-377.31406298334605	-1606.652372542237	122.8345962419853	0.018931341379116663	2.8220505799241185	0.0014925077827600212	4.3363406368945683E-4	5.603348844527892	46.54504868874486	-366.1053562047728	
243000	-1993.0117792667163	-1609.7194965581407	-383.2922827085756	-1609.7194965581407	124.7579400367211	0.012605355358464595	2.715108928426032	0.0013303736550399857	2.1785845635165452E-4	4.920998491928301	58.49537599918276	-372.17590589446127	
244000	-1984.1916049664437	-1598.9411531366072	-385.25045182983644	-1598.9411531366072	130.1410372346775	0.010781285845983257	2.7338643935869693	0.001188038362409561	1.5769418847147367E-4	4.930589879392876	53.16282651980825	-374.1733912989211	
245000	-1993.445583216317	-1606.8118367920597	-386.63374642425725	-1606.8118367920597	276.355404239121	0.010781285845983257	2.7480702074374515	7.213775811309536E-4	1.5608352303609645E-4	4.706490947797147	49.26656027262493	-375.5901780318114	
246000	-1980.374832633977	-1606.2754809858773	-374.09935164809957	-1606.2754809858773	202.0988719924988	0.010781285845983257	2.630992913744213	0.0010470546917288122	1.742048667123938E-4	4.4283078606833834	42.78638854207766	-363.5480757964342	
247000	-1965.7276504890417	-1598.7379060884057	-366.989744400636	-1598.7379060884057	203.94268703058393	0.012765546064069164	2.6437263937955335	0.001074571957308761	9.876840335510415E-5	3.3346772369881466	41.0681600971772	-356.44125118790726	
248000	-1979.909095333694	-1611.281577151382	-368.6275181823121	-1611.281577151382	280.97772262651307	0.011748561306316824	2.659341237799685	8.582378422398442E-4	8.10279216490802E-5	3.489209438519181	53.047761648350495	-357.77621620949714	
249000	-1970.8087965068278	-1605.191663066197	-365.6171334406308	-1605.191663066197	154.3763513539921	0.012573683147980914	2.6436551933513384	0.001248136652354904	9.382398593689192E-5	3.902523236361691	50.44498023794943	-354.8632037362638	
250000	-1964.4173506646841	-1601.63787334239	-362.7794773222941	-1601.63787334239	140.69970550761727	0.012900755629954241	2.6436551933513384	0.0012688408612972562	5.929783981261124E-5	3.3341418146327557	43.115907073136356	-352.1825388573915	
251000	-1972.3406522219818	-1606.2939143669007	-366.0467378550811	-1606.2939143669007	145.18701444783565	0.012089504794370385	2.575492225919946	0.0013970827068350042	9.710786604120483E-5	3.926200694023905	51.509299409968094	-355.4764383836134	
252000	-1960.544077327051	-1599.7639853502221	-360.78009197682877	-1599.7639853502221	151.28226489706353	0.009973360189300824	2.4136958770182386	0.0013355701677709002	7.682267114275155E-5	3.1825012835303372	40.60298757429297	-350.93315080878716	
253000	-1960.6845532447637	-1602.999957336762	-357.6845959080017	-1602.999957336762	167.6278853565722	0.01088783059861481	2.505933046083609	0.0012627339792513775	8.084010338515605E-5	3.2659521073179194	32.93445813728424	-347.7702377388514	
254000	-1971.7991946938919	-1605.1965119030206	-366.60268279087126	-1605.1965119030206	186.66414479379196	0.01088783059861481	2.4596643894312065	0.001317032995633961	9.120245405562085E-5	2.9925454894078234	46.377697613194854	-356.4848452543394	
255000	-1969.8940395394409	-1608.7185157029994	-361.17552383644147	-1608.7185157029994	139.83781733865212	0.011745841028902753	2.577191952745212	0.0013617628412361479	8.972298294285091E-5	3.2020523258119935	35.03766814363448	-350.98546332152347	
256000	-1966.5859155135474	-1607.2778331563609	-359.30808235718655	-1607.2778331563609	136.86690442407877	0.012224539467628963	2.5974098905904808	0.0013470357620176258	1.0752333967797705E-4	3.0848706347813484	34.50272104149321	-349.07274748649115	
257000	-1965.7658323131263	-1606.7533739717603	-359.012458341366	-1606.7533739717603	136.81738486020384	0.011656152112006405	2.6543795385741014	0.0012784706727714367	9.512572074612504E-5	3.0523324238073593	35.44773724523693	-348.5791762043417	
258000	-1968.2226817822168	-1605.457007214749	-362.76567456746784	-1605.457007214749	126.3158016597606	0.012553855960803429	2.6865980990915577	0.001377322861664468	7.522488632061609E-5	2.896907822131164	32.76502947653951	-352.3144247316999	
259000	-1955.8117922015658	-1606.8737780292329	-348.9380141723329	-1606.8737780292329	119.30114898998497	0.010679444430079588	2.607129669812171	0.0013485556746105356	4.8547774823600104E-5	2.9125785078234068	30.66639775257634	-338.79138772003745	
260000	-1952.2477334604516	-1605.9230746759697	-346.324658784482	-1605.9230746759697	121.86674196549072	0.009329143630143047	2.4832707712338764	0.0016406608075920552	5.6089222538170865E-5	2.841153649338658	31.971604577028472	-336.5079655568142	
261000	-1953.3037732594503	-1599.9361079196708	-353.36766533977953	-1599.9361079196708	122.55096494247383	0.01014697546859964	2.5812580789904933	0.001549879583081662	5.62675640958295E-5	2.8878988412844433	28.770687598329886	-343.3624718644918	
262000	-1946.3383599759322	-1601.8136867663964	-344.524673209536	-1601.8136867663964	109.70405158728316	0.009910315873960771	2.5298508178307286	0.0017646610625196588	5.640998862874336E-5	2.7628362056387794	31.75448435846537	-334.5750400635618	
263000	-1940.3540701198829	-1598.1781452213784	-342.17592489850455	-1598.1781452213784	101.66558900125601	0.009910315873960771	2.498199715918247	0.0016967342597681131	5.8191081173295596E-5	2.82005022587355	32.72538324860514	-332.29113748663525	
264000	-1941.674260007178	-1599.1358496277307	-342.5384103794471	-1599.1358496277307	101.67324232487263	0.010511831128124913	2.553272784006547	0.0017593482737833786	6.141663375734558E-5	2.759846578681107	35.75609484458142	-332.39981752288264	
265000	-1944.908821227413	-1598.4622117234217	-346.4466095039913	-1598.4622117234217	105.76447427764332	0.01316505426945564	2.6517305353117235	0.0019415620293163334	6.628298140432646E-5	2.749912019840112	31.569015707474023	-336.1371584690173	
266000	-1941.2072272480084	-1593.6204124099788	-347.5868148380296	-1593.6204124099788	99.3064602362084	0.01316505426945564	2.7477110889328165	0.001925166133454832	5.6717566464190976E-5	2.838568604039986	29.62662790112167	-337.05289592093897	
267000	-1935.6577698154065	-1591.801666557935	-343.8561032574715	-1591.801666557935	102.1027671411872	0.009786089438669087	2.574223739959313	0.001871523159279554	3.82058033217932E-5	2.7476027600432213	27.281060844844863	-333.92517926741203	
268000	-1931.470408743785	-1586.703481229093	-344.7669275146917	-1586.703481229093	109.34027123757137	0.008355880807067598	2.4693559505446907	0.001735207477689977	3.644903587494022E-5	2.588481916158474	27.396195493412083	-335.14642692270485	
269000	-1926.7063437113186	-1585.6055394197526	-341.1008042915659	-1585.6055394197526	139.49904465942205	0.00956598396874047	2.5276013277442635	0.0015051276703571999	4.484928334422892E-5	2.5875341149121405	38.58417735542168	-330.96311196640613	
270000	-1919.6825815301506	-1583.7663981162439	-335.9161834139067	-1583.7663981162439	126.30783831752703	0.009100313604518783	2.4374255971827794	0.0016584375544963469	4.7795984228655986E-5	2.548947310384448	31.472783024152132	-326.2527644738552	
271000	-1916.1884399646235	-1588.4091281652964	-327.7793117993271	-1588.4091281652964	137.6692760105153	0.0090339116679616	2.573813868865666	0.0014454500568230522	6.052085668798382E-5	2.647949949197296	24.48148580301703	-317.9578931146458	
272000	-1907.6611227346227	-1581.8654450702404	-325.79567766438237	-1581.8654450702404	148.1949685451709	0.012022439132508372	2.703109395165439	0.0016307322468756332	8.267630561358966E-5	2.8780154579760557	24.037770577398756	-315.60462439131294	
273000	-1923.92087161836	-1588.4127561665916	-335.50811545176845	-1588.4127561665916	100.19360576701546	0.014982866547039252	2.844397272889172	0.001997368863256344	8.184440126181315E-5	2.8970047159979235	27.36178840491642	-324.7636350659522	
274000	-1927.8676319314013	-1587.9583453675373	-339.9092865638641	-1587.9583453675373	100.19360576701546	0.012388229070825565	2.776267434262142	0.0018520966537135702	5.9537009153371904E-5	2.8662266265128076	29.409777899619804	-329.2970363905481	
275000	-1922.6167971357065	-1586.538421647347	-336.07837548835965	-1586.538421647347	102.6005117114689	0.012089967865432915	2.8107419156294893	0.001799525350497137	4.886395193257373E-5	2.7303241868237467	30.54637884333078	-325.32477258177533	
276000	-1915.298489273799	-1582.9527212457997	-332.34576802799944	-1582.9527212457997	105.93061453973031	0.013938900295631697	2.7950951428624866	0.0020336733608748957	6.093610038670996E-5	2.822197996554928	26.339209817847458	-321.78729758413357	
277000	-1913.3706591234848	-1588.244761174802	-325.1258979486826	-1588.244761174802	125.47392038391209	0.01241422811415062	2.691299726663158	0.0019617683292930356	5.474388571306856E-5	2.6630181508521114	20.267627049070338	-315.1408787052256	
278000	-1898.6885233927485	-1582.04703527672	-316.64148811602854	-1582.04703527672	119.08030357501512	0.012072003844860252	2.706423654769353	0.001859957670601991	7.826442895160053E-5	3.2550135276628622	19.8338454460038	-306.6327275927346	
279000	-1916.1059987104486	-1591.9851221392234	-324.1208765712251	-1591.9851221392234	114.92223318471274	0.011979699385349981	2.6864736452517066	0.0018473233149477633	7.623026559531288E-5	3.584243827031448	25.574666154467106	-313.9177596482789	
280000	-1914.3873532358832	-1586.3160529412962	-328.071300294587	-1586.3160529412962	112.48185568725638	0.01178610447752534	2.6864736452517066	0.0017441109805862735	7.555736773937112E-5	3.3271614761323187	26.91704684317548	-317.8170258322649	
281000	-1911.3238803088018	-1582.2757150045913	-329.0481653042104	-1582.2757150045913	108.54242311819937	0.008548949617925706	2.494182876652965	0.0015843771771298617	4.969120638762925E-5	2.920576676700039	23.610984537280157	-319.50186858798406	
282000	-1905.9368258567338	-1583.552916560282	-322.38390929645186	-1583.552916560282	107.92477436233621	0.01179290768434444	2.665017900086497	0.002005852774543596	8.048399700484393E-5	3.0262876694872656	22.219513815617017	-312.3857974010454	
283000	-1919.5093090448795	-1592.3323987638923	-327.1769102809871	-1592.3323987638923	106.16276700230802	0.01179290768434444	2.725715033916246	0.0018188269429331785	1.3646136219839315E-4	3.1044897147905304	23.155994368529054	-316.9554059935973	
284000	-1916.8678456606829	-1582.8374187825214	-334.0304268781615	-1582.8374187825214	185.01422430599592	0.014754145857505748	2.967433266372972	0.0011996399309268486	8.127292363364692E-5	3.454478392196909	27.78607825245728	-322.9014139407216	
285000	-1919.0558403641808	-1585.1393344141204	-333.9165059500604	-1585.1393344141204	143.28373247447144	0.011312942187210337	2.803689070405983	0.0014996794262657454	6.441766273377917E-5	3.1907210205894745	30.53968743090045	-323.18428277667715	
286000	-1926.8974937253927	-1584.649480907224	-342.2480128181687	-1584.649480907224	112.7921019270123	0.012544062371394885	2.7855580933474196	0.0018418854758530789	8.149000683677258E-5	3.0648944651248224	31.99453667608145	-331.5236499214403	
287000	-1914.6761233343555	-1581.0533871443538	-333.62273619000155	-1581.0533871443538	108.64701580924996	0.011554529102024575	2.8924441293119827	0.001672948970013484	5.779271718036606E-5	3.0902023132621412	25.252011406828778	-322.8143424634882	
288000	-1910.0614340941033	-1581.566458059031	-328.49497603507234	-1581.566458059031	106.45415966111021	0.010620507759377042	2.758452827546336	0.001830799458829329	6.299274502272655E-5	2.81119975838092	26.350030420699962	-318.0460327980192	
289000	-1905.3411243265602	-1587.3345060143222	-318.00661831223806	-1587.3345060143222	104.98208397354804	0.010620507759377042	2.681910773284962	0.0020530670215220303	6.686649418621821E-5	3.020613301171308	20.801478788033663	-308.0237695525956	
290000	-1907.6000430534425	-1586.6913145073092	-320.9087285461333	-1586.6913145073092	104.98208397354804	0.010620507759377042	2.6679828210567966	0.0020487251438918957	6.585504420711285E-5	3.139480795540866	23.715372578253543	-310.8365684318735	
291000	-1914.4909222268132	-1590.0371151249904	-324.45380710182286	-1590.0371151249904	108.6906986866051	0.011236822156375604	2.755089849900533	0.001698642291604515	6.546614786731313E-5	3.3371144369288386	25.33793973958275	-314.05412036925935	
292000	-1921.203428982535	-1590.090534305912	-331.11289467662306	-1590.090534305912	109.64723903486102	0.0147739021706089	2.907074123355867	0.0017450042789536263	8.813888313788581E-5	3.695491382639558	22.976392891264464	-320.35504509797386	
293000	-1928.9357975728326	-1592.0056473712523	-336.93015020158043	-1592.0056473712523	109.64723903486102	0.014541916028606577	2.8448849614433374	0.0016881950402946086	5.5193839760757444E-5	2.661518916352078	28.719309529730154	-326.1357843576282	
294000	-1921.2721587998408	-1578.9994213619825	-342.27273743785815	-1578.9994213619825	111.16407507243781	0.014349740886026537	2.8933126206058044	0.0016203877145945982	4.7569547769392506E-5	2.6298382512317486	30.00123507352588	-331.2894052391827	
295000	-1925.4293389109625	-1578.5545340047797	-346.8748049061828	-1578.5545340047797	111.34502136811842	0.013743357496643278	2.9783921285832267	0.001527755200775825	2.650564895593921E-5	2.282515924275533	31.76767101605145	-335.57899806915515	
296000	-1932.5827954559518	-1582.7337087872127	-349.84908666873923	-1582.7337087872127	109.78884457658621	0.01219247628429363	2.85602445518321	0.001649076395368477	2.9701313360581423E-5	2.357481699823598	42.32059448872959	-338.63359486891557	
297000	-1926.5484790097287	-1577.8116450473153	-348.73683396241336	-1577.8116450473153	108.91814395023837	0.009386514006351258	2.7130453111185795	0.001655756325488792	2.4222920979237256E-5	2.2758087386623758	28.490854961013984	-338.34601317051204	
298000	-1922.3436864166683	-1578.806083529741	-343.53760288692723	-1578.806083529741	108.91814395023837	0.007816668925659484	2.513100618290205	0.001682339758021885	8.186193251730748E-5	3.106959917100747	35.196546892242594	-333.53531134199926	
299000	-1930.8732918012984	-1591.7318927855104	-339.141399015788	-1591.7318927855104	109.5224616868734	0.006901469587808287	2.493082626391728	0.0016329232493891175	6.43037667474549E-5	3.123594687581462	31.907898327906263	-329.2972618550635	
300000	-1931.9801059172667	-1594.5685467368073	-337.4115591804593	-1594.5685467368073	111.8671907983622	0.00834654897846187	2.568587421518251	0.0016602658414663597	1.7817283092588013E-5	2.235511400881637	26.166732240930042	-327.53924971414125	
301000	-1922.221256354293	-1588.807873807309	-333.41338254698405	-1588.807873807309	111.03422454629754	0.00834654897846187	2.5877955900621754	0.0017937190922082211	2.947979936426829E-5	2.3733024506230866	32.27921593020701	-323.2735081006872	
302000	-1923.7232469014787	-1587.3136720882949	-336.40957481318384	-1587.3136720882949	111.03422454629754	0.008793315372458779	2.66986193178766	0.0016615058228617462	2.895325674559116E-5	2.3520791405246366	28.11565206085422	-326.1615738386985	
303000	-1928.3202988858338	-1590.848583233546	-337.47171565228797	-1590.848583233546	108.2114019372873	0.008432925285661098	2.613834713866576	0.0016308878187312448	6.119863643676262E-5	2.8519609415718103	24.7439404662737	-327.51955894612615	
304000	-1928.5819443092093	-1589.7983696010913	-338.7835747081181	-1589.7983696010913	110.31158771421379	0.007850565154228729	2.5262157998236483	0.001829328273784378	4.385297634935062E-5	2.517362434671444	32.26905189710815	-328.8287730364683	
305000	-1921.5988797715383	-1584.6227693349217	-336.9761104366166	-1584.6227693349217	148.56844294081677	0.006183424916705999	2.4620456635926944	0.0013010324628023177	2.953862536344624E-5	2.410114338955438	27.603695886184926	-327.36999737926124	
306000	-1927.802082168036	-1591.6181634369925	-336.1839187310434	-1591.6181634369925	148.28824683184152	0.006183424916705999	2.477706298003329	0.0012218718800445592	1.4039809181293649E-5	2.146083770624103	25.646222927099945	-326.60437243800413	
307000	-1923.510947184571	-1585.564292129432	-337.946655055139	-1585.564292129432	132.90908590810096	0.006183424916705999	2.3296212936642258	0.0014132544578422477	2.0175559536913784E-5	2.0907422548331804	30.184191796740894	-328.6484861746373	
308000	-1928.3283297652565	-1597.7829060297408	-330.5454237355158	-1597.7829060297408	139.8952939601708	0.0065701656404809254	2.412746647562686	0.001402966895856446	2.8042245116647588E-5	2.135869104571115	30.197326219730176	-320.9974188054215	
309000	-1918.8991175054248	-1593.0762899956733	-325.8228275097515	-1593.0762899956733	140.22508968417898	0.006694283013738082	2.2680508514415245	0.001551337087809222	4.2501790997335786E-5	2.1854745829743263	20.081085952548882	-317.11692839112817	
310000	-1919.2782635854142	-1596.1242417501035	-323.1540218353106	-1596.1242417501035	120.52700824511916	0.00618442185816523	2.2245855572356574	0.0017024613186385372	3.8806568975993674E-5	2.2550223004127266	26.710755649966483	-314.2932436972379	
311000	-1924.8990865757248	-1593.9426649591098	-330.956421616615	-1593.9426649591098	110.00188811006205	0.00618442185816523	2.281511747861741	0.0017822898513563444	3.006496225307514E-5	2.415096565683673	25.93477057124845	-321.9543295832559	
312000	-1917.8777443987583	-1594.5854571560758	-323.2922872426825	-1594.5854571560758	108.68750449487827	0.005607937635732987	2.15259415368917	0.0017771313348967628	2.8035350251916976E-5	2.33993600954354	26.077618876266133	-314.6714938003194	
313000	-1909.259872011517	-1588.807919804251	-320.4519522072661	-1588.807919804251	106.43526522923554	0.007462655523293292	2.216978070848988	0.0020633049943685916	2.7607910363241136E-5	2.1585011398626053	24.98083738533006	-311.68095610208377	
314000	-1923.40383581085	-1591.573907276465	-331.82992853438515	-1591.573907276465	104.57806328313643	0.006961358267115786	2.175656988173903	0.002136183652968847	2.51084548930489E-5	2.068684816017308	26.81173583673385	-323.11217740513877	
315000	-1926.0215479741016	-1597.8957601490952	-328.12578782500646	-1597.8957601490952	108.23038309174234	0.008463946846189847	2.4839809643372592	0.0019128110066366842	2.843817997831532E-5	2.483987804140099	30.47053923418201	-318.35505166678956	
316000	-1930.2381754140965	-1594.7728661207836	-335.46530929331294	-1594.7728661207836	111.03622060442885	0.008244502925293069	2.3445299128821833	0.002030662068432453	3.2280639630599106E-5	2.320573617663558	27.483093550673676	-326.21615738337573	
317000	-1939.0246348893106	-1594.2154411467307	-344.8091937425799	-1594.2154411467307	150.2573245104999	0.007385325135645291	2.402397821254415	0.0013050826744251374	2.307315568665152E-5	2.4569011188773633	30.091799789639897	-335.29573907865904	
318000	-1941.1444350872302	-1591.7695144476754	-349.37492063955483	-1591.7695144476754	131.72748156060769	0.007385325135645291	2.445107357755824	0.0012996439614850206	1.9337347167740744E-5	2.7362542485404355	31.606726382721817	-339.68420729623386	
319000	-1931.638913163497	-1593.792597281005	-337.84631588249187	-1593.792597281005	127.52471576069496	0.008963970964128315	2.4378974241315925	0.0015166042379562926	2.4871791793442328E-5	2.4488819715868533	31.606726382721817	-328.17723450324	
320000	-1929.1289583157813	-1591.7862345485607	-337.34272376722066	-1591.7862345485607	106.61795207690763	0.008346836923577157	2.40241435577126	0.0019239084037334887	4.340341060303925E-5	2.2926378909171667	28.236377720539227	-327.89286106047723	
321000	-1923.2673585920431	-1584.4108978239944	-338.8564607680487	-1584.4108978239944	109.63999269837838	0.006196526232198	2.2842088549949433	0.0017740897217946355	2.5863952691409576E-5	2.0290398651655797	31.96838325846239	-329.63711377433265	
322000	-1926.3806551046189	-1587.2044857874066	-339.1761693172122	-1587.2044857874066	115.00684329896545	0.005763531414836319	2.273005033021014	0.001614757580806375	2.3734066769931337E-5	2.0374747301165024	27.66487388459152	-330.1350210244339	
323000	-1936.8819058245188	-1595.3459471982155	-341.5359586263032	-1595.3459471982155	114.56811716570513	0.006539700041926464	2.318202071083438	0.001820844425754565	3.004134786534659E-5	2.033592373302674	34.32325755889911	-332.14354598921426	
324000	-1935.70735011412	-1598.450870014256	-337.2564800998638	-1598.450870014256	152.28364070717396	0.0056326771248193	2.2956003120405177	0.001293885985648855	2.559298160211786E-5	2.004215962197478	28.40326882629993	-328.1211984703809	
325000	-1936.2215284330657	-1595.4658004757812	-340.75572795728453	-1595.4658004757812	104.38890555965364	0.006543249258799662	2.3885588003396205	0.001873797154630117	4.2494020009894957E-4	5.057991690234316	25.498296187297196	-331.4494355768824	
326000	-1948.8336561112092	-1597.8699308189248	-350.9637252922844	-1597.8699308189248	129.25371057559363	0.006543249258799662	2.440140048650165	0.0013523026467844228	8.470338853386661E-5	3.4244065884778343	32.00118800132342	-341.27551229762423	
327000	-1944.2284075995158	-1593.1163404895292	-351.11206710998647	-1593.1163404895292	110.9715317451735	0.006086937662079263	2.2289203524101335	0.001745089695782826	7.464969617580798E-5	3.0504029463211464	35.079825389976946	-341.96572341343364	
328000	-1949.1695216916153	-1597.9069215487973	-351.262600142818	-1597.9069215487973	106.31182133566237	0.006256972825525867	2.294190949803224	0.0017465026880847888	2.0216223942837518E-5	2.1907071343629743	36.58381103748125	-341.87844543978514	
329000	-1950.9022386308416	-1602.0526678017914	-348.8495708290502	-1602.0526678017914	104.61556154681249	0.006408809059054811	2.340836921646472	0.0017846254901424813	1.966597887734784E-5	2.3995060414212572	34.47993650371957	-339.3846924322163	
330000	-1946.5491432069707	-1591.8807248673413	-354.6684183396295	-1591.8807248673413	101.66626722496855	0.006408809059054811	2.4549229879861945	0.0018458349815104673	1.5899704030751257E-5	2.455898322397535	37.6101099505467	-344.7743522228708	
331000	-1947.2362945124198	-1596.2176133545754	-351.0186811578444	-1596.2176133545754	117.72775646852993	0.006743916163189203	2.4257963519099666	0.0017992760549292107	2.238669948656127E-5	2.873707709197844	38.653149812315334	-341.1846483165926	
332000	-1943.5686585085	-1590.991466528315	-352.5771919801849	-1590.991466528315	102.82854517652007	0.006743916163189203	2.3227033470721627	0.0019190226906644627	2.50426542776621E-5	2.6253257533139136	37.50776081863933	-343.0825494852169	
333000	-1962.7783435277486	-1610.307957471905	-352.47038605584356	-1610.307957471905	98.21172641931098	0.006821100914114796	2.339376411662689	0.001942416528502395	2.941514569599524E-5	2.602894170648699	34.25106079889936	-343.0165496949529	
334000	-1962.7422341700708	-1602.857080602405	-359.88515356766595	-1602.857080602405	108.45601143376372	0.006764571791969252	2.326302052166118	0.0017179113012265451	2.9810591910347062E-5	2.5820892911994435	38.60377708552456	-350.3509116207842	
335000	-1958.8288729828812	-1600.0543375060859	-358.7745354767953	-1600.0543375060859	150.8100003434168	0.006201086006992511	2.285435404991151	0.0013370917770702615	2.5460492564009847E-5	2.7428529205558037	35.213889718555684	-349.4548152572495	
336000	-1952.6446700266233	-1594.0907302242276	-358.55393980239575	-1594.0907302242276	128.84485479414627	0.005466634759568912	2.140187045123282	0.001471013351351933	2.2765111842460538E-5	2.394995215781164	34.282549311166925	-349.69681238210075	
337000	-1947.8582661797764	-1600.6899005852108	-347.16836559456556	-1600.6899005852108	106.43408001422559	0.006566000396942039	2.1957857130195815	0.0019962263860816673	2.7961306466405254E-5	2.686224111985398	27.973499578855154	-338.34780432917887	
338000	-1942.2042809752038	-1599.5243936809175	-342.6798872942863	-1599.5243936809175	108.5814518946599	0.006883440915245914	2.2897129295282888	0.0018665152215593622	3.4007360902212996E-5	2.717060635730653	28.605354983961966	-333.55517987929215	
339000	-1931.886117063419	-1595.53246302314	-336.3536540402789	-1595.53246302314	103.81467010592107	0.006052529936186424	2.1962288535208208	0.001891100434755545	3.671959604249933E-5	2.4395058196110244	34.68134974990556	-327.31681876755624	
340000	-1940.2453618895693	-1598.9317891456765	-341.31357274389285	-1598.9317891456765	110.79794383969443	0.006052529936186424	2.146929619577044	0.0019168367621130464	4.023931689645604E-5	2.4234065696822857	29.378241624642722	-332.59059771597475	
341000	-1944.979258879442	-1607.9642639057727	-337.01499497366956	-1607.9642639057727	102.3855977436303	0.0049101319870987	2.0849788998476524	0.0018490933909287143	2.4982705461388016E-5	2.270256558853384	31.892603042744135	-328.3957709082047	
342000	-1949.679481281869	-1601.936883855435	-347.7425974264339	-1601.936883855435	100.53953923779373	0.004004684301627405	1.9771769410057545	0.0018540576763035029	1.597443556339227E-5	2.074111181978913	33.02306298439716	-339.41197948900174	
343000	-1944.0811216732602	-1591.7700531978562	-352.31106847540394	-1591.7700531978562	113.54079738045405	0.004563755569210588	2.168722083091612	0.0016688815766014414	1.3975667326729526E-5	2.1747864466833087	37.714720534787595	-343.27291335474837	
344000	-1957.3833595636343	-1599.2348660277198	-358.1484935359145	-1599.2348660277198	129.84427484300306	0.004634435412663215	2.2193939203811213	0.001528241283461441	1.442388480189583E-5	2.4141382170038344	37.91169231669947	-348.9530986147659	
345000	-1963.9905486121033	-1604.7331187849636	-359.2574298271397	-1604.7331187849636	99.89836667684825	0.004804964803501304	2.1397705299694456	0.0018520268982086653	1.848881852033143E-5	2.262400951912621	36.82739105955656	-350.32994664496624	
346000	-1947.6147561059117	-1596.4381839803905	-351.17657212552126	-1596.4381839803905	99.09044249315104	0.004805266640137084	2.144808296295149	0.0018013358613706	1.7205994368433323E-5	2.4216868411557266	40.65561432557475	-342.1350790832174	
347000	-1973.6204404586415	-1609.539248727851	-364.08119173079064	-1609.539248727851	105.32271861263284	0.0045103070682649335	2.0926396185148217	0.0018099691883050827	1.657618114499069E-5	2.072768632580752	44.675619779142316	-355.1019293802301	
348000	-1948.1559581819083	-1596.533311455659	-351.62264672624923	-1596.533311455659	98.43988217763717	0.003991540445737399	1.9278353999461795	0.001977395177182075	1.7704691032243497E-5	1.9598797098864298	35.00652111041876	-343.38174005004333	
349000	-1952.2932817040355	-1600.2868653769392	-352.0064163270964	-1600.2868653769392	98.35838428385894	0.003691961169166088	1.8175638523433713	0.0017743174416557938	1.6585489739225893E-5	1.8891974468726351	38.46279369226783	-344.0022003636196	
350000	-1958.1008315132133	-1605.843020286655	-352.2578112265582	-1605.843020286655	94.30636555508738	0.0034676545479484216	1.6620257970837775	0.0019094838388863343	1.3605234352105167E-5	1.66752479525523	35.1456049649071	-344.8104478974917	
351000	-1945.4474232892303	-1595.37588420928	-350.07153907995024	-1595.37588420928	107.44209114040898	0.003300722649287642	1.800092189425721	0.0016776419689738021	1.0228716417057944E-5	1.7893678885873083	41.87215567189001	-342.03481366009163	
352000	-1948.9663895100512	-1590.2797346865061	-358.68665482354515	-1590.2797346865061	105.33459816368881	0.003526338855267503	2.011469027410711	0.0015322774849226319	1.0474018865213048E-5	2.0709720516080203	38.511766235652395	-350.09939272281014	
353000	-1958.2817338381778	-1593.0855435637977	-365.19619027438017	-1593.0855435637977	121.48996814405413	0.003526338855267503	1.9047704395202132	0.001527497044720739	1.1823071810905279E-5	1.9373220486163822	39.96228154529423	-356.8920837133287	
354000	-1964.123345551829	-1594.3767925259876	-369.7465530258414	-1594.3767925259876	157.97033922795856	0.0033033565239896042	2.111250721473519	0.0011959315166190942	8.729268519641749E-6	2.13931742515487	46.801002174595396	-360.6649750998476	
355000	-1956.7973548179907	-1594.5047995551088	-362.2925552628818	-1594.5047995551088	118.61057487932773	0.0036608734236496542	2.1349513857809654	0.0016525694745715184	1.0634632804833582E-5	2.3408187203132718	43.437793866383544	-353.2144429611653	
356000	-1956.6212462733258	-1597.2416741648979	-359.379572108428	-1597.2416741648979	120.60677839538376	0.0036608734236496542	2.217042104460743	0.0014789061746435484	1.3291429395279279E-5	2.3542452944636043	41.12237698292827	-350.1099404840837	
357000	-1941.6930860996958	-1592.3095855053693	-349.3835005943266	-1592.3095855053693	130.74836983303933	0.0036608734236496542	2.221566838285225	0.0014784645744275184	1.5149546069287875E-5	2.277658778654419	30.000373615248982	-340.415636001008	
358000	-1943.1485390287203	-1591.5551327612004	-351.59340626751975	-1591.5551327612004	117.50470038075692	0.003476250143978284	2.156212833837886	0.0015738070947423838	1.2381240029207438E-5	2.124413774379621	35.588168948241965	-342.65081988142293	
359000	-1957.7267713136225	-1600.9167352041825	-356.81003610944015	-1600.9167352041825	126.1925461882028	0.003335739445309818	2.098078134493376	0.0015187292134982017	1.1663613465990385E-5	2.1247329008956783	40.11852314384666	-347.92204636179423	
360000	-1955.4256279615292	-1588.5813688968972	-366.844259064632	-1588.5813688968972	121.1913164757732	0.004141963850805993	2.1474097541780592	0.0016597784638088975	1.9048763559303277E-5	2.03929228380636	39.36636669636011	-357.82718599381127	
361000	-1971.090675207086	-1602.2410336970627	-368.8496415100234	-1602.2410336970627	120.51743365012784	0.004679165839199546	2.339358394962139	0.0014929004673173323	2.2232438824354566E-5	2.2678819411012197	41.493818656464995	-359.20403227299335	
