#
#model:
#
#<?xml version="1.0" encoding="UTF-8" standalone="no"?><input id="posterior" spec="beast.core.util.CompoundDistribution">
#    <distribution id="prior" spec="beast.core.util.CompoundDistribution">
#        <distribution id="CoalescentConstant.t:complete_rand_1" spec="beast.evolution.tree.coalescent.Coalescent">
#            <populationModel id="ConstantPopulation.t:complete_rand_1" spec="beast.evolution.tree.coalescent.ConstantPopulation">
#                <parameter id="popSize.t:complete_rand_1" name="popSize">0.3</parameter>
#            </populationModel>
#            <treeIntervals id="TreeIntervals.t:complete_rand_1" spec="beast.evolution.tree.coalescent.TreeIntervals">
#                <tree id="Tree.t:complete_rand_1">
#                    <trait id="dateTrait.t:complete_rand_1" spec="beast.evolution.tree.TraitSet" traitname="date-backward">
#                         DQ910745_2003=2003,
#DQ988106_2004=2004,
#DQ115534_1925=2000,
#DQ910740_2003=2002,
#DQ910732_2002=2005,
#DQ910734_2002=1990,
#DQ910739_2002=2003,
#DQ910756_2004=2003,
#DQ988084_2002=2004,
#DQ910760_2004=2004,
#DQ910733_2002=2003,
#DQ988085_2002=2002,
#DQ988083_2002=2004,
#DQ988086_2002=2002,
#DQ910735_2002=2003,
#DQ910736_2002=2002,
#DQ910738_2002=2004,
#DQ910748_2003=2002,
#DQ988094_2003=1925,
#DQ910742_2003=2004,
#DQ910758_2004=2000,
#DQ988092_2003=2002,
#DQ910741_2003=2003,
#DQ988093_2003=2002,
#DQ988104_2004=2003,
#DQ988108_2004=2002,
#DQ910731_2002=2003,
#DQ988082_2002=2002,
#DQ910730_2002=2003,
#AF235168_2000=2003,
#DQ115527_1990=2002,
#DQ115529_1990=2002,
#DQ988091_2003=2003,
#EF521830_2000=2003,
#DQ988097_2003=2003,
#DQ988099_2003=2004,
#EF521848_2000=2002,
#DQ988090_2003=2003,
#EF521839_2000=2006,
#DQ910754_2003=2004,
#DQ910747_2003=2002,
#DQ910753_2003=2003,
#EF521827_2000=2002,
#DQ910751_2003=2004,
#DQ910752_2003=2004,
#DQ988087_2002=2003,
#DQ988088_2002=2001,
#DQ988095_2003=2003,
#DQ988089_2003=2004,
#DQ988102_2004=2000,
#DQ988096_2003=2005,
#DQ910744_2003=2004,
#DQ910746_2003=2003,
#DQ910743_2003=2003,
#DQ910737_2002=2003,
#DQ910749_2003=2003,
#DQ910755_2004=2003,
#DQ910757_2004=1990,
#DQ910759_2004=2002,
#DQ910761_2004=2004,
#DQ910750_2003=2002,
#DQ988100_2003=2002,
#DQ988098_2003=2002,
#DQ988103_2004=2005,
#DQ988101_2003=2002,
#DQ988105_2004=2003,
#DQ988107_2004=2003,
#DQ631858_2003=2000,
#EF408186_2005=2002,
#EF408187_2005=2003,
#AY450425_2001=2003,
#EF372272_2006=2000,
#DQ631860_2002=2003,
#DQ631859_2002=2003,
#DQ631861_2002=2004,
#EF408188_2005=2003    
#                         <taxa id="TaxonSet.complete_rand_1" spec="beast.evolution.alignment.TaxonSet">
#                        </taxa>
#                    </trait>
#                    <taxonset idref="TaxonSet.complete_rand_1"/>
#                </tree>
#            </treeIntervals>
#        </distribution>
#        <prior id="PopSizePrior.t:complete_rand_1" name="distribution" x="@popSize.t:complete_rand_1">
#            <OneOnX id="OneOnX.0" name="distr"/>
#        </prior>
#        <prior id="MeanRatePrior.c:complete_rand_1" name="distribution">
#            <parameter id="ucldMean.c:complete_rand_1" name="x">1.0</parameter>
#            <Uniform id="Uniform.0" name="distr" upper="Infinity"/>
#        </prior>
#        <prior id="ucldStdevPrior.c:complete_rand_1" name="distribution">
#            <parameter id="ucldStdev.c:complete_rand_1" lower="0.0" name="x" upper="5.0">0.5</parameter>
#            <Exponential id="Exponential.0" name="distr">
#                <parameter estimate="false" id="RealParameter.0" name="mean">0.3333</parameter>
#            </Exponential>
#        </prior>
#    </distribution>
#    <distribution id="likelihood" spec="beast.core.util.CompoundDistribution">
#        <distribution data="@complete_rand_1" id="treeLikelihood.complete_rand_1" spec="beast.evolution.likelihood.TreeLikelihood" tree="@Tree.t:complete_rand_1">
#            <siteModel id="SiteModel.s:complete_rand_1" spec="beast.evolution.sitemodel.SiteModel">
#                <parameter estimate="false" id="mutationRate.s:complete_rand_1" name="mutationRate">1.0</parameter>
#                <parameter estimate="false" id="gammaShape.s:complete_rand_1" name="shape">1.0</parameter>
#                <parameter estimate="false" id="proportionInvariant.s:complete_rand_1" lower="0.0" name="proportionInvariant" upper="1.0">0.0</parameter>
#                <substModel id="JC69.s:complete_rand_1" spec="beast.evolution.substitutionmodel.JukesCantor"/>
#            </siteModel>
#            <branchRateModel clock.rate="@ucldMean.c:complete_rand_1" id="RelaxedClock.c:complete_rand_1" spec="beast.evolution.branchratemodel.UCRelaxedClockModel" tree="@Tree.t:complete_rand_1">
#                <LogNormal S="@ucldStdev.c:complete_rand_1" id="LogNormalDistributionModel.c:complete_rand_1" meanInRealSpace="true" name="distr">
#                    <parameter estimate="false" id="RealParameter.01" lower="0.0" name="M" upper="1.0">1.0</parameter>
#                </LogNormal>
#                <rateCategories dimension="150" id="rateCategories.c:complete_rand_1" spec="beast.core.parameter.IntegerParameter">1</rateCategories>
#            </branchRateModel>
#        </distribution>
#    </distribution>
#</input>
#
Sample	posterior	likelihood	prior	treeLikelihood	TreeHeight	ucldMean	ucldStdev	rate.mean	rate.variance	rate.coefficientOfVariation	popSize	CoalescentConstant	
0	-12239.565884671309	-12091.511684378906	-148.05420029240273	-12091.511684378906	82.3966948268785	1.0	0.5673529011295535	0.7210526098363862	0.36537900843847554	0.6056232864546927	0.3	-148.65465646411582	
1000	-5423.8663791165545	-5288.738147792748	-135.1282313238058	-5288.738147792748	83.18179556167048	0.8761222681237256	2.467915332103555	0.026714662106765614	1.5127718748689478	3.5928969616622846	1.9087737178511301	-128.17599616919037	
2000	-4771.249396664747	-4597.956649443348	-173.2927472213986	-4597.956649443348	82.64795043835007	0.7142646372877789	2.467915332103555	0.021550241559904582	1.0129286782186135	3.5208852832462476	3.174327585432108	-165.83187724431252	
3000	-4466.187952425689	-4285.4700780962985	-180.71787432939067	-4285.4700780962985	82.64795043835007	0.6813056961082287	2.648435597203017	0.018173030005609003	0.7961792618531158	4.2283564779876395	3.4618569170897713	-172.6286800949623	
4000	-4139.81137777775	-3960.476153119538	-179.33522465821142	-3960.476153119538	83.6543635080854	0.6725721283432118	2.648435597203017	0.017551442270933883	0.3927342710291392	3.424602000231632	3.8577738247035227	-171.13774526237765	
5000	-3689.193845434572	-3504.4252189553017	-184.76862647927004	-3504.4252189553017	82.72288173200495	0.6725721283432118	2.648435597203017	0.015289839913161053	0.2949146648203019	3.343652255565829	3.3004235534120325	-176.7271865614341	
6000	-3491.3969712019193	-3308.3395630338377	-183.05740816808137	-3308.3395630338377	82.72288173200495	0.5236061797132879	2.5975342339718788	0.013629582310654089	0.18181727775182915	3.650513856631078	3.876405778428214	-175.00783004308428	
7000	-3311.9665028680133	-3125.1518975434965	-186.81460532451678	-3125.1518975434965	82.86053830455593	0.5294880546497528	2.629212371481679	0.01302568721051324	0.15865755046742677	3.8566297883775498	3.7679085791719213	-178.69837156715252	
8000	-3290.5085970557134	-3098.4167726396536	-192.0918244160598	-3098.4167726396536	83.9729494020132	0.49912314073045316	2.629212371481679	0.012767649252658447	0.13190117647273272	4.038568286964338	4.269878933149886	-183.8505252787412	
9000	-3204.9241757642953	-3018.0979290423293	-186.82624672196602	-3018.0979290423293	83.9729494020132	0.45822847885373896	2.617721430814538	0.011543585996967556	0.1114680124839604	3.995901450319415	4.479623476243509	-178.5714703308086	
10000	-3183.6599996607265	-2998.0245048392107	-185.63549482151558	-2998.0245048392107	83.9729494020132	0.46900910974096544	2.5822626384464336	0.012173736319280573	0.12284260672584793	4.027476467349279	3.288931692150452	-177.79608164516327	
11000	-3082.614039594738	-2901.4040681267456	-181.20997146799243	-2901.4040681267456	84.25385225735864	0.49535654847948346	2.63534241631582	0.011789713385265315	0.12727496553183956	4.036609432661881	3.729806690957073	-173.0855094240883	
12000	-3067.325763474935	-2891.012485594799	-176.31327788013613	-2891.012485594799	84.12245451730669	0.4969375650317444	2.6587048463063008	0.012180694337722233	0.12383318652425186	4.187708675916787	3.3451339186515887	-168.22757121541255	
13000	-3008.0068956534537	-2833.5175378028684	-174.48935785058535	-2833.5175378028684	84.07428718388563	0.4969375650317444	2.6587048463063008	0.011418899595492128	0.04908547670067205	3.4167284084841367	3.7349132409942842	-166.29343332444634	
14000	-2994.855313928951	-2813.8555332640653	-180.99978066488566	-2813.8555332640653	83.87641759610534	0.5233943854888552	2.6587048463063008	0.011577444829573706	0.05653394342571354	3.342962110204992	3.6189984118458294	-172.83538342266854	
15000	-2923.23849102718	-2738.3885769460844	-184.84991408109542	-2738.3885769460844	83.87641759610534	0.5233943854888552	2.719538876065038	0.010342717002783736	0.04931977336503045	3.4436100081021426	3.498477032711319	-176.53686606302534	
16000	-2911.790502085596	-2734.947759868299	-176.84274221729726	-2734.947759868299	83.87641759610534	0.5233943854888552	2.719538876065038	0.010774121695806412	0.047156430744195364	3.4939848541656873	3.9499270109697955	-168.40832483900664	
17000	-2909.3027006041184	-2728.4759008992287	-180.8267997048897	-2728.4759008992287	83.87641759610534	0.5233943854888552	2.719538876065038	0.010505225027169876	0.03398763858438349	3.2712618062534635	3.8652877882567567	-172.4140432877462	
18000	-2897.387752714893	-2722.501764334552	-174.88598838034105	-2722.501764334552	83.87641759610534	0.5233943854888552	2.719538876065038	0.011019004455356692	0.033423089430862106	3.2238500918785133	3.08828435260717	-166.6976523915359	
19000	-2907.8925595225546	-2731.157466175092	-176.73509334746245	-2731.157466175092	83.87641759610534	0.5233943854888552	2.719538876065038	0.011014448811981777	0.031179795897353084	3.191187646237722	3.2901207256175624	-168.483448810858	
20000	-2857.13789889056	-2664.7340413445017	-192.40385754605808	-2664.7340413445017	83.87641759610534	0.5233943854888552	2.747613113967794	0.0115330873499448	0.0316887044830575	3.1272448155691857	4.437228310850185	-183.76887620424904	
21000	-2837.4559837852644	-2649.2650162693376	-188.19096751592684	-2649.2650162693376	83.96739648122795	0.5233943854888552	2.865231255499631	0.009341092725345872	0.021685028553989533	3.021965702489021	3.917375033840563	-179.32770459248133	
22000	-2828.014759116818	-2633.226491930889	-194.78826718592902	-2633.226491930889	83.83337856404609	0.5233943854888552	2.845277267699645	0.010500734155178926	0.02301188734839748	3.0290014601381645	4.377754928491639	-185.8737579883774	
23000	-2803.0151506094244	-2609.037818970474	-193.97733163895037	-2609.037818970474	83.83337856404609	0.5233943854888552	2.8567798132452684	0.010706322783297278	0.022258062001678753	3.072839437480671	3.925925640409448	-185.13724521784525	
24000	-2722.6607824167686	-2533.0730418604603	-189.5877405563081	-2533.0730418604603	83.83337856404609	0.5505349601663935	2.8427218597492674	0.009749654335778797	0.01989613576377021	2.9857671243147186	3.561318548159385	-180.88730351389347	
25000	-2709.4350118533025	-2512.9535024146676	-196.48150943863493	-2512.9535024146676	83.01143644972424	0.5505349601663935	2.8426704427439327	0.009550124050904047	0.017604170149164686	3.039234101986876	4.259368709444692	-187.60223655862129	
26000	-2716.674683491311	-2532.941115697085	-183.73356779422602	-2532.941115697085	83.01143644972424	0.5505349601663935	2.8426704427439327	0.009470627209597479	0.017632918732448488	2.970276406362944	3.667238424935614	-175.00397696719403	
27000	-2718.207054734719	-2531.540971120751	-186.66608361396797	-2531.540971120751	81.76620928251339	0.5406919449282197	2.8426704427439327	0.00924059272445213	0.018548960195924533	3.1959557986452425	3.4845830066532115	-177.98758330968778	
28000	-2703.9012562312037	-2521.4720532033252	-182.4292030278786	-2521.4720532033252	81.84520513713781	0.5406919449282197	2.791900738623912	0.010357831785648846	0.021793906565656135	3.0716863953818447	4.011842218200141	-173.76212490982954	
29000	-2700.541966867672	-2522.1844093449777	-178.35755752269415	-2522.1844093449777	81.84520513713781	0.4847458871138452	2.677156852303228	0.010889763363586148	0.022102206562514173	2.919713548711753	3.6253920312421726	-170.1360336030657	
30000	-2696.476447164666	-2518.7350850507473	-177.74136211391874	-2518.7350850507473	81.97893536142318	0.4576185032656943	2.7023383612635605	0.010269819186305158	0.02386767392727597	3.1461757743669883	3.5353180682574123	-169.46944526903278	
31000	-2693.882914426418	-2507.9448554228743	-185.9380590035441	-2507.9448554228743	81.97893536142318	0.4576185032656943	2.7023383612635605	0.010426119316203035	0.024767109154734682	2.9448179792071674	3.6589760890365484	-177.63176207965512	
32000	-2686.4093699512496	-2506.9735902664165	-179.4357796848329	-2506.9735902664165	81.94027869901399	0.48783121264234397	2.7023383612635605	0.010969074071266583	0.03804008642616896	3.4237927262890784	3.362580011615996	-171.21395757220304	
33000	-2700.816916193945	-2508.5446669024523	-192.27224929149287	-2508.5446669024523	81.94027869901399	0.449046864798895	2.726699408047198	0.009565201993877519	0.03065763286060737	3.293440967833143	5.000868073441107	-183.5804337573351	
34000	-2697.9022387087653	-2506.653599678665	-191.2486390301002	-2506.653599678665	81.94027869901399	0.449314084924397	2.726699408047198	0.009883778529561528	0.03128720574047536	3.4225544324391293	3.294424563964926	-182.9742034944531	
35000	-2691.7920430396916	-2499.639650721928	-192.15239231776363	-2499.639650721928	81.94027869901399	0.4573196993433594	2.726699408047198	0.009870805840622134	0.03285876435997746	3.4794877623275378	4.563685396238562	-183.55205779762161	
36000	-2687.375604223498	-2497.0468482828787	-190.32875594061946	-2497.0468482828787	81.94027869901399	0.488670591795697	2.726699408047198	0.010475842145816896	0.041863377236393336	3.244254230313733	3.881887802230434	-181.89023033623855	
37000	-2684.3498299481853	-2492.9642624239136	-191.3855675242717	-2492.9642624239136	81.94027869901399	0.4129325179914683	2.713588386337365	0.00953276987414371	0.029711320186950243	3.2699821599032197	4.381302470016422	-182.86535445322932	
38000	-2691.276988727026	-2489.072455827464	-202.2045328995617	-2489.072455827464	81.94027869901399	0.36858426075663175	2.713588386337365	0.009144187384002056	0.023797536616768748	3.1870338112844125	5.166233923307534	-193.51952190131627	
39000	-2682.5600935233124	-2477.7267762659526	-204.83331725735965	-2477.7267762659526	81.94027869901399	0.32240489132701733	2.718670581339063	0.008693584877488832	0.01601477500511904	3.375400626058242	5.924058924729086	-195.9961802811314	
40000	-2662.0664319983075	-2458.9641534226935	-203.10227857561392	-2458.9641534226935	81.94027869901399	0.38122783950863726	2.7056054585922458	0.009661704843831841	0.022765357328523653	3.2704205630505596	5.07229895279855	-194.459568573496	
41000	-2647.8915506871767	-2431.0628005133512	-216.8287501738256	-2431.0628005133512	81.94027869901399	0.33193879923229663	2.733874434973351	0.008404263837165474	0.0166131113511921	3.471145079439911	5.146984963885552	-208.08660781888833	
42000	-2559.8712211017264	-2344.6105121059522	-215.2607089957744	-2344.6105121059522	81.94027869901399	0.33193879923229663	2.733874434973351	0.007865245314308137	0.026534821636674744	4.084114536376842	6.453244052373138	-206.2923947819428	
43000	-2445.786688161526	-2214.1992893116226	-231.58739884990325	-2214.1992893116226	81.95759022778562	0.33193879923229663	2.731761056630388	0.007410632163615268	0.025097948404088143	4.262379467982692	8.311658006162109	-222.37234925504276	
44000	-2416.763043069909	-2194.1415273677635	-222.62151570214562	-2194.1415273677635	81.95759022778562	0.3379259793288299	2.731761056630388	0.0074712691541492645	0.0258579703011875	4.156674306996948	6.095410184092348	-213.7165891565196	
45000	-2426.2233999805744	-2201.657146860078	-224.56625312049684	-2201.657146860078	81.74355088384434	0.3406658448652284	2.731761056630388	0.007283284161292217	0.02649594760132312	4.250866797200254	6.830891835829489	-215.5474073926816	
46000	-2416.619605063185	-2193.508960486882	-223.11064457630297	-2193.508960486882	81.58102346166899	0.41609673136116404	2.8093891816869787	0.007794313830211619	0.03494901663496848	4.60172368518636	6.292049727752261	-213.94105953537107	
47000	-2427.8526628460277	-2200.6612813565516	-227.19138148947587	-2200.6612813565516	81.9782914507955	0.38117109476316396	2.8087997851453386	0.006832629958378475	0.02908095812166737	4.689089910825483	6.357639941606697	-218.01319447337863	
48000	-2427.83261557051	-2202.084878585369	-225.74773698514082	-2202.084878585369	81.9782914507955	0.395839488623771	2.8008590186821354	0.006805186734499871	0.03169647706706592	5.078911973771155	6.4836382569539275	-216.5737500688118	
49000	-2418.9182765485007	-2183.711978797891	-235.20629775060962	-2183.711978797891	82.14977271758524	0.3722856827649859	2.803703832996992	0.006384354030739946	0.028034671735997566	5.015832555979438	6.574217426275966	-226.0099018016572	
50000	-2419.3625764045137	-2187.817804251742	-231.54477215277154	-2187.817804251742	82.20919344835883	0.38361439359434407	2.801218665878741	0.007161257329382559	0.029966971130918223	4.940941480463112	8.324860739308512	-222.11974169144344	
51000	-2354.9415538347193	-2127.8702238225683	-227.07133001215118	-2127.8702238225683	82.32121793994887	0.39019916161988727	2.8728929416756044	0.0068202461086812605	0.027189210924019026	5.029828835259209	6.474796902512399	-217.68258428602857	
52000	-2345.549663842781	-2119.1913569617373	-226.3583068810434	-2119.1913569617373	82.32121793994887	0.38317001732234623	2.8728929416756044	0.006293273492098548	0.02607042074931647	5.0554689349713575	6.858901024449585	-216.91193116722036	
53000	-2355.138229541462	-2117.469555390916	-237.6686741505458	-2117.469555390916	81.95828525733319	0.40142403851477515	2.8728929416756044	0.006293685459108579	0.028574145574915753	5.192869899372315	7.815828840408771	-228.0916946492259	
54000	-2355.0970099476804	-2110.168794432572	-244.92821551510804	-2110.168794432572	81.95828525733319	0.4061505379768418	2.876632847973682	0.006328654732114853	0.02865651516044596	5.168661612131699	8.570221883185226	-235.24787256573217	
55000	-2349.1707259708514	-2113.131688604835	-236.03903736601677	-2113.131688604835	81.95828525733319	0.40914730121785736	2.882343632313661	0.00579367014691119	0.028383390591785587	5.2181228562075	7.5622919780103235	-226.46667965723688	
56000	-2329.4518269036216	-2104.532588894101	-224.9192380095205	-2104.532588894101	85.38529123810243	0.5460342619365243	2.9493135392152143	0.006590288283217817	0.04451406057825361	5.233129318907861	5.600150876241127	-215.4463312634292	
57000	-2334.4450968767537	-2108.1249755456374	-226.3201213311164	-2108.1249755456374	82.32694982265375	0.6032920743366098	2.9932955011059783	0.007218456000693518	0.04967431317225782	5.199760342882472	6.963962059461458	-216.49730046921334	
58000	-2350.638254876333	-2117.6269620216394	-233.01129285469347	-2117.6269620216394	88.89806713206673	0.47927226466678335	3.0057747768631	0.005768861097284647	0.03094732581267575	5.022549406436935	9.034127536902709	-222.8907696405901	
59000	-2337.2400301205503	-2112.6210523517393	-224.61897776881116	-2112.6210523517393	89.9084184076504	0.4903505787637715	3.0057747768631	0.005547756431653486	0.0322485839314201	5.461638521521015	6.860516027179554	-214.77368124774534	
60000	-2329.8966726917415	-2097.169581685467	-232.72709100627412	-2097.169581685467	94.31624701944195	0.5927989107962043	3.1096396776367246	0.00510666454442619	0.037317525685411565	5.7880167817492545	6.287202909328984	-222.65743499852243	
61000	-2316.9000064183	-2079.67511147811	-237.2248949401902	-2079.67511147811	91.95794454753148	0.5287016430426975	3.0974201531043524	0.0053187689421653325	0.06920237981543338	6.629912853243359	7.177645629533933	-227.05944603303095	
62000	-2316.611557293718	-2077.91999447048	-238.69156282323797	-2077.91999447048	83.34318978728545	0.5023169510131351	3.1368332492548188	0.00524996889290384	0.05766153820071118	6.8019933709183125	8.47253601127047	-228.24200435019148	
63000	-2315.829544359416	-2073.970216291322	-241.8593280680942	-2073.970216291322	84.0594152724435	0.5506897514833833	3.1368332492548188	0.005868205978393089	0.06915832502699239	6.789023356518294	8.566836049255834	-231.39870099458471	
64000	-2299.5708101427385	-2050.4238315101543	-249.14697863258445	-2050.4238315101543	91.84307630145615	0.5266565118922194	3.162361378636498	0.004909844867010919	0.05994933054268477	6.68677691405016	8.93271594658288	-238.56793750104615	
65000	-2276.357302407568	-2017.126023991203	-259.2312784163649	-2017.126023991203	89.50139339829035	0.5158588524033306	3.1812027847818447	0.005129356309911863	0.19189986273574702	8.897840986557062	10.116159440691936	-248.4712938094844	
66000	-2278.553109620967	-2014.4730711207515	-264.0800385002156	-2014.4730711207515	89.51456056709027	0.5158588524033306	3.1812027847818447	0.005519298183276897	0.1948773744064018	8.431856810548622	10.330525071793735	-253.2990848716216	
67000	-2271.2734265586605	-2016.1895568973496	-255.083869661311	-2016.1895568973496	85.66610688953327	0.4613732440894057	3.235130873727556	0.005158569770505589	0.14160912948588558	8.128169169056234	9.02546104212395	-244.276169109557	
68000	-2271.376833085231	-2018.7533759822968	-252.6234571029338	-2018.7533759822968	89.76165080034441	0.46967699499130205	3.235130873727556	0.005283436573682562	0.14438436306998487	8.84270261772546	9.012987358744533	-241.81713956207855	
69000	-2251.4669049290264	-2006.2463173893698	-245.22058753965678	-2006.2463173893698	90.70557488140237	0.46018034515185435	3.1813205669006726	0.005178387264993208	0.15289310555619914	8.538004254509417	9.683654638499052	-234.50394426566828	
70000	-2246.609530713712	-2001.9408891099447	-244.6686416037673	-2001.9408891099447	102.88059185022962	0.42632664859470903	3.188857786738723	0.004501730851967315	0.1288981817318923	9.037656851030238	8.479775031340065	-234.06213986407946	
71000	-2258.4880194300763	-2009.8988196091661	-248.58919982091027	-2009.8988196091661	132.58722217913814	0.43523292857638246	3.2065372595461166	0.003661069921605633	0.13029044377004828	9.316675170504842	8.584844719832796	-237.91733987175203	
72000	-2250.071627206101	-1997.9058784915126	-252.1657487145881	-1997.9058784915126	84.1560299857682	0.45428978052572694	3.2065372595461166	0.005632419550420605	0.1423248468829784	9.081061333531743	7.542560251694792	-241.62332549192308	
73000	-2248.4605992547067	-2003.1013012768437	-245.35929797786284	-2003.1013012768437	85.65411300246511	0.42637633165001343	3.1943624736735305	0.005004429891380852	0.12777719347336025	9.318818326184422	8.777773031669694	-234.70174171149333	
74000	-2238.1525165913545	-1991.8494243004166	-246.30309229093805	-1991.8494243004166	96.99362248025851	0.4350257008983424	3.1943624736735305	0.004947601913573005	0.13297615285976178	9.055663941070359	8.661406777469486	-235.65888160418655	
75000	-2243.3492052695287	-1993.1659622202594	-250.18324304926927	-1993.1659622202594	90.1847963352938	0.4350257008983424	3.236574492192732	0.004943159012495078	0.12339372869457288	9.490186094819581	8.25081669880796	-239.46094860766297	
76000	-2249.96551720494	-1996.8373818206715	-253.1281353842688	-1996.8373818206715	93.79252463258749	0.4724751706363615	3.236574492192732	0.005096688838687971	0.1455042930854341	9.399736789195961	10.654359370875108	-242.15018399290332	
77000	-2243.0725124697487	-1988.321030727189	-254.75148174255983	-1988.321030727189	110.25006073470368	0.4401449815957244	3.231775905099887	0.004152680174871959	0.12739288090596135	9.351800987265857	6.998678371609321	-244.20817536402035	
78000	-2244.3042041152426	-1991.2990686993016	-253.0051354159409	-1991.2990686993016	89.20138841222655	0.4355557782700327	3.2512897659744238	0.005139845311073849	0.12043994057758922	9.215992115123854	8.50647160876778	-242.20817568766603	
79000	-2248.7940770459822	-1988.1771806908603	-260.6168963551221	-1988.1771806908603	99.70791959667467	0.4355557782700327	3.253252904938447	0.005087451371295415	0.12002042897022139	8.911561918897005	10.31559313637165	-249.6212172133121	
80000	-2229.4707504697885	-1964.2042294620758	-265.26652100771264	-1964.2042294620758	97.32882110781965	0.3918502775743184	3.253252904938447	0.004554405478480798	0.09713554232453038	8.95784671399813	9.093647850530376	-254.3969223817096	
81000	-2239.8376628278684	-1975.0756619311132	-264.76200089675496	-1975.0756619311132	86.08682178195075	0.37638503716223226	3.3017214543633795	0.004638731102104427	0.0817556271309107	8.868812971977253	12.7371787885397	-253.41003303138353	
82000	-2216.732936446272	-1958.415967393008	-258.3169690532639	-1958.415967393008	85.2879640354078	0.3611194733666956	3.2231457658429616	0.005331345365958005	0.08721812521371722	8.697747547155528	10.88484830232952	-247.35790525077627	
83000	-2230.3293160473495	-1967.6863981965603	-262.64291785078916	-1967.6863981965603	88.6340885278942	0.3622183299738502	3.2231457658429616	0.004709446103110502	0.08772549718768122	8.63314635610823	9.984719659870636	-251.7701699161484	
84000	-2211.1847667122406	-1955.1348845746666	-256.04988213757406	-1955.1348845746666	89.20549578994547	0.34407238057040795	3.2074305091064295	0.005245137130890088	0.08286010445052326	7.687384667117785	10.08739846358489	-245.2140536105603	
85000	-2213.543557120238	-1948.2879034703628	-265.2556536498753	-1948.2879034703628	110.22921211808759	0.313323369933671	3.2074305091064295	0.004053908624827532	0.0682815248138649	7.969524732646274	8.40219069162503	-254.60261962236942	
86000	-2176.173537089419	-1915.3955251007055	-260.7780119887133	-1915.3955251007055	114.52194494533124	0.3361861460716645	3.219610320514301	0.0035380957535242306	0.07684027881675291	8.20626717558261	11.968367315232973	-249.73466022893692	
87000	-2192.822690197911	-1932.0331455898745	-260.78954460803635	-1932.0331455898745	127.60835031452581	0.2598965106935178	3.219610320514301	0.0029547945544672843	0.04580404238755839	8.138262268983082	9.890603806398492	-249.93687476448252	
88000	-2174.6844331363327	-1923.5296601754633	-251.15477296086942	-1923.5296601754633	85.31909748653595	0.329182039097888	3.2421375776358268	0.004817519149358979	0.07068588731357626	8.334538950742806	10.325807193282492	-240.1914534687658	
89000	-2173.646536538827	-1926.8187607316706	-246.82777580715657	-1926.8187607316706	96.42029802008959	0.3379522310661546	3.115691749506814	0.0050349363594209395	0.09270918174958737	7.95550219582948	8.455257858161339	-236.44368957170136	
90000	-2172.9013171909473	-1922.5974674068477	-250.30384978409955	-1922.5974674068477	104.41410779068515	0.2752440365245871	3.092493885065229	0.004250495638481142	0.0637611260986619	7.918446658918893	9.059338462778404	-239.92035648158708	
91000	-2172.9339750889203	-1921.474436144787	-251.45953894413353	-1921.474436144787	88.55563661601308	0.2752440365245871	3.038426784763567	0.004814861027726783	0.0695854048536858	7.688932244047628	8.865898850918212	-241.2598469367051	
92000	-2181.528268505874	-1918.821558583425	-262.7067099224493	-1918.821558583425	90.21398048970515	0.2752440365245871	3.1122100997425837	0.00453840842382606	0.0610047385797768	8.599398691105243	9.32997236202341	-252.2346261078993	
93000	-2189.800448055422	-1921.6627390548936	-268.1377090005285	-1921.6627390548936	108.57315541339455	0.25733310409883536	3.1122100997425837	0.003914168720784526	0.053328585694135434	8.630967983088249	13.246688926879974	-257.3151096096706	
94000	-2182.9856256386256	-1917.8666511030829	-265.11897453554263	-1917.8666511030829	92.39593363083054	0.2564850680428413	3.1122100997425837	0.004391645320855364	0.05302330462251209	8.43458759050791	11.240651068531948	-254.46058600654314	
95000	-2186.983146237064	-1918.5331661164198	-268.4499801206443	-1918.5331661164198	100.37737520043717	0.2564850680428413	3.13619995155402	0.003739363360554334	0.0510302337260219	8.779047503306272	10.357642578046397	-257.8014269450136	
96000	-2179.2354063966486	-1913.736463920171	-265.4989424764776	-1913.736463920171	88.42931620332935	0.25915828089028126	3.0998794668656027	0.004616752823365024	0.05527988028081802	8.13461737404258	11.04238081440059	-254.8953456416261	
97000	-2179.5686746062042	-1916.950498559641	-262.61817604656335	-1916.950498559641	100.79925246090818	0.23784701434970967	3.0998794668656027	0.004121511652842782	0.04663663536458017	7.996622972988537	10.265288481432716	-252.08755172931012	
98000	-2181.9744830723926	-1926.4878587702156	-255.48662430217684	-1926.4878587702156	93.41816229899075	0.23283082471352742	3.0998794668656027	0.004180843125658454	0.04468477044936894	8.183589212759031	9.972859811619879	-244.98490075387315	
99000	-2171.819899944375	-1915.369685230392	-256.4502147139827	-1915.369685230392	95.92950058224389	0.258156207496304	3.100438852530556	0.004331237165361612	0.05513699764115724	7.96357788870809	10.403992397466357	-245.9044906085269	
100000	-2175.7079755934974	-1913.1484133411846	-262.55956225231273	-1913.1484133411846	94.17619883717155	0.26596605579637866	3.100438852530556	0.0042918541133553185	0.05848631428062051	7.766287045331473	10.925401731339246	-251.9649372516584	
101000	-2160.8364440210134	-1897.4503457000058	-263.3860983210075	-1897.4503457000058	94.0404803285312	0.26596605579637866	3.1667609455339023	0.004047762814167138	0.052807649926553256	7.655733562085764	10.744984454595432	-252.60913857144192	
102000	-2148.107143427349	-1889.4862010129484	-258.62094241440064	-1889.4862010129484	91.27753672041592	0.25994240622957493	3.149932436363704	0.004207882116093075	0.05157196472664777	8.188167881432625	10.483853985380705	-247.9190759667524	
103000	-2146.0917754493034	-1882.0924284126063	-263.99934703669726	-1882.0924284126063	100.0823335551087	0.24290509229996293	3.102605851749856	0.003997825856228429	0.048673015417154596	8.157073643030492	11.512928384029058	-253.34584028904484	
104000	-2139.7125301884544	-1875.3085865467062	-264.4039436417482	-1875.3085865467062	92.2874340075445	0.23476717827497823	3.108349091794266	0.004149846302704775	0.04661904400242358	7.3931142385585575	12.325598609288386	-253.66499777459225	
105000	-2125.227676798452	-1863.443474908346	-261.78420189010643	-1863.443474908346	97.13401693224154	0.24113619212834017	3.108349091794266	0.003906313142559487	0.04915894890199145	7.370558688727939	10.179277852756744	-251.23658023964174	
106000	-2132.1420437262072	-1860.5087099047569	-271.63333382145044	-1860.5087099047569	99.3048369731688	0.2627082696325648	3.175395223809652	0.003675609273247304	0.050642343608674464	8.315009200624115	10.750680153403534	-260.82993870719514	
107000	-2123.9247413526714	-1854.438000865449	-269.4867404872223	-1854.438000865449	93.09890929706896	0.3233344484750434	3.185926290256641	0.004329412071038377	0.07531563740668715	8.462982343365468	11.223830108476623	-258.6086788304115	
108000	-2119.621606633255	-1849.9881904719994	-269.6334161612556	-1849.9881904719994	92.60360789006306	0.3233344484750434	3.2021699011982134	0.004058881958285449	0.07320317603304774	8.33269438235058	11.522262880313766	-258.68037693772374	
109000	-2131.3850049619155	-1856.0917078006519	-275.29329716126347	-1856.0917078006519	105.15170577028654	0.35858075071837264	3.2606876594310417	0.0033253719577468494	0.08079322553166247	8.648025651743783	12.625148257013825	-264.07327745428825	
110000	-2126.7246189799553	-1854.588034739201	-272.13658424075425	-1854.588034739201	101.7078758159953	0.3400530532992526	3.2076331671854454	0.003657096152309964	0.08046684399412142	8.130065316172866	12.90619940358289	-261.05372687682745	
111000	-2116.1078216613623	-1849.4259770650528	-266.68184459630925	-1849.4259770650528	106.85932744063875	0.3722121309794282	3.2960106924397885	0.003466686548197137	0.08175362416991977	8.548871889405053	13.317467465918918	-255.30245939371142	
112000	-2111.5718624251085	-1852.319721431889	-259.25214099321937	-1852.319721431889	89.57574189761337	0.33676445543367284	3.22672071520316	0.0044013834228638	0.07614107250741797	8.648223354039725	10.790120697394759	-248.29109206300285	
113000	-2113.0685378753724	-1854.6813359457205	-258.38720192965195	-1854.6813359457205	89.93605063904289	0.32379835875990665	3.1901504185794725	0.004623018619514336	0.07521380096755867	8.331780396905947	9.369539337042035	-247.67704189530332	
114000	-2127.7470219790844	-1868.5439357138703	-259.20308626521427	-1868.5439357138703	90.80044051798916	0.30430118313571675	3.095990217422586	0.0052679784349755	0.07760654484690664	7.78720817732936	10.52327619104492	-248.6593094328296	
115000	-2120.561099039846	-1856.3742117685815	-264.18688727126425	-1856.3742117685815	102.9323785858414	0.31690239667562214	3.262944769825662	0.0036091528263624243	0.06332931129243817	8.5420662346811	11.485103519052837	-253.0547354246128	
116000	-2115.1063130959155	-1853.5008880970881	-261.6054249988274	-1853.5008880970881	94.67128033594425	0.31726933568260607	3.2213137568766177	0.004116128998108919	0.06855730371124885	8.626905538460667	11.280491001423924	-250.61615475747226	
117000	-2119.0163011065447	-1856.4253926465335	-262.59090846001135	-1856.4253926465335	89.72514502125621	0.29144756774045366	3.210065310395586	0.0045203466977818	0.060112644876159596	7.896716353596954	10.84166577876148	-251.67506505275534	
118000	-2114.0338105662677	-1845.5955378172625	-268.43827274900536	-1845.5955378172625	92.33294756186291	0.29144756774045366	3.2443480403600877	0.004302842903964081	0.056422829931024564	7.9577972791701574	15.632035119911322	-257.0536451778756	
119000	-2117.443806438005	-1851.7836283468837	-265.6601780911214	-1851.7836283468837	96.01941713456046	0.24546849439680177	3.2443480403600877	0.0035502989930433597	0.039894505818137686	8.10586369636319	12.48236833906025	-254.50055574626217	
120000	-2127.442877760003	-1864.321021812315	-263.12185594768795	-1864.321021812315	95.80899560691968	0.23324666811445777	3.1112486930405363	0.004330677286532344	0.04524740026487881	7.985618718641741	9.257092702965409	-252.6604986578814	
121000	-2123.063535205148	-1848.6683616280768	-274.3951735770712	-1848.6683616280768	93.73316941940199	0.14989091818175726	2.9878061867738466	0.003564544253367944	0.022464075288468027	7.61256757065847	14.335768441759951	-263.8668131750378	
122000	-2122.198636396037	-1851.024244316786	-271.174392079251	-1851.024244316786	98.32783075374792	0.14989091818175726	2.9946942710424174	0.0035147484805009583	0.022249157557460517	7.4081369653284135	12.277634549402183	-260.7803437837671	
123000	-2125.4655538694146	-1851.0933820174744	-274.37217185194015	-1851.0933820174744	101.94451236448118	0.15195051552680283	2.955229538579041	0.003726831777366906	0.024262124527623028	6.8152565126638684	12.025176451337883	-264.117306382752	
124000	-2125.7950957876055	-1846.6248762670452	-279.1702195205605	-1846.6248762670452	175.52648005664557	0.15714570738203618	2.955229538579041	0.002236871921116822	0.025380819450298134	7.010467592673744	13.402642728923098	-268.8069046348763	
125000	-2105.5601872607294	-1837.8567219625893	-267.7034652981403	-1837.8567219625893	148.2525392919061	0.13879698980045949	2.858405200844653	0.0027062512078619046	0.02212821215820365	6.965155100388229	9.979384034339013	-257.9255830135413	
126000	-2102.027282305596	-1843.1477841780243	-258.87949812757205	-1843.1477841780243	89.90119906911309	0.13598623243273497	2.85364378922224	0.004115691513354677	0.02223602015071931	6.288291573489242	9.753728895060293	-249.13877321214963	
127000	-2119.077871639672	-1856.9609074584894	-262.1169641811827	-1856.9609074584894	89.80995587021714	0.13155493975781787	2.9013769420243474	0.004172521731748363	0.020126919659402373	6.4204336040074645	11.357588001432713	-252.08078908171393	
128000	-2121.493375107122	-1861.6030722282924	-259.8903028788296	-1861.6030722282924	88.23673812052438	0.12743364867039153	2.8162452674277914	0.004696770487027523	0.02071167497422861	6.519165198239546	11.62116664017479	-250.08660626642796	
129000	-2114.7879484898613	-1858.2697833902923	-256.5181650995687	-1858.2697833902923	86.31137050991751	0.13279938270072916	2.8290154094734827	0.0047298436718386586	0.020695015830966612	7.417186551960841	10.266260380691424	-246.8001195480958	
130000	-2126.268309843795	-1860.2435071142704	-266.0248027295246	-1860.2435071142704	86.31137050991751	0.12176055398482463	2.8096548131720755	0.004441403368517575	0.017743130445113255	7.407685357374925	11.62109522169601	-256.2408856027946	
131000	-2117.437391195434	-1857.9836161351307	-259.4537750603035	-1857.9836161351307	87.13219706607207	0.11327561711899797	2.7575610624005433	0.004600730147428106	0.016100427923750237	7.224651107007104	9.782013192698118	-249.99843150492939	
132000	-2128.5966636412027	-1857.885528875492	-270.71113476571077	-1857.885528875492	87.13219706607207	0.10995664566127836	2.7631487397232886	0.004438273556742234	0.015089721904944314	7.3082651004755945	14.497178133452945	-260.8456177936834	
133000	-2128.8809662372378	-1853.8137744610613	-275.06719177617646	-1853.8137744610613	86.09048827338964	0.10995664566127836	2.734072902679463	0.004490832368846857	0.015487552798078437	7.10987786676083	13.033387857362673	-265.39535069616153	
134000	-2130.2936311327358	-1859.5721282897166	-270.7215028430194	-1859.5721282897166	87.08517678939327	0.11302378723445998	2.8156728263299304	0.003957212807844772	0.01520500487039216	7.317330152009293	11.356968438999004	-260.9425203564569	
135000	-2132.359246456642	-1858.4468082030355	-273.91243825360624	-1858.4468082030355	87.08517678939327	0.10974256389305538	2.7897873522013135	0.004432638158886151	0.0147002062330346	7.292945742567594	15.838734436963263	-263.87849298422503	
136000	-2124.0044532879783	-1856.1438762773332	-267.86057701064504	-1856.1438762773332	90.24594436818336	0.10938428269720375	2.821952807167477	0.004425354565077805	0.0141289079182192	7.153235283451897	11.334769568002564	-258.06470925779445	
137000	-2113.794183036322	-1848.1453307940599	-265.6488522422622	-1848.1453307940599	91.05922427699379	0.10938428269720375	2.821508469225672	0.00423795937793236	0.01412539049736249	7.149021852887066	10.674865435851444	-255.91430063756476	
138000	-2108.0486766151016	-1848.9762485703798	-259.0724280447216	-1848.9762485703798	89.56089181947523	0.10938428269720375	2.8237149630466822	0.004332642900382455	0.014032258827877968	7.360254620670998	10.632864035019837	-249.33519866453005	
139000	-2132.9583744409592	-1863.4676369537585	-269.4907374872009	-1863.4676369537585	90.36882785434473	0.10938428269720375	2.8899944927066064	0.003989711987664293	0.013064953428454436	7.296920154628637	10.245849915179338	-259.5917264804213	
140000	-2115.8966712884267	-1846.9840046699085	-268.91266661851813	-1846.9840046699085	90.36882785434473	0.1374688353798694	2.960380290838655	0.0044086307387075805	0.019141988229840107	7.027310079979656	11.587587909643842	-258.6794153193071	
141000	-2130.345669849681	-1856.5303489470073	-273.81532090267365	-1856.5303489470073	90.27796152290021	0.12692508157014631	3.0492495655829024	0.0035299518604888862	0.014428990452486946	7.622894734395359	13.42101194303993	-263.16854809894477	
142000	-2120.980350890227	-1852.6116835421456	-268.36866734808143	-1852.6116835421456	92.99652433293646	0.13848445020126465	3.0492495655829024	0.004028795237212974	0.01713847448782459	7.6484385253767275	11.900038080904736	-257.84217447845646	
143000	-2108.904741261991	-1845.4332743147452	-263.4714669472458	-1845.4332743147452	94.91383067121542	0.13848445020126465	3.0492495655829024	0.003795441706777848	0.01713197342335109	7.941672976430514	12.958204275332733	-252.8597865554874	
144000	-2123.037051127492	-1853.2081315495375	-269.82891957795437	-1853.2081315495375	94.09658040386019	0.12340593931132145	3.1041485090741574	0.0035658187670064585	0.012506497118748884	7.901430606321061	10.786674390316017	-259.2359434871552	
145000	-2126.35277641245	-1856.5386608177687	-269.8141155946815	-1856.5386608177687	94.09658040386019	0.11620876154340498	2.992589528498331	0.0038608002650757887	0.013065218143991024	7.682426779561227	12.643632205164415	-259.39700773076686	
146000	-2128.4221278312452	-1845.6588749269406	-282.7632529043046	-1845.6588749269406	95.93248218524506	0.11620876154340498	2.9742306488378154	0.003601241092592397	0.013423181994368892	7.330739666330574	13.419932004836756	-272.34163982820206	
147000	-2115.6164852987254	-1844.779794780235	-270.8366905184901	-1844.779794780235	95.93248218524506	0.12327405643136388	2.976425860203804	0.003897130593361746	0.014978741841212114	7.701642844744749	11.705903317931224	-260.5451389428416	
148000	-2125.1748090176666	-1845.3665875471509	-279.8082214705157	-1845.3665875471509	95.79718379347035	0.1196376344982098	2.976425860203804	0.0035115280453788607	0.014077689792779232	7.627589036905838	12.682342482045131	-269.4365524962343	
149000	-2136.270480735994	-1844.9223298116813	-291.3481509243127	-1844.9223298116813	96.39571015559915	0.11748778084613154	3.0075100499974265	0.003501003531158198	0.013016535586759264	7.788533369826521	18.571974124386994	-280.50177704784215	
150000	-2142.0036892921444	-1846.6165681168295	-295.38712117531503	-1846.6165681168295	97.90219602330862	0.1043267843398612	3.0084929981648427	0.0030654171912737746	0.010269009027437765	7.586916227824147	17.77438454896807	-284.58169348576644	
151000	-2133.3388891327177	-1847.7195610046274	-285.6193281280905	-1847.7195610046274	112.1565434185329	0.1043267843398612	2.9628531475640045	0.00309872301494206	0.010884411674464328	7.708939690105465	13.953443766793995	-275.1928656914238	
152000	-2121.69606104459	-1837.417438774766	-284.2786222698239	-1837.417438774766	112.77912953417594	0.10941438560448508	2.931271406673128	0.0032959799506722147	0.01253595016244498	7.290495837059323	13.672117414564863	-273.9672823403694	
153000	-2137.995147517835	-1857.4673658581103	-280.5277816597248	-1857.4673658581103	107.3658422110501	0.10665033378920265	2.9307537294370647	0.0032483932105071495	0.011929175407094962	7.239161355709297	13.79426628057822	-270.20910043212183	
154000	-2134.8726245544676	-1855.1768318529867	-279.6957927014809	-1855.1768318529867	101.44294604214953	0.11053060523206251	2.898940782132599	0.003932409449338406	0.013296571553603335	7.163346402393082	13.046679234185907	-269.5282792429663	
155000	-2129.685663509462	-1856.161222328462	-273.52444118099976	-1856.161222328462	97.84756771364471	0.105758586092752	2.8270049749418615	0.004138807547581341	0.013186923140341162	6.945246898593245	10.929765059751666	-263.74980055656476	
156000	-2130.049907271552	-1849.5360996146721	-280.51380765688	-1849.5360996146721	110.18763152781139	0.0996486645009245	2.8789936992243965	0.0036569153887096363	0.011092282045974101	7.16024450143968	13.60481103381904	-270.364251585714	
157000	-2131.727512308802	-1846.4921321605627	-285.2353801482391	-1846.4921321605627	123.42099011129908	0.10398673456781124	2.914439245308058	0.0031695255857481074	0.02352092848186113	5.569867798431729	15.493658671314027	-274.84946946453397	
158000	-2127.747240723711	-1842.8290929040943	-284.91814781961665	-1842.8290929040943	122.39768826637797	0.09839279817361785	2.9719906132635416	0.00278660878557699	0.019373590053626145	5.730286118021658	13.770826263906072	-274.4774442715605	
159000	-2134.6422194818097	-1852.3606859285576	-282.28153355325225	-1852.3606859285576	112.52315136746739	0.10512890600403813	2.9427617581381953	0.003629293908024584	0.022909940840019277	5.814118901489767	15.18623312976296	-271.8306883533897	
160000	-2143.0202800690554	-1853.0279280381637	-289.99235203089165	-1853.0279280381637	113.65039691108953	0.10337871442255173	3.0157944979659908	0.0030551449642401574	0.010427647477983245	6.622830327394619	14.92630193836694	-279.3396511143043	
161000	-2147.266344299464	-1849.1603700434955	-298.1059742559684	-1849.1603700434955	115.18014135585855	0.1005496082544346	2.9821405528523113	0.002783375546779756	0.009905108542810945	7.949922122311192	15.380229880442997	-287.5242872487623	
162000	-2135.40464660658	-1837.3889352037477	-298.0157114028323	-1837.3889352037477	113.32993266775763	0.08787768276196542	2.93236569481228	0.0028240734752216774	0.008065051659623254	7.851955129663588	17.164427485256844	-287.4736077416339	
163000	-2138.38651255521	-1829.4570300823102	-308.92948247289985	-1829.4570300823102	113.68195975914306	0.07867336386415145	2.93236569481228	0.002501977195717903	0.006416522140014098	8.43398571999978	18.747723397502916	-298.2991455581985	
164000	-2142.0080701647903	-1833.7386985780317	-308.2693715867586	-1833.7386985780317	113.16419482734396	0.08537244590864536	2.912806040719938	0.0028164771446412998	0.007736871782915776	8.4053961513711	16.985479329647372	-297.79643300708545	
165000	-2134.860084846071	-1834.4575899050526	-300.40249494101835	-1834.4575899050526	114.77989566060982	0.08573243074155537	2.9601483573797083	0.0028218368151728154	0.00742242464257826	7.792174052123805	21.406408643102992	-289.5561836827274	
166000	-2147.9599463265818	-1838.3530740114616	-309.60687231512026	-1838.3530740114616	116.35323524453707	0.06945495461920893	2.9160162466520245	0.0027138674810788764	0.0051516568748799126	7.512074564368623	15.951820144921566	-299.18708803808016	
167000	-2147.4724434225395	-1832.2164079679123	-315.25603545462707	-1832.2164079679123	109.91265097071874	0.06945495461920893	2.8709289166692633	0.003070733325493428	0.005437174129651594	7.287439036149945	22.479384271212748	-304.6285009988965	
168000	-2147.921677320551	-1830.810536570113	-317.1111407504383	-1830.810536570113	112.5171619609138	0.07184396703674853	2.917291538201006	0.002715320986023006	0.0018049706705179447	5.633373919879641	22.211532151771127	-306.3564915342165	
169000	-2132.073171702868	-1826.8510227882746	-305.22214891459333	-1826.8510227882746	120.77424467200696	0.07656853325719325	2.9428685761464637	0.0026310690843484898	0.0019630702125929453	5.802749551313386	15.299919262269702	-294.76352497954605	
170000	-2128.089629429756	-1822.0961818957123	-305.9934475340437	-1822.0961818957123	107.63321174535889	0.07294728478746157	2.8797030671866577	0.0029726427575966934	0.002003598865448405	5.236555739447258	20.77514517152782	-295.418429300316	
171000	-2129.4541458025114	-1826.3726518759254	-303.08149392658595	-1826.3726518759254	114.8249754653842	0.06552968631514022	2.8904397486779096	0.0028377028494318834	0.0017103433362011208	4.908570392704633	19.852593512877792	-292.5196851014151	
172000	-2107.200753507593	-1802.4875966818006	-304.71315682579257	-1802.4875966818006	111.17362137692959	0.06637065087036685	2.8722509471520503	0.0028140306315579447	0.0018207453271183102	4.6421556738492	16.706834887354272	-294.37843660616	
173000	-2101.1732846915597	-1799.5088646969173	-301.66441999464257	-1799.5088646969173	113.81588133934325	0.0696386797445463	2.9032280137632664	0.003020362176967927	0.0017997840497459173	5.094722106097009	14.321842200325712	-291.390791392979	
174000	-2111.695832965964	-1809.3508427999523	-302.34499016601177	-1809.3508427999523	117.75242584508398	0.06453476664188362	2.8538355738914287	0.003064738852628361	0.0016684170118349403	4.962035621912431	20.429621703930042	-291.86435360974656	
175000	-2093.6943100399617	-1797.4686774827721	-296.22563255718944	-1797.4686774827721	115.21951046073228	0.05800053949264374	2.8538355738914287	0.002789909007249787	0.0013914690539842645	4.702358237930762	14.870682634270977	-286.062590226659	
176000	-2099.6066901655627	-1800.9512423641224	-298.65544780144035	-1800.9512423641224	118.70049465408363	0.05800053949264374	2.8538355738914287	0.0028631241030838282	0.0013437144160436535	4.912118458955402	19.400289414618626	-288.2265091529014	
177000	-2096.1364293965735	-1802.1954769235556	-293.94095247301783	-1802.1954769235556	109.7051910701668	0.05800053949264374	2.851216477135821	0.002806356567706473	0.0013981745342631997	4.8380034998547075	15.994856708251243	-283.7128926699631	
178000	-2092.359055240553	-1789.66876137894	-302.69029386161293	-1789.66876137894	112.32874736809421	0.06343162617446864	2.871120317991431	0.002741162063517411	0.0015720504575226536	5.0585472755276975	19.602053714228155	-292.199149436984	
179000	-2104.6008686353734	-1801.4313001389194	-303.16956849645385	-1801.4313001389194	120.45747401565647	0.059602303935607684	2.871120317991431	0.0024854732146143074	0.0014180030201484321	4.843665137818346	20.647655704880176	-292.6264566261352	
180000	-2109.3707376155135	-1803.4287066626925	-305.9420309528207	-1803.4287066626925	118.66336251594238	0.07513244137767165	3.04456462295838	0.0023817525064486348	0.0015807133559468396	5.719673606362124	19.513496460612153	-294.935029564535	
181000	-2115.2914323186505	-1806.894193039723	-308.3972392789278	-1806.894193039723	101.54902424028748	0.07385895013585664	3.0434528929634417	0.002886009601664818	0.0015454589799415316	5.533076785157673	22.763415653421234	-297.23952509588105	
182000	-2107.762073525462	-1799.6677040078525	-308.0943695176094	-1799.6677040078525	106.66811537527552	0.07385895013585664	3.0424401759870063	0.0028257303510025177	0.001553572365677348	5.68177831276742	17.270589648648095	-297.2158434254616	
183000	-2123.7872505875307	-1811.2173400422441	-312.56991054528663	-1811.2173400422441	118.6080561912683	0.054473272247906095	2.962745074290475	0.0023420073780804507	9.789202748502627E-4	5.328129340407131	23.42042725423727	-301.6258901025313	
184000	-2122.5513096027325	-1808.6835216162642	-313.86778798646856	-1808.6835216162642	140.54704932133976	0.04650731967433397	2.891327237492948	0.002308933729718917	8.011320440871959E-4	5.195021163156663	21.342214569428634	-303.23096406673704	
185000	-2117.618816599699	-1806.1866870557656	-311.43212954393374	-1806.1866870557656	128.89811810071066	0.040525652279611996	2.902420344398726	0.00241606310466443	6.024180783811908E-4	4.986337816041453	21.486145488339787	-300.75530165969116	
186000	-2127.2006392085837	-1815.0642107083875	-312.136428500196	-1815.0642107083875	140.71563231337922	0.031480064371178375	2.7028999730268413	0.002435073026506254	4.868928318925562E-4	4.463363555027918	23.579027575465652	-301.96527226881614	
187000	-2107.8685335600317	-1799.0880135836753	-308.7805199763562	-1799.0880135836753	124.28667357765171	0.03356285267591277	2.8571782367112837	0.0023386541240416826	4.468222828827567E-4	5.086310118264779	20.163629759322976	-298.3029598461138	
188000	-2123.7286668317124	-1813.4104009314296	-310.31826590028294	-1813.4104009314296	144.0694097864215	0.0403836582236631	2.968006796756396	0.002148653766696107	5.59064893137692E-4	4.8471684140167675	21.53113378137105	-299.44256734206687	
189000	-2134.641647086738	-1816.4444470295498	-318.19720005718824	-1816.4444470295498	163.7720962351568	0.032089991776111895	2.958528521700092	0.001760028493851346	0.0013928504234295867	5.192472631097311	24.55287550691488	-307.2186101624624	
190000	-2128.7025983670856	-1806.1514298477312	-322.55116851935463	-1806.1514298477312	160.75964548831928	0.03793246342870396	2.9242088229043537	0.002039958300413499	5.896236798243943E-4	3.91841762990656	23.72473951618707	-311.709858628789	
191000	-2131.9436649184	-1808.4284257018273	-323.5152392165727	-1808.4284257018273	151.17845813223434	0.04929051090730885	3.072690711835399	0.002163706303276463	7.457477121903185E-4	4.120495761329158	24.805308085581547	-312.183899809354	
192000	-2133.378932936943	-1802.4172942025868	-330.96163873435603	-1802.4172942025868	144.98384717445066	0.04941921875429831	3.071589092276874	0.002210757793669598	7.363775682623805E-4	4.556796408268413	22.750495964156933	-319.72007523652763	
193000	-2138.647177612787	-1805.7434463915665	-332.9037312212205	-1805.7434463915665	177.87847759801764	0.04738102781821616	3.0754035370276993	0.001625389471677231	6.322394460377825E-4	4.93576263804694	27.773385850554057	-321.451231971828	
194000	-2140.6914777496	-1811.9511492222246	-328.7403285273754	-1811.9511492222246	145.4769628203483	0.043142402565011305	3.0244547922005234	0.0020432684572558417	5.78917209080508E-4	4.754387758620904	27.77568247310721	-317.4406081105491	
195000	-2152.164782767769	-1813.3936111753692	-338.7711715923997	-1813.3936111753692	110.8489282042663	0.047388634574867375	3.085952311881547	0.002529961434332769	6.16387075981636E-4	5.049715898721601	33.42673325770793	-327.10174509536887	
196000	-2130.3761171424762	-1795.2550187641489	-335.12109837832725	-1795.2550187641489	156.77856917853185	0.04348480779299101	3.069125555281356	0.0019024842991604302	5.573017179037334E-4	4.679837980022326	30.86082820261407	-323.5820254924126	
197000	-2136.2597632734623	-1801.9312533561515	-334.328509917311	-1801.9312533561515	129.50445388639722	0.04348480779299101	2.958881292459097	0.0024013940744542967	6.812442662157752E-4	4.732308945057174	26.228808986694126	-323.28283219412214	
198000	-2140.465281904379	-1796.2622714141658	-344.2030104902131	-1796.2622714141658	159.0436562402762	0.04364987180921111	3.0948519147747597	0.0017568466832153622	5.238400034969935E-4	4.991004655011078	33.15607941214508	-332.51501240029523	
199000	-2134.803737987958	-1797.9280757796867	-336.8756622082715	-1797.9280757796867	213.88419349742935	0.03791947451314717	2.974635984758943	0.001436243398639925	4.930017039108208E-4	4.877792762375234	27.103321191073107	-325.7499177940669	
200000	-2135.449105536841	-1791.6415311004482	-343.80757443639317	-1791.6415311004482	215.45055812021926	0.03788617744177797	2.974635984758943	0.001529201076113954	4.7070382491837417E-4	5.089825468457753	27.103321191073107	-332.6818300221886	
201000	-2159.1766058523435	-1806.8856251417217	-352.2909807106216	-1806.8856251417217	186.55796747608343	0.03332757763733366	2.9481961397378287	0.0014228782072764961	3.828319777464983E-4	4.751574191351331	29.709909895235203	-341.1527393811194	
202000	-2169.4926630369573	-1813.6960951247459	-355.79656791221134	-1813.6960951247459	229.7241485418139	0.03293756438147526	2.9811391045258304	0.001328297733961279	3.52907130447264E-4	4.714558440980381	36.44061257492514	-344.355284578369	
203000	-2183.799021534359	-1818.752348809632	-365.0466727247269	-1818.752348809632	212.74608550019465	0.02626041714652758	2.904207164467528	0.0015325947702842218	2.623130515873004E-4	4.306914255609744	46.271109023027	-353.5973744045653	
204000	-2184.106191301567	-1814.1252449204605	-369.98094638110655	-1814.1252449204605	375.4009925457595	0.026586336020636633	2.9520359162953826	9.637904220636944E-4	2.4262421783807653E-4	4.895829329508055	32.283996733590115	-358.74809357625924	
205000	-2170.5660432688433	-1810.1563519640067	-360.4096913048365	-1810.1563519640067	199.22589085966615	0.026586336020636633	2.850134663922089	0.001716124045438493	2.907745072457398E-4	4.537927057768745	35.52266516921822	-349.38697353260056	
206000	-2161.147449279123	-1806.780817489722	-354.3666317894009	-1806.780817489722	216.63651283493746	0.02038998469989066	2.862601822842986	0.001435489841822368	1.687273474981705E-4	4.379692833153811	32.26168182489292	-343.40279954332505	
207000	-2168.776613346211	-1808.4031405630053	-360.37347278320584	-1808.4031405630053	172.71174021072991	0.02205250872744357	2.913276776717239	0.0014673611902878778	1.8280156584096093E-4	4.4503840591297985	44.10453207582219	-348.9449181309507	
208000	-2175.871179733136	-1820.1951745272781	-355.676005205858	-1820.1951745272781	176.8596008682792	0.017580965223337297	2.7177416747871597	0.0013382817205702159	1.6925580762229913E-4	3.6942812367227336	37.75356294885882	-344.98959721712964	
209000	-2175.8626038647058	-1810.2241696743063	-365.6384341903994	-1810.2241696743063	184.05874722853486	0.019070177234069452	2.700958836505766	0.0015711619240860537	1.992648677520968E-4	3.722944570433319	44.65293093217613	-354.8345396583166	
210000	-2175.9526561096463	-1812.0921815330635	-363.86047457658276	-1812.0921815330635	226.44640308395444	0.019579121536317207	2.9281881732978894	0.0010137972519513709	1.4017543473610246E-4	4.430894816653936	44.79708433267661	-352.37160075060797	
211000	-2181.4555998518235	-1812.896733689256	-368.55886616256737	-1812.896733689256	151.44567786553483	0.019579121536317207	2.8928942846663857	0.0013533098556820229	1.4812514048219145E-4	4.492023750295667	45.84662276604112	-357.15272610948585	
212000	-2167.883213279033	-1805.5788938575943	-362.3043194214387	-1805.5788938575943	155.4301147311491	0.020291044409495744	2.865278398232122	0.001539429780038829	1.672400501885672E-4	4.025720517104043	38.35349415814049	-351.1594912149242	
213000	-2165.9773693049983	-1809.548308786168	-356.42906051883006	-1809.548308786168	155.35053769631122	0.020291044409495744	2.77913780718759	0.0016714503716902024	2.0069764845446713E-4	3.535380858759749	33.22895350680341	-345.6861039767629	
214000	-2164.0888066818757	-1808.1996011567142	-355.8892055251617	-1808.1996011567142	131.9148685917549	0.020291044409495744	2.77913780718759	0.0018640692794101128	2.0266484641815602E-4	3.614360513415814	44.49704971634193	-344.85424768407756	
215000	-2150.0800369994167	-1799.8837089231813	-350.19632807623543	-1799.8837089231813	133.11062462232155	0.020291044409495744	2.8042933378740376	0.001889764069226341	1.9277727457651182E-4	3.8414630033920365	29.25366646066872	-339.5053140692382	
216000	-2160.194029015799	-1805.5251255719686	-354.66890344383063	-1805.5251255719686	135.37750834039753	0.02119577287356657	2.765246787397361	0.0019419834751499617	2.310688515079931E-4	3.800615022179897	43.153850231046135	-343.7062740757633	
217000	-2179.3887650271804	-1817.5119300485057	-361.8768349786745	-1817.5119300485057	160.5729736219026	0.0175476228597932	2.79201463247378	0.0014542736339449372	1.4962617665784502E-4	4.173416172104536	39.268739725296655	-350.9282369112448	
218000	-2193.8177995427727	-1818.3405811846776	-375.4772183580953	-1818.3405811846776	146.82630664999	0.01837341325479365	2.901918296533465	0.0014650785482226137	1.3844743991281794E-4	4.427764446942076	46.472916562846564	-364.0304353962073	
219000	-2189.178198592966	-1808.8046334220085	-380.3735651709577	-1808.8046334220085	178.89147031793075	0.01861151562330273	2.885921641628045	0.0013402713581492885	1.4135682485730516E-4	4.588238243586698	53.39730691885923	-368.8358863641999	
220000	-2186.7251012277657	-1805.1945940812118	-381.5305071465539	-1805.1945940812118	168.12161723006537	0.01987790953518734	2.9230666292246115	0.0014075089262152382	1.4728909372061793E-4	4.764107564113681	50.14425214733367	-369.94423865023333	
221000	-2192.4509401913447	-1812.4482129415571	-380.0027272497877	-1812.4482129415571	161.33994829089372	0.0218682174452687	3.0199307056304296	0.0015365415454915243	1.5161846878452073E-4	4.872499439561478	51.9944689640274	-368.08960400989844	
222000	-2175.1278092039774	-1810.1779147212617	-364.94989448271565	-1810.1779147212617	152.74616375597438	0.02157076073483618	2.9755523602949476	0.0017540961334463134	1.6121723350433044E-4	4.576246429706769	42.72075594093054	-353.36637205077375	
223000	-2161.0337704578674	-1803.435714338071	-357.59805611979635	-1803.435714338071	127.35269653049973	0.025882045153590952	3.008778471851774	0.0018353845034196077	2.152413584354706E-4	4.827634330249995	35.1624997080705	-346.10955010858186	
224000	-2184.293564922981	-1819.6523117124432	-364.64125321053814	-1819.6523117124432	130.76948492029726	0.02655489091181287	2.980134237108723	0.0019108816846486673	2.386428444265574E-4	4.6354710109362305	40.657172413322165	-353.0934933996346	
225000	-2181.548647528391	-1809.4131752587691	-372.13547226962197	-1809.4131752587691	140.709627843658	0.022975779202057966	3.0643622406745084	0.0017924209551151648	1.660290046906305E-4	4.161935278318785	44.203328242323245	-360.2513783548058	
226000	-2179.370105130964	-1806.0283865941938	-373.34171853677026	-1806.0283865941938	149.51646947106207	0.02082192407578673	3.0802017598830256	0.0014923718674232883	1.2756154871731843E-4	4.491501357864311	53.15857002160546	-361.2256220638815	
227000	-2209.491215693728	-1827.6863866400581	-381.80482905366966	-1827.6863866400581	130.4976999564016	0.02082192407578673	2.9568715704401987	0.0019510871671675973	1.5477693914366352E-4	4.433899688672634	59.077394189754365	-369.9531911356109	
228000	-2195.859467473976	-1819.3393926251592	-376.52007484881665	-1819.3393926251592	138.4997875229958	0.016742560403555658	2.9392526889216617	0.0014992190767729363	1.0589453094602144E-4	4.461113516412837	46.04825288907822	-364.97045738917916	
229000	-2180.8555453554977	-1806.1330575869454	-374.7224877685524	-1806.1330575869454	134.6623815962081	0.016647747105784906	2.9245729110262375	0.0016209641843600276	1.0726800457528244E-4	4.3977258964429575	51.70018328407824	-363.10114254286816	
230000	-2191.193916334882	-1816.4481921552313	-374.74572417965067	-1816.4481921552313	130.67868063024355	0.015227569561523118	2.9241764205829113	0.001631001742215093	8.779768291198053E-5	4.357134118322336	43.445948738095204	-363.2995122631754	
231000	-2184.237622053713	-1808.7748057499994	-375.46281630371374	-1808.7748057499994	130.69608663246066	0.013809859948290077	2.831596465126171	0.0018671970900882824	8.358786459707339E-5	4.144597825293967	52.48498365213218	-364.105362535097	
232000	-2178.9897595755433	-1804.612168795484	-374.37759078005917	-1804.612168795484	130.94542957499652	0.013809859948290077	2.8796147605426783	0.0017056962116741203	8.636684666694005E-5	3.8915138789967623	42.367101062553246	-363.0902226785529	
233000	-2193.3247961456327	-1806.3176179856341	-387.00717815999843	-1806.3176179856341	129.01238063206068	0.012695606997261313	2.806663479787342	0.001679226918761268	7.349721007294922E-5	3.916408761012636	60.76746858407691	-375.5780033414571	
234000	-2185.582913164151	-1810.0134942760792	-375.56941888807154	-1810.0134942760792	130.21414831881805	0.013311434411079464	2.861014475532128	0.0015654243434684546	7.248828009190484E-5	4.402726514996872	41.819632606624495	-364.3508634561118	
235000	-2185.432397872151	-1806.9216413336685	-378.51075653848255	-1806.9216413336685	129.410048652036	0.013548524770612172	2.9563145760419087	0.001524745963473758	6.453147778017146E-5	4.897428094506161	42.56010610795298	-366.9887207827859	
236000	-2175.2259217511682	-1805.5068765690658	-369.7190451821024	-1805.5068765690658	130.7643507979451	0.011434332685096544	2.762876673523803	0.001713168399045628	6.619724190398449E-5	3.9095190416548444	44.01460021430787	-358.74377710737315	
237000	-2167.684172623189	-1801.772731500572	-365.91144112261725	-1801.772731500572	133.50601536872213	0.014913753884658838	2.8439930561751425	0.001804270741867681	9.529806215764029E-5	4.399709836011274	47.74514395113952	-354.6114436001182	
238000	-2171.725682107024	-1807.5165887048513	-364.2090934021727	-1807.5165887048513	134.4288400374082	0.014913753884658838	2.910110180290626	0.0017049425848650835	8.58487966530925E-5	4.41555214304668	37.94467642045902	-352.94047281937725	
239000	-2178.4030730481436	-1819.7683385398627	-358.63473450828087	-1819.7683385398627	134.4288400374082	0.014394421881557498	2.8771591730862167	0.0018380832802271136	8.66882623304026E-5	4.061842349729713	40.0964555393697	-347.40981810874894	
240000	-2178.0029237966282	-1814.5875336252138	-363.4153901714142	-1814.5875336252138	134.15852005219264	0.016833148558620746	2.964612845549241	0.0018724294128706072	1.0659460933835567E-4	4.281951767036395	41.52124282670171	-351.89316928401854	
241000	-2183.2019271447957	-1821.1762551899833	-362.0256719548124	-1821.1762551899833	134.42679514162478	0.01687416825853132	2.964612845549241	0.0016714524893527787	1.1717610286521075E-4	4.144172595723102	38.26330036478434	-350.58516501724574	
242000	-2182.777083206896	-1811.7243355155047	-371.05274769139135	-1811.7243355155047	134.93820266646625	0.01687416825853132	2.9704654527211076	0.0017997089081926334	1.0921143052139685E-4	4.054032633518991	48.94252127552475	-359.3485258237648	
243000	-2181.0662855689934	-1813.8348302498168	-367.2314553191765	-1813.8348302498168	131.56877588785065	0.0193217825273243	3.060212778742508	0.0016444191683763845	1.186299008916041E-4	4.369895030313176	40.60836197573638	-355.4446371155739	
244000	-2167.0311690488757	-1799.6078693115228	-367.4232997373527	-1799.6078693115228	132.51078368611968	0.021221822267142452	3.0442485047693544	0.0017640109846522138	1.473747113320325E-4	4.289652411974702	47.604365332917126	-355.5254286851179	
245000	-2181.6974954166703	-1806.5082022462466	-375.18929317042375	-1806.5082022462466	130.16084087063842	0.021221822267142452	3.2134835743144983	0.0015932744122148677	1.0290816083154831E-4	4.708096036712723	51.97449025438189	-362.69583757348175	
246000	-2184.5545065668357	-1804.0491884461987	-380.5053181206372	-1804.0491884461987	130.16084087063842	0.021221822267142452	3.142520587288473	0.0016620727516769508	1.2971575836399096E-4	4.420501473052449	48.68742195783484	-368.29010508126925	
247000	-2197.906446914119	-1803.5285194641513	-394.37792744996784	-1803.5285194641513	128.71461734702476	0.018413970807284054	3.1028341201568517	0.0016558378152338085	1.0681332128191001E-4	4.419657237832508	53.76399529774086	-382.1826024290876	
248000	-2196.2527481704465	-1799.6189717104535	-396.63377645999276	-1799.6189717104535	128.9854323856218	0.014074874922206484	2.959694067714163	0.0015733482451141694	8.278067620294435E-5	3.9567958856316356	70.16680974697518	-384.60164314989714	
249000	-2187.7275573194784	-1804.3701177999108	-383.35743951956755	-1804.3701177999108	132.53055144982906	0.014495339603438278	3.0035929991422243	0.0016430433829083158	8.261224903769112E-5	4.0168679864605235	58.116892033987256	-371.38201528550354	
250000	-2191.1547138051396	-1805.4275060697685	-385.72720773537117	-1805.4275060697685	135.0523481783113	0.01184885554764394	2.949982737478107	0.0014693609866980417	6.121253327591549E-5	3.7898776917570896	58.184433463968084	-373.91146888056863	
251000	-2184.548463388821	-1797.734646798508	-386.81381659031274	-1797.734646798508	137.86624442077482	0.01184885554764394	2.882665858714516	0.0015926668573492595	9.040953008014232E-5	3.5364897792915038	60.45515457324688	-375.16176457813697	
252000	-2184.793536652628	-1792.2435739422979	-392.5499627103303	-1792.2435739422979	143.6818772966392	0.011102007764928671	2.9030841187748564	0.001347638218692995	7.668015567786274E-5	3.559427115138569	50.85726043728626	-381.0095287415742	
253000	-2182.2742344665667	-1796.7275607411952	-385.54667372537153	-1796.7275607411952	149.40981318244002	0.010170146468075061	2.8805743318684516	0.0012640900807305972	5.2135237322680674E-5	3.5102003866524116	61.083486282317565	-373.89055720867395	
254000	-2188.191171396709	-1797.9590998860976	-390.2320715106112	-1797.9590998860976	145.5171990536384	0.011441885596939533	2.931704931816647	0.0013148798926277284	6.046035141631119E-5	3.5329748594670165	66.6725198535797	-378.3349965375606	
255000	-2172.4237813616446	-1783.3427109021704	-389.0810704594742	-1783.3427109021704	146.76228322329925	0.012361734067479637	2.9391780634293916	0.0014447941607370605	7.371421749549612E-5	3.383808496906278	53.16981806320524	-377.38787581553504	
256000	-2177.7675141158675	-1794.444301862651	-383.3232122532166	-1794.444301862651	156.49917975141523	0.012810935703431149	2.922643197685408	0.0013648095326472245	7.658001042165E-5	3.6569694783904727	57.22031399821097	-371.606209098014	
257000	-2174.5799696158842	-1799.4471562092333	-375.1328134066511	-1799.4471562092333	137.90773224400368	0.011920730249127563	2.8581162824145694	0.0016298689254556698	7.491166883346042E-5	3.540840960509502	48.63577755210552	-363.7719599087446	
258000	-2180.62180600646	-1799.6165019315154	-381.00530407494455	-1799.6165019315154	140.34419674194388	0.01188357075441157	2.9093364257248724	0.0015956336678285593	6.949684353440572E-5	3.5844810724976495	52.252787023047546	-369.4190409736454	
259000	-2183.956825432603	-1800.7533358338057	-383.2034895987975	-1800.7533358338057	154.19669347889098	0.009485534586429398	2.7632263750040846	0.0014347933051564248	5.830751279082346E-5	3.287693630120434	57.064530590792934	-371.96751097353325	
260000	-2169.557527907664	-1785.3229233007871	-384.23460460687687	-1785.3229233007871	164.9625179073017	0.008687156381197778	2.794908482384088	0.001370343540197729	4.502107215370871E-5	3.791396651913386	54.94174457367634	-372.9414794626674	
261000	-2177.543838272523	-1800.1246826728695	-377.4191555996532	-1800.1246826728695	147.2112492729834	0.009520804747921757	2.8507838245725807	0.0014378495798318856	1.4741385171245083E-4	4.732952996351433	43.945508625178874	-366.181710672844	
262000	-2164.763930840775	-1790.2462679308844	-374.5176629098906	-1790.2462679308844	134.83273086311405	0.010524257064733606	2.974719821145164	0.0014237456910510089	1.5295522376803966E-4	4.665520137185479	44.61089687928665	-362.8933450810954	
263000	-2161.645913453001	-1794.9823158822383	-366.66359757076276	-1794.9823158822383	137.46376334294612	0.008807277642942377	2.8603117691830313	0.0014473694216749582	1.240077952672316E-4	4.49585824088735	43.90941995437321	-355.3983875029224	
264000	-2161.010749544883	-1792.111937431607	-368.8988121132757	-1792.111937431607	140.364878090553	0.008807277642942377	2.746750173312813	0.0016095439924987299	1.4229276357475534E-4	4.252873683283941	50.964765735277986	-357.82531525351357	
265000	-2170.243315996186	-1796.5849459148915	-373.65837008129455	-1796.5849459148915	131.85390484870612	0.009653054707221533	2.8003242652366236	0.0015764130821890622	2.6764592573873134E-4	4.474951534038863	38.81773402962576	-362.69639219312825	
266000	-2155.5878415168827	-1790.7065358161015	-364.88130570078107	-1790.7065358161015	131.85390484870612	0.009653054707221533	2.7056576756064725	0.001679852720988859	1.8757299736152784E-4	4.017835792148126	34.61570860757997	-354.317925604116	
267000	-2148.8986247480666	-1792.5990496739337	-356.29957507413303	-1792.5990496739337	126.5359778265389	0.009653054707221533	2.7056576756064725	0.0017894859247173896	9.038357755527451E-5	3.182811079326491	38.61315916015816	-345.6269094332427	
268000	-2145.605962649008	-1789.0703176868637	-356.5356449621441	-1789.0703176868637	125.97731940026944	0.009012266626511717	2.676210235646723	0.001668010948848536	8.094729342888572E-5	3.3139842839271965	38.83641825766966	-345.94556518421325	
269000	-2161.6030564674184	-1789.5992925027886	-372.0037639646297	-1789.5992925027886	135.6305785354547	0.00904048967470853	2.6392129539437286	0.0016357971329058337	9.923052589133879E-5	3.5293332735672447	46.06168375690704	-361.35406410394245	
270000	-2163.317947260689	-1792.8673949582992	-370.4505523023896	-1792.8673949582992	136.48933276355518	0.008055342110517814	2.5858372264523704	0.0015909686068316146	1.549261254730384E-4	3.7323415304352436	46.184766671176284	-359.958327069966	
271000	-2170.0764372971516	-1794.970743435029	-375.1056938621227	-1794.970743435029	140.98073390873648	0.006969771367035078	2.4218684173676723	0.0016690030618732566	1.144803082143669E-4	3.7632408454422994	43.374165287886115	-365.16821027650104	
272000	-2165.0150581854587	-1787.968706426988	-377.0463517584708	-1787.968706426988	158.42144419201523	0.007826654783247716	2.393275571309123	0.001659186244117118	1.38059068510542E-4	3.8915952663950764	59.296171728094464	-366.88197453752025	
273000	-2159.070610828746	-1791.221162014403	-367.8494488143428	-1791.221162014403	139.91339507350975	0.00879219103574984	2.4396330027033897	0.0017773170346255748	1.740969868127114E-4	3.8697730965955888	46.37626834247527	-357.7917422665474	
274000	-2164.6194055764613	-1797.4390817815663	-367.18032379489495	-1797.4390817815663	141.78284579776522	0.008098091538696969	2.537883233482265	0.0015853298969691928	1.4193741335750368E-4	4.139810824881352	44.04949772084978	-356.87931099716315	
275000	-2147.5222853789046	-1786.0797887608826	-361.4424966180222	-1786.0797887608826	154.04159489665793	0.008156705771720577	2.537883233482265	0.0015597991351506096	8.404802386732356E-5	3.5217983147406846	44.82459428933814	-351.1240408016702	
276000	-2161.379421484268	-1793.3882114252433	-367.9912100590247	-1793.3882114252433	154.9849539850065	0.0074029686910960495	2.438254998953169	0.0014177370160200536	7.475270085644302E-5	3.2927319039730487	46.08731625910327	-357.9438880294104	
277000	-2145.581932466552	-1783.0806899971917	-362.50124246936065	-1783.0806899971917	198.22028437329985	0.007914950772427999	2.624541677187638	0.001172761030435466	7.20616820317783E-5	3.7041882483695976	45.5578736918214	-351.90655882323335	
278000	-2146.382842964191	-1775.1909251489803	-371.19191781521033	-1775.1909251489803	253.35021705254124	0.009325936205828226	2.7656940227585225	0.0010384255975917855	8.251169689783471E-5	4.174673304255919	52.6496520215641	-360.02905862013614	
279000	-2158.9367519838866	-1778.741931481666	-380.19482050222047	-1778.741931481666	200.72211526835883	0.009076656604060101	2.6922946419842257	0.00136480585678346	8.587193115131247E-5	4.027409545326276	49.0808344666428	-369.3223724788957	
280000	-2156.9899931880736	-1775.1391470502117	-381.85084613786205	-1775.1391470502117	267.6134588671683	0.009076656604060101	2.8172829953331275	9.399763449274647E-4	7.257508363147256E-5	4.196793981481219	54.27938667844594	-370.50271964042076	
281000	-2156.9456065248874	-1773.1059876652969	-383.8396188595903	-1773.1059876652969	251.54330062831394	0.008936221783636443	2.741705245725111	0.00100564495601586	1.4377744612109562E-4	4.779870870338985	51.656197353708215	-372.7677826463955	
282000	-2157.4519195119005	-1774.5644509604083	-382.88746855149213	-1774.5644509604083	190.64633386345713	0.009278620944121753	2.676478609141281	0.0012085309543791594	1.6546759685293587E-4	4.575745877341624	49.06588832572278	-372.06277793927757	
283000	-2172.595829499803	-1779.8054296023495	-392.79039989745377	-1779.8054296023495	224.44384299987217	0.008974445280516816	2.643827637140824	0.0011725199481169145	1.5797304523263963E-4	4.712279571721609	60.34400915115546	-381.85677437788473	
284000	-2170.5956098916604	-1776.6562971420892	-393.93931274957095	-1776.6562971420892	187.12614892880856	0.008964693224011078	2.639325472256799	0.0012010051123055576	1.5346311024824438E-4	4.848092429463166	64.0195623686277	-382.9600680509753	
285000	-2173.9048392676955	-1778.0162669582066	-395.8885723094888	-1778.0162669582066	218.82850176266467	0.008964693224011078	2.6689833649862984	0.001000532285180003	1.4959716068503227E-4	5.162481288278943	57.28013111539459	-384.9315799214358	
286000	-2155.213913180923	-1771.3485385897445	-383.8653745911784	-1771.3485385897445	191.49831399970708	0.009400250390292653	2.6420858420796263	0.0011831820746339829	1.680446078372366E-4	5.154966728927999	47.966455490331576	-373.1665347309336	
287000	-2163.2184437306037	-1780.6133058886658	-382.6051378419379	-1780.6133058886658	217.47585266214168	0.009780838167990939	2.733144069397315	0.0010611072464607194	1.7282275166189496E-4	4.917987456612751	55.59200547205274	-371.4855584977467	
288000	-2162.9325582533193	-1778.14117994312	-384.7913783101994	-1778.14117994312	266.5712016983618	0.010048453492063514	2.7804341909228323	0.0010169103198393171	9.347825167095349E-5	4.041525186362639	59.204138014605256	-373.4669623790782	
289000	-2161.893712551461	-1783.1022144420522	-378.7914981094085	-1783.1022144420522	214.30806104324282	0.010326699215541892	2.9445722258367004	0.0010525582570576088	8.035998362748518E-5	4.08574137491859	47.19807328512334	-367.2012571940252	
290000	-2163.969792796255	-1779.5736734034037	-384.39611939285123	-1779.5736734034037	182.95452392331953	0.010060829994557562	2.8404466007341176	0.0012512802980016809	9.223534719470727E-5	3.731969158951877	56.50466060152187	-372.93831654184225	
291000	-2177.3935177953663	-1784.8926014382532	-392.5009163571131	-1784.8926014382532	179.3467601978665	0.012943395173431335	2.8367115292395804	0.0015065486081417953	1.504301000755537E-4	3.8725143097438037	57.04520142707444	-381.0447990034314	
292000	-2167.3077202138156	-1776.434934446586	-390.87278576722935	-1776.434934446586	208.64684157911864	0.012804980795526397	3.0366498604731134	0.0010086987530059436	6.444986384790082E-5	3.9483420567284724	52.76360636866319	-378.8948157136783	
293000	-2170.083398325226	-1779.1241092552127	-390.9592890700134	-1779.1241092552127	251.48445088096855	0.011936644462117884	2.945769808086043	0.0010262767526717379	1.1390135189674753E-4	3.5830391084795914	58.88106941123314	-379.1442884832888	
294000	-2183.0607832703945	-1794.4859480379941	-388.57483523240046	-1794.4859480379941	199.4550108928206	0.011249331500025387	2.945769808086043	0.001251166396177782	6.708914481638892E-5	3.414820555416667	51.92053748867371	-376.885639857897	
295000	-2174.7538490396532	-1788.1842754806282	-386.5695735590251	-1788.1842754806282	180.60360008727093	0.011249331500025387	2.808124538049331	0.001421285965234756	8.197316525655483E-5	3.2548853083363256	50.54053479404673	-375.32029403342824	
296000	-2165.0561928808975	-1781.2901707338317	-383.7660221470659	-1781.2901707338317	152.3352579754167	0.011544174008891185	2.7633641521929118	0.001368937479858527	1.0035306384259162E-4	3.8158736132301776	47.49589261768974	-372.7131696559055	
297000	-2164.335954029326	-1781.1914221413892	-383.1445318879364	-1781.1914221413892	166.59085611139457	0.010182023288396793	2.784535275681481	0.001262225264443937	7.519158523394744E-5	3.8461911718829933	49.06911461508762	-371.99557310379794	
298000	-2165.542607826914	-1787.240807398552	-378.30180042836184	-1787.240807398552	233.66632796316597	0.010888157866380014	2.7388310153805326	0.0010460708604767197	9.1955221821504E-5	3.614620963429986	50.778031090289154	-367.2557341422164	
299000	-2150.2799763473313	-1776.7955134062368	-373.4844629410944	-1776.7955134062368	183.30486958738916	0.012685181726867865	2.862056177370773	0.0013833023433791648	1.5554692707143235E-4	3.6895431618423027	54.19706777739285	-362.00352119299305	
300000	-2165.446369291446	-1774.1017196858843	-391.34464960556153	-1774.1017196858843	145.20707347432167	0.012539965621235556	2.850043529068301	0.001364302535199215	1.479640716937247E-4	4.07978408431441	55.58964844121301	-379.8743792086483	
301000	-2169.6112061161652	-1770.4201359696215	-399.19107014654395	-1770.4201359696215	247.13558080131125	0.013643503927447755	2.946043188545086	9.625882337192343E-4	1.5016104793247746E-4	4.277580664037913	65.1387881694039	-387.27424877703396	
302000	-2171.687264011125	-1778.707748476905	-392.9795155342199	-1778.707748476905	144.661061266706	0.015322243406741619	2.9371747264451185	0.0013490123704670894	3.2670110197214957E-4	5.453047661022614	47.94944205933671	-381.3956752426338	
303000	-2179.207336043849	-1780.7235636823016	-398.4837723615473	-1780.7235636823016	185.84394156274993	0.015296972911314813	2.921165081682887	0.0011840300212500824	3.3541501203639026E-4	5.133031519776782	53.98700549925101	-386.8293695942956	
304000	-2177.6383006657707	-1782.3451900602636	-395.293110605507	-1782.3451900602636	144.07661052258612	0.015296972911314813	2.9556366985025275	0.0014681490513314321	3.195853011544431E-4	5.03419459305747	67.45839665154647	-383.3125149620241	
305000	-2179.275310428343	-1786.5659496603655	-392.70936076797756	-1786.5659496603655	144.1745181367242	0.01228927417760944	2.839688826007599	0.0013457811119712401	2.3731225377307145E-4	4.947411173813174	61.313280588891736	-381.1721581232144	
306000	-2184.7712596612528	-1783.3218675227524	-401.44939213850057	-1783.3218675227524	145.95774287051117	0.010060920384099708	2.8854630561034527	0.0011940673511327163	1.536808319014722E-4	4.913568239396626	68.7156906372294	-389.66087197166377	
307000	-2175.842797581432	-1777.4729616438428	-398.36983593758924	-1777.4729616438428	167.42387074619734	0.010493520322913964	2.8456178476362863	0.0012627253453119786	9.620911133770609E-5	3.9330412449219323	69.89618133939392	-386.6838299002077	
308000	-2178.7930213070035	-1782.0567974971716	-396.7362238098318	-1782.0567974971716	181.74994806673578	0.013674524618019917	2.981802686102509	0.0012281394878197692	1.297246146500419E-4	4.2067302044062505	69.18791014935874	-384.6518072763879	
