#
#model:
#
#<?xml version="1.0" encoding="UTF-8" standalone="no"?><input id="posterior" spec="beast.core.util.CompoundDistribution">
#    <distribution id="prior" spec="beast.core.util.CompoundDistribution">
#        <distribution id="CoalescentConstant.t:geo_structure" spec="beast.evolution.tree.coalescent.Coalescent">
#            <populationModel id="ConstantPopulation.t:geo_structure" spec="beast.evolution.tree.coalescent.ConstantPopulation">
#                <parameter id="popSize.t:geo_structure" name="popSize">0.3</parameter>
#            </populationModel>
#            <treeIntervals id="TreeIntervals.t:geo_structure" spec="beast.evolution.tree.coalescent.TreeIntervals">
#                <tree id="Tree.t:geo_structure">
#                    <trait id="dateTrait.t:geo_structure" spec="beast.evolution.tree.TraitSet" traitname="date-backward">
#A0_0=0,
#A1_0.35=0.35,
#A2_0.7=0.7,
#A3_0.78=0.78,
#A4_0.25=0.25,
#A5_0.31=0.31,
#A6_0.85=0.85,
#A7_0.56=0.56,
#A8_0.04=0.04,
#A9_0.53=0.53,
#B0_0.06=0.06,
#B1_0.12=0.12,
#B2_0.6=0.6,
#B3_0.61=0.61,
#B4_0.74=0.74,
#B5_0.22=0.22,
#B6_0.68=0.68,
#B7_0.16=0.16,
#B8_0.41=0.41,
#B9_0.7=0.7,
#C0_0.13=0.13,
#C1_0.48=0.48,
#C2_0.7=0.7,
#C3_0.88=0.88,
#C4_0.2=0.2,
#C5_0.53=0.53,
#C6_0.2=0.2,
#C7_0.46=0.46,
#C8_0.62=0.62,
#C9_0.78=0.78,
#D0_0.26=0.26,
#D1_0.42=0.42,
#D2_0.37=0.37,
#D3_0.22=0.22,
#D4_0.68=0.68,
#D5_0.99=0.99,
#D6_0.95=0.95,
#D7_0.28=0.28,
#D8_0.52=0.52,
#D9_0.98=0.98,
#E0_0.56=0.56,
#E1_0.52=0.52,
#E2_0.75=0.75,
#E3_0.05=0.05,
#E4_0.76=0.76,
#E5_0.11=0.11,
#E6_0.75=0.75,
#E7_0.28=0.28,
#E8_0.82=0.82,
#E9_1=1
#                                    <taxa id="TaxonSet.geo_structure" spec="beast.evolution.alignment.TaxonSet">
#                        </taxa>
#                    </trait>
#                    <taxonset idref="TaxonSet.geo_structure"/>
#                </tree>
#            </treeIntervals>
#        </distribution>
#        <prior id="ClockPrior.c:geo_structure" name="distribution">
#            <parameter id="clockRate.c:geo_structure" name="x">1.0</parameter>
#            <Uniform id="Uniform.0" name="distr" upper="Infinity"/>
#        </prior>
#        <prior id="PopSizePrior.t:geo_structure" name="distribution" x="@popSize.t:geo_structure">
#            <OneOnX id="OneOnX.0" name="distr"/>
#        </prior>
#        <distribution id="all_taxa.prior" spec="beast.math.distributions.MRCAPrior" tree="@Tree.t:geo_structure">
#            <taxonset id="all_taxa" spec="beast.evolution.alignment.TaxonSet">
#                <taxon id="A0_0" spec="beast.evolution.alignment.Taxon"/>
#                <taxon id="A1_0.35" spec="beast.evolution.alignment.Taxon"/>
#                <taxon id="A2_0.7" spec="beast.evolution.alignment.Taxon"/>
#                <taxon id="A3_0.78" spec="beast.evolution.alignment.Taxon"/>
#                <taxon id="A4_0.25" spec="beast.evolution.alignment.Taxon"/>
#                <taxon id="A5_0.31" spec="beast.evolution.alignment.Taxon"/>
#                <taxon id="A6_0.85" spec="beast.evolution.alignment.Taxon"/>
#                <taxon id="A7_0.56" spec="beast.evolution.alignment.Taxon"/>
#                <taxon id="A8_0.04" spec="beast.evolution.alignment.Taxon"/>
#                <taxon id="A9_0.53" spec="beast.evolution.alignment.Taxon"/>
#                <taxon id="B0_0.06" spec="beast.evolution.alignment.Taxon"/>
#                <taxon id="B1_0.12" spec="beast.evolution.alignment.Taxon"/>
#                <taxon id="B2_0.6" spec="beast.evolution.alignment.Taxon"/>
#                <taxon id="B3_0.61" spec="beast.evolution.alignment.Taxon"/>
#                <taxon id="B4_0.74" spec="beast.evolution.alignment.Taxon"/>
#                <taxon id="B5_0.22" spec="beast.evolution.alignment.Taxon"/>
#                <taxon id="B6_0.68" spec="beast.evolution.alignment.Taxon"/>
#                <taxon id="B7_0.16" spec="beast.evolution.alignment.Taxon"/>
#                <taxon id="B8_0.41" spec="beast.evolution.alignment.Taxon"/>
#                <taxon id="B9_0.7" spec="beast.evolution.alignment.Taxon"/>
#                <taxon id="C0_0.13" spec="beast.evolution.alignment.Taxon"/>
#                <taxon id="C1_0.48" spec="beast.evolution.alignment.Taxon"/>
#                <taxon id="C2_0.7" spec="beast.evolution.alignment.Taxon"/>
#                <taxon id="C3_0.88" spec="beast.evolution.alignment.Taxon"/>
#                <taxon id="C4_0.2" spec="beast.evolution.alignment.Taxon"/>
#                <taxon id="C5_0.53" spec="beast.evolution.alignment.Taxon"/>
#                <taxon id="C6_0.2" spec="beast.evolution.alignment.Taxon"/>
#                <taxon id="C7_0.46" spec="beast.evolution.alignment.Taxon"/>
#                <taxon id="C8_0.62" spec="beast.evolution.alignment.Taxon"/>
#                <taxon id="C9_0.78" spec="beast.evolution.alignment.Taxon"/>
#                <taxon id="D0_0.26" spec="beast.evolution.alignment.Taxon"/>
#                <taxon id="D1_0.42" spec="beast.evolution.alignment.Taxon"/>
#                <taxon id="D2_0.37" spec="beast.evolution.alignment.Taxon"/>
#                <taxon id="D3_0.22" spec="beast.evolution.alignment.Taxon"/>
#                <taxon id="D4_0.68" spec="beast.evolution.alignment.Taxon"/>
#                <taxon id="D5_0.99" spec="beast.evolution.alignment.Taxon"/>
#                <taxon id="D6_0.95" spec="beast.evolution.alignment.Taxon"/>
#                <taxon id="D7_0.28" spec="beast.evolution.alignment.Taxon"/>
#                <taxon id="D8_0.52" spec="beast.evolution.alignment.Taxon"/>
#                <taxon id="D9_0.98" spec="beast.evolution.alignment.Taxon"/>
#                <taxon id="E0_0.56" spec="beast.evolution.alignment.Taxon"/>
#                <taxon id="E1_0.52" spec="beast.evolution.alignment.Taxon"/>
#                <taxon id="E2_0.75" spec="beast.evolution.alignment.Taxon"/>
#                <taxon id="E3_0.05" spec="beast.evolution.alignment.Taxon"/>
#                <taxon id="E4_0.76" spec="beast.evolution.alignment.Taxon"/>
#                <taxon id="E5_0.11" spec="beast.evolution.alignment.Taxon"/>
#                <taxon id="E6_0.75" spec="beast.evolution.alignment.Taxon"/>
#                <taxon id="E7_0.28" spec="beast.evolution.alignment.Taxon"/>
#                <taxon id="E8_0.82" spec="beast.evolution.alignment.Taxon"/>
#                <taxon id="E9_1" spec="beast.evolution.alignment.Taxon"/>
#            </taxonset>
#            <Normal id="Normal.06" name="distr">
#                <parameter estimate="false" id="RealParameter.78" name="mean">100.0</parameter>
#                <parameter estimate="false" id="RealParameter.77" name="sigma">0.1</parameter>
#            </Normal>
#        </distribution>
#        <distribution id="location_B.prior" monophyletic="true" spec="beast.math.distributions.MRCAPrior" tree="@Tree.t:geo_structure">
#            <taxonset id="location_B" spec="beast.evolution.alignment.TaxonSet">
#                <taxon idref="A0_0"/>
#                <taxon idref="A1_0.35"/>
#                <taxon idref="A2_0.7"/>
#                <taxon idref="A3_0.78"/>
#                <taxon idref="A4_0.25"/>
#                <taxon idref="A5_0.31"/>
#                <taxon idref="A6_0.85"/>
#                <taxon idref="A7_0.56"/>
#                <taxon idref="A8_0.04"/>
#                <taxon idref="A9_0.53"/>
#                <taxon idref="B0_0.06"/>
#                <taxon idref="B1_0.12"/>
#                <taxon idref="B2_0.6"/>
#                <taxon idref="B3_0.61"/>
#                <taxon idref="B4_0.74"/>
#                <taxon idref="B5_0.22"/>
#                <taxon idref="B6_0.68"/>
#                <taxon idref="B7_0.16"/>
#                <taxon idref="B8_0.41"/>
#                <taxon idref="B9_0.7"/>
#                <taxon idref="C0_0.13"/>
#                <taxon idref="C1_0.48"/>
#                <taxon idref="C2_0.7"/>
#                <taxon idref="C3_0.88"/>
#                <taxon idref="C4_0.2"/>
#            </taxonset>
#            <Normal id="Normal.86" name="distr">
#                <parameter estimate="false" id="RealParameter.67" name="mean">0.5</parameter>
#                <parameter estimate="false" id="RealParameter.68" name="sigma">0.01</parameter>
#            </Normal>
#        </distribution>
#        <distribution id="location_A.prior" monophyletic="true" spec="beast.math.distributions.MRCAPrior" tree="@Tree.t:geo_structure">
#            <taxonset id="location_A" spec="beast.evolution.alignment.TaxonSet">
#                <taxon idref="C5_0.53"/>
#                <taxon idref="C6_0.2"/>
#                <taxon idref="C7_0.46"/>
#                <taxon idref="C8_0.62"/>
#                <taxon idref="C9_0.78"/>
#                <taxon idref="D0_0.26"/>
#                <taxon idref="D1_0.42"/>
#                <taxon idref="D2_0.37"/>
#                <taxon idref="D3_0.22"/>
#                <taxon idref="D4_0.68"/>
#                <taxon idref="D5_0.99"/>
#                <taxon idref="D6_0.95"/>
#                <taxon idref="D7_0.28"/>
#                <taxon idref="D8_0.52"/>
#                <taxon idref="D9_0.98"/>
#                <taxon idref="E0_0.56"/>
#                <taxon idref="E1_0.52"/>
#                <taxon idref="E2_0.75"/>
#                <taxon idref="E3_0.05"/>
#                <taxon idref="E4_0.76"/>
#                <taxon idref="E5_0.11"/>
#                <taxon idref="E6_0.75"/>
#                <taxon idref="E7_0.28"/>
#                <taxon idref="E8_0.82"/>
#                <taxon idref="E9_1"/>
#            </taxonset>
#            <Normal id="Normal.66" name="distr">
#                <parameter estimate="false" id="RealParameter.69" name="mean">1.0</parameter>
#                <parameter estimate="false" id="RealParameter.70" name="sigma">0.01</parameter>
#            </Normal>
#        </distribution>
#    </distribution>
#</input>
#
Sample	posterior	likelihood	prior	treeLikelihood.geo_structure	TreeHeight.t:geo_structure	clockRate.c:geo_structure	popSize.t:geo_structure	CoalescentConstant.t:geo_structure	monophyletic(all_taxa)	logP(mrca(all_taxa))	mrcatime(all_taxa)	
0	-472563.66546663723	NaN	-472563.66546663723	NaN	3.9770380707986126	1.0	0.3	-172.80731720243554	1	-461019.0772362831	3.9770380707986126	
1000	-68606.71802252144	NaN	-68606.71802252144	NaN	100.85921472647713	2.6492381090994375	2.0352929682934766	-202.41438985784828	1	-35.52885074996944	100.85921472647713	
2000	-53769.433004330145	NaN	-53769.433004330145	NaN	98.68992571292483	2.9222996351407464	5.470991489240409	-139.51023847022424	1	-84.43108532298602	98.68992571292483	
3000	-29487.29726225968	NaN	-29487.29726225968	NaN	96.96784296615287	3.457727909352228	8.53107877470664	-146.25537646373763	1	-458.3151673356411	96.96784296615287	
4000	-19712.69627362322	NaN	-19712.69627362322	NaN	100.42183984144812	3.4937362909084126	8.709037521156551	-146.78981310310604	1	-7.513796031859316	100.42183984144812	
5000	-12802.625227946934	NaN	-12802.625227946934	NaN	100.19435255574103	2.996298430990142	5.619591360234284	-137.8703883341685	1	-0.504999236364212	100.19435255574103	
6000	-12214.89588794413	NaN	-12214.89588794413	NaN	98.5099966725837	4.082428278810855	5.718917305778963	-138.98072375776218	1	-109.62184922579344	98.5099966725837	
7000	-11666.345621186818	NaN	-11666.345621186818	NaN	98.68312767179535	21.32128266209512	7.559787870071799	-140.74809295129975	1	-85.32398987976777	98.68312767179535	
8000	-8575.29976915044	NaN	-8575.29976915044	NaN	97.5671721767726	35.73778315769992	5.290939027078663	-131.6596289608251	1	-294.5489143136787	97.5671721767726	
9000	-8281.440421582178	NaN	-8281.440421582178	NaN	99.83336660612743	10.609952716253504	4.370495346048805	-132.5356272541345	1	-0.004687837885225976	99.83336660612743	
10000	-5227.747831805344	NaN	-5227.747831805344	NaN	99.97670529276431	9.008060860535299	3.7943535441625835	-128.96326026513597	1	1.3565143905295425	99.97670529276431	
11000	-5230.835662871974	NaN	-5230.835662871974	NaN	99.97670529276431	14.372086310874925	6.779200968257761	-131.4707461402928	1	1.3565143905295425	99.97670529276431	
12000	-5113.623563348687	NaN	-5113.623563348687	NaN	99.38985416265336	59.9330699735694	5.500044234729656	-137.61739302309002	1	-17.230250581781988	99.38985416265336	
13000	-4007.0831543831296	NaN	-4007.0831543831296	NaN	98.73912232167984	46.39835848960065	5.347355908921393	-125.82718933561138	1	-78.10697942451199	98.73912232167984	
14000	-3958.6396778574654	NaN	-3958.6396778574654	NaN	99.16169203517988	12.291786037997108	4.239828557017401	-121.96840598255365	1	-33.754365634252984	99.16169203517988	
15000	-3767.9766590719164	NaN	-3767.9766590719164	NaN	100.47614316318426	13.723191134144521	5.110208410712551	-126.46388545246528	1	-9.951969032566325	100.47614316318426	
16000	-2723.4939949557943	NaN	-2723.4939949557943	NaN	99.29213941292805	23.056321227725974	5.405242711889981	-124.32533650504026	1	-23.669683976702803	99.29213941292805	
17000	-2699.8205068857174	NaN	-2699.8205068857174	NaN	100.04334138170785	12.115211675064971	4.361112070792596	-125.82589747124197	1	1.2897227913721065	100.04334138170785	
18000	-2713.7944216907026	NaN	-2713.7944216907026	NaN	100.1900326355624	179.96498832406323	5.650609868020421	-137.82907952207586	1	-0.4219735691502826	100.1900326355624	
19000	-2519.0122634799054	NaN	-2519.0122634799054	NaN	100.01456304806678	855.1465050258314	5.097743866646709	-127.34080108369726	1	1.3730424413396112	100.01456304806678	
20000	-2520.7847588470595	NaN	-2520.7847588470595	NaN	100.01456304806678	713.1995960516164	5.156471598662007	-129.1018419667271	1	1.3730424413396112	100.01456304806678	
21000	-2401.835111472864	NaN	-2401.835111472864	NaN	100.01456304806678	892.9258508460827	3.3632015832766617	-122.64841035795781	1	1.3730424413396112	100.01456304806678	
22000	-2285.511737315422	NaN	-2285.511737315422	NaN	100.09577805460673	4100.241557765274	4.00402320231817	-119.64142088781726	1	0.9249747725769285	100.09577805460673	
23000	-2256.947060332674	NaN	-2256.947060332674	NaN	100.03815354417203	1405.680533148126	4.292079684199847	-122.28431314329418	1	1.310861913145009	100.03815354417203	
24000	-2160.0116028834	NaN	-2160.0116028834	NaN	99.75772502495417	2740.2980378677444	5.07555808170307	-127.25297382430367	1	-1.5512116168835244	99.75772502495417	
25000	-2145.219533453871	NaN	-2145.219533453871	NaN	99.8960837003296	9288.714317149805	4.676878934796866	-124.395092707626	1	0.8437166929299318	99.8960837003296	
26000	-1992.9113396548787	NaN	-1992.9113396548787	NaN	99.95197077963002	22170.78193195623	3.3845911097134267	-120.3526215117273	1	1.2683062593219523	99.95197077963002	
27000	-1977.983796470774	NaN	-1977.983796470774	NaN	99.74057581611356	2743.0756886399918	2.8374642233123066	-122.77671247711251	1	-1.9813987994678393	99.74057581611356	
28000	-1424.8154631744255	NaN	-1424.8154631744255	NaN	99.97614915103031	69090.29977331085	3.792764191179655	-112.76406929178596	1	1.3552034099606323	99.97614915103031	
29000	-1430.9872332339787	NaN	-1430.9872332339787	NaN	99.97614915103031	1.344448551541225E7	4.2182355636612066	-118.82951751489982	1	1.3552034099606323	99.97614915103031	
30000	-1264.2033606015307	NaN	-1264.2033606015307	NaN	100.03320104066438	1.0499099150013916E9	6.323594919053119	-122.37098299943436	1	1.3285311047294812	100.03320104066438	
31000	-1261.4603393553225	NaN	-1261.4603393553225	NaN	100.03320104066438	1.7132151507957616E14	4.855183552336825	-119.89220270808129	1	1.3285311047294812	100.03320104066438	
32000	-1256.4158904952885	NaN	-1256.4158904952885	NaN	100.03320104066438	4.3273271839051489E18	3.8537030938455428	-115.0787662273595	1	1.3285311047294812	100.03320104066438	
33000	-1186.7064456474066	NaN	-1186.7064456474066	NaN	100.03320104066438	4.311032443075753E21	4.620960058808164	-117.93817699956885	1	1.3285311047294812	100.03320104066438	
34000	-1184.9657457786384	NaN	-1184.9657457786384	NaN	100.03320104066438	2.8225298763400616E26	5.021900985793606	-116.11427107479214	1	1.3285311047294812	100.03320104066438	
35000	-1152.8798725650458	NaN	-1152.8798725650458	NaN	100.03320104066438	3.537654281332908E29	3.7085056749255028	-109.46372424048366	1	1.3285311047294812	100.03320104066438	
36000	-1159.4304215799493	NaN	-1159.4304215799493	NaN	99.68507016565947	6.436611548585282E33	3.5265948361138983	-111.16064492527765	1	-3.5753934680983734	99.68507016565947	
37000	-1161.1092013250916	NaN	-1161.1092013250916	NaN	99.59243218258959	2.413473729855669E36	3.559941964609199	-115.5357910413391	1	-6.921929729644884	99.59243218258959	
38000	-1143.3592632819682	NaN	-1143.3592632819682	NaN	100.24799228905809	3.71750106860178E36	3.822159445199368	-110.14437157649785	1	-1.691362211824176	100.24799228905809	
39000	-1062.8166121696968	NaN	-1062.8166121696968	NaN	99.85897438813693	6.700772516754969E42	3.8889026092461316	-110.85724602147357	1	0.38923539972169174	99.85897438813693	
40000	-1026.0333682930489	NaN	-1026.0333682930489	NaN	100.11777564519912	9.345074356269541E42	3.238762740528119	-112.38265813284818	1	0.6900914296859562	100.11777564519912	
41000	-1028.0488633185694	NaN	-1028.0488633185694	NaN	100.11777564519912	5.375450155239119E46	4.054897109587345	-114.17341923150374	1	0.6900914296859562	100.11777564519912	
42000	-1031.7412899853541	NaN	-1031.7412899853541	NaN	100.11777564519912	5.801889740396507E50	4.448879138543935	-117.77311902634693	1	0.6900914296859562	100.11777564519912	
43000	-1027.4684602509958	NaN	-1027.4684602509958	NaN	100.11777564519912	6.017821521786889E54	4.166552030490759	-113.56585263488155	1	0.6900914296859562	100.11777564519912	
44000	-1029.176928095415	NaN	-1029.176928095415	NaN	100.19118528645875	1.7183580627281594E58	3.8960393196676564	-114.20741328602135	1	-0.44394412812629036	100.19118528645875	
45000	-1032.1512343993566	NaN	-1032.1512343993566	NaN	99.84405652140936	1.1558375071027654E64	4.600899382641686	-117.62710052782808	1	0.16772813404185238	99.84405652140936	
46000	-955.9154467595695	NaN	-955.9154467595695	NaN	99.80847048426148	1.00243080082655E69	3.43507299665978	-122.75881875198877	1	-0.45053121016228426	99.80847048426148	
47000	-950.086213663956	NaN	-950.086213663956	NaN	100.08933338874148	1.6356461115692933E72	3.8758355769372272	-118.24401761310271	1	0.9846238425875558	100.08933338874148	
48000	-946.2112635500582	NaN	-946.2112635500582	NaN	100.08933338874148	9.940804553099492E72	4.588252036317721	-114.20032963995509	1	0.9846238425875558	100.08933338874148	
49000	-947.750594250354	NaN	-947.750594250354	NaN	99.93700653577054	6.557038045551506E75	5.4105703212705665	-115.7754188551087	1	1.1852377330079333	99.93700653577054	
50000	-951.0289839684041	NaN	-951.0289839684041	NaN	100.06626850364327	6.178676165011883E79	3.458062901298048	-119.48028760113863	1	1.1640708310334555	100.06626850364327	
51000	-948.5185178395094	NaN	-948.5185178395094	NaN	100.06626850364327	3.5878570972560825E85	3.4964260267165614	-116.95878873786222	1	1.1640708310334555	100.06626850364327	
52000	-949.5797957198173	NaN	-949.5797957198173	NaN	100.06626850364327	3.4364295485870076E87	3.3803329292272406	-118.05383372531237	1	1.1640708310334555	100.06626850364327	
53000	-950.7251488736306	NaN	-950.7251488736306	NaN	99.87221931305488	2.969891114024672E90	5.017513879405874	-118.20740704660474	1	0.567251361981093	99.87221931305488	
54000	-948.2650376348238	NaN	-948.2650376348238	NaN	99.87221931305488	4.0789821095343927E95	3.878660048831353	-116.00474062993258	1	0.567251361981093	99.87221931305488	
55000	-937.6128679158609	NaN	-937.6128679158609	NaN	100.07494648927783	3.5553465258257434E99	4.795074583209211	-118.95371538945479	1	1.1027977470357422	100.07494648927783	
56000	-936.7057929737086	NaN	-936.7057929737086	NaN	100.07494648927783	3.3683859040137315E101	3.9255854798442806	-118.24671420293863	1	1.1027977470357422	100.07494648927783	
57000	-932.386876901727	NaN	-932.386876901727	NaN	99.85328192532224	1.488802048342376E104	3.8997745640664796	-113.13893403142313	1	0.30733688793187186	99.85328192532224	
58000	-934.9171075419667	NaN	-934.9171075419667	NaN	99.85328192532224	2.0011046356266316E110	3.115038969483239	-115.89384175661357	1	0.30733688793187186	99.85328192532224	
59000	-899.0597134649593	NaN	-899.0597134649593	NaN	99.85328192532224	5.493052084406091E112	3.317786011120835	-115.10679845260756	1	0.30733688793187186	99.85328192532224	
60000	-898.6416909547612	NaN	-898.6416909547612	NaN	99.85328192532224	3.1281875203760783E118	3.377203984390814	-114.67102549516117	1	0.30733688793187186	99.85328192532224	
61000	-897.1280139889509	NaN	-897.1280139889509	NaN	99.8656488142462	2.795765994209423E121	4.252652069577847	-113.1006514844492	1	0.4811345041167635	99.8656488142462	
62000	-855.128867378157	NaN	-855.128867378157	NaN	99.91209724646406	2.4532128682666822E123	3.140959326786781	-109.302766612477	1	0.997301855829339	99.91209724646406	
63000	-859.1394304501224	NaN	-859.1394304501224	NaN	99.91209724646406	1.8763994454867363E128	4.046290722497853	-113.06005736532218	1	0.997301855829339	99.91209724646406	
64000	-857.6567129643134	NaN	-857.6567129643134	NaN	99.85157953918274	3.715604438195856E129	3.574367174451422	-110.9862653681393	1	0.2822149003289347	99.85157953918274	
65000	-856.1273228505684	NaN	-856.1273228505684	NaN	99.85157953918274	3.479785674250609E132	3.342067494045718	-109.5240737750577	1	0.2822149003289347	99.85157953918274	
66000	-856.2593224030966	NaN	-856.2593224030966	NaN	99.85157953918274	3.205048050754893E136	3.921912168857819	-109.49608362021453	1	0.2822149003289347	99.85157953918274	
67000	-859.3130359134152	NaN	-859.3130359134152	NaN	99.85157953918274	5.294129319009774E139	2.8629705034461015	-112.86451674018923	1	0.2822149003289347	99.85157953918274	
68000	-856.4488681646183	NaN	-856.4488681646183	NaN	99.85151294853937	2.3595099682517835E142	3.67101489624173	-109.75351790414821	1	0.2812263372157213	99.85151294853937	
69000	-858.2474803130016	NaN	-858.2474803130016	NaN	99.85151294853937	1.3905239899215212E144	3.483922147894936	-111.6044395017231	1	0.2812263372157213	99.85151294853937	
70000	-858.243839895558	NaN	-858.243839895558	NaN	100.00471276127293	7.024617973730572E144	4.4607898034437765	-112.45494167771506	1	1.382536053848593	100.00471276127293	
71000	-859.2121024070548	NaN	-859.2121024070548	NaN	100.00471276127293	1.3295042846777686E146	4.186967436716966	-113.48655331576809	1	1.382536053848593	100.00471276127293	
72000	-850.9468336774329	NaN	-850.9468336774329	NaN	100.167718626311	2.6675975986104135E147	3.4176718374924953	-110.54612261809746	1	-0.022830320793073344	100.167718626311	
73000	-851.6933933042609	NaN	-851.6933933042609	NaN	100.15296158517566	3.886729914624107E153	3.924874937847934	-111.39092188076567	1	0.21378423281683467	100.15296158517566	
74000	-849.8321138414137	NaN	-849.8321138414137	NaN	100.15296158517566	8.949643646658311E151	2.7567650424104317	-109.88291899946077	1	0.21378423281683467	100.15296158517566	
75000	-840.3603939529613	NaN	-840.3603939529613	NaN	99.92538003432847	3.2085989645982514E154	5.001346710824712	-113.48428384769697	1	1.1052395959483534	99.92538003432847	
76000	-839.5101871366788	NaN	-839.5101871366788	NaN	100.02259001624684	1.1910708279758849E156	4.675670431824785	-112.95430321155109	1	1.3581311180877533	100.02259001624684	
77000	-835.4661243259685	NaN	-835.4661243259685	NaN	100.02259001624684	1.159391011535276E156	3.185780231711852	-109.29391573144261	1	1.3581311180877533	100.02259001624684	
78000	-836.8993480223179	NaN	-836.8993480223179	NaN	100.02259001624684	1.7095781186123282E160	3.7072857170611653	-110.57553666131763	1	1.3581311180877533	100.02259001624684	
79000	-841.5547941141031	NaN	-841.5547941141031	NaN	100.1299006103827	1.713111238063731E163	3.9934330553856143	-114.33843848628203	1	0.5399381308994018	100.1299006103827	
80000	-843.2713874674359	NaN	-843.2713874674359	NaN	100.19125200914947	1.4705017541920313E164	4.571510832092652	-114.93468124605737	1	-0.44521999039599036	100.19125200914947	
81000	-842.0851788510862	NaN	-842.0851788510862	NaN	100.20732045163297	1.2573904142668313E165	3.896861634932411	-113.5879229245391	1	-0.7654419234754919	100.20732045163297	
82000	-839.89816446348	NaN	-839.89816446348	NaN	100.09386264839821	3.416392688634729E168	3.398948393647844	-113.24619261437891	1	0.9431367215730284	100.09386264839821	
83000	-838.9594427967982	NaN	-838.9594427967982	NaN	100.09242584174511	6.369897293378529E172	3.5395461499110374	-112.33439941435284	1	0.9565197486747545	100.09242584174511	
84000	-836.2267355238289	NaN	-836.2267355238289	NaN	100.09242584174511	6.544052393354027E176	4.127781965793127	-109.44795044565015	1	0.9565197486747545	100.09242584174511	
85000	-834.0958875314046	NaN	-834.0958875314046	NaN	100.09242584174511	2.994780975740856E180	3.625641204272732	-107.44681150504431	1	0.9565197486747545	100.09242584174511	
86000	-835.7865774441811	NaN	-835.7865774441811	NaN	99.90830116979633	7.286299767039132E182	3.367714488542833	-109.21799129152471	1	0.9632127867533115	99.90830116979633	
87000	-830.4932975055805	NaN	-830.4932975055805	NaN	99.89243410865289	8.915616875578673E190	2.9299931724114714	-104.50390069630498	1	0.8051255107244878	99.89243410865289	
88000	-837.8263838079974	NaN	-837.8263838079974	NaN	99.85152901736498	5.365820099039425E195	3.552960055663481	-111.12054543179713	1	0.2814649255589772	99.85152901736498	
89000	-840.3645914209825	NaN	-840.3645914209825	NaN	100.08975613447075	2.227053761204969E199	3.8938726620397306	-114.2665033644597	1	0.9808383760328327	100.08975613447075	
90000	-833.5698102438713	NaN	-833.5698102438713	NaN	99.90882693405567	3.979162333474007E199	3.1465840088868395	-107.67199075598542	1	0.968020162104896	99.90882693405567	
91000	-836.230888219843	NaN	-836.230888219843	NaN	99.90882693405567	1.3304656124916602E203	4.264955877205196	-110.02895431917024	1	0.968020162104896	99.90882693405567	
92000	-843.0287973409712	NaN	-843.0287973409712	NaN	99.77892388387976	7.706600674241226E206	3.8984875035525506	-114.88860055929905	1	-1.0600858961512098	99.77892388387976	
93000	-841.3559644997893	NaN	-841.3559644997893	NaN	99.79040893614963	3.8527476536100814E209	3.1099981852565577	-113.68904598740131	1	-0.8127741425070825	99.79040893614963	
94000	-834.1755436690771	NaN	-834.1755436690771	NaN	100.17744941094875	1.7766876177484836E212	3.020188181487357	-107.15993418815859	1	-0.1907681125136056	100.17744941094875	
95000	-837.3477483843694	NaN	-837.3477483843694	NaN	100.17744941094875	4.182553281763521E216	3.494731269635615	-110.18620156186438	1	-0.1907681125136056	100.17744941094875	
96000	-839.539708346403	NaN	-839.539708346403	NaN	100.17744941094875	1.1475516047390452E220	3.3131862473941713	-112.43150766780022	1	-0.1907681125136056	100.17744941094875	
97000	-840.8503416721352	NaN	-840.8503416721352	NaN	100.17744941094875	5.13314397337194E222	4.81277861420112	-113.36877674061473	1	-0.1907681125136056	100.17744941094875	
98000	-831.4974811166222	NaN	-831.4974811166222	NaN	99.94286848466875	5.574066902158264E226	3.038479426305892	-105.8870477454338	1	1.2204460575871319	99.94286848466875	
99000	-836.8753260673018	NaN	-836.8753260673018	NaN	100.24469794407071	4.943960497631348E229	3.188573053894772	-108.38602271006918	1	-1.6102076318321987	100.24469794407071	
100000	-844.9402372042802	NaN	-844.9402372042802	NaN	100.24469794407071	3.244060994833373E231	4.36053849183227	-116.1379117882038	1	-1.6102076318321987	100.24469794407071	
